Loading Investment Problem data manager...
Generating NN-E dataset for machine learning...
 PROBLEM: Investment Problem
 Num processes: 16
Set parameter TokenServer to value "lic-gurobi.aalto.fi"
Set parameter TokenServer to value "lic-gurobi.aalto.fi"
Set parameter TokenServer to value "lic-gurobi.aalto.fi"
Set parameter TokenServer to value "lic-gurobi.aalto.fi"
Set parameter TokenServer to value "lic-gurobi.aalto.fi"
Set parameter TokenServer to value "lic-gurobi.aalto.fi"
Set parameter TokenServer to value "lic-gurobi.aalto.fi"
Set parameter TokenServer to value "lic-gurobi.aalto.fi"
Set parameter TokenServer to value "lic-gurobi.aalto.fi"
Set parameter TokenServer to value "lic-gurobi.aalto.fi"
Set parameter TokenServer to value "lic-gurobi.aalto.fi"
Set parameter TokenServer to value "lic-gurobi.aalto.fi"
Set parameter TokenServer to value "lic-gurobi.aalto.fi"
Set parameter TokenServer to value "lic-gurobi.aalto.fi"
Set parameter TokenServer to value "lic-gurobi.aalto.fi"
Set parameter TokenServer to value "lic-gurobi.aalto.fi"
Solving LP 75000/250935, 29.89%
Solving LP 77000/250935, 30.69%
Solving LP 79000/250935, 31.48%
Solving LP 81000/250935, 32.28%
Solving LP 83000/250935, 33.08%
Solving LP 85000/250935, 33.87%
Solving LP 87000/250935, 34.67%
Solving LP 89000/250935, 35.47%
Solving LP 91000/250935, 36.26%
Solving LP 93000/250935, 37.06%
Solving LP 95000/250935, 37.86%
Solving LP 97000/250935, 38.66%
Solving LP 99000/250935, 39.45%
Solving LP 101000/250935, 40.25%
Solving LP 103000/250935, 41.05%
Solving LP 105000/250935, 41.84%
Solving LP 107000/250935, 42.64%
Solving LP 109000/250935, 43.44%
Solving LP 111000/250935, 44.23%
Solving LP 113000/250935, 45.03%
Solving LP 115000/250935, 45.83%
Solving LP 117000/250935, 46.63%
Solving LP 119000/250935, 47.42%
Solving LP 121000/250935, 48.22%
Solving LP 123000/250935, 49.02%
Solving LP 125000/250935, 49.81%
Solving LP 127000/250935, 50.61%
Solving LP 129000/250935, 51.41%
Solving LP 131000/250935, 52.20%
Solving LP 133000/250935, 53.00%
Solving LP 135000/250935, 53.80%
Solving LP 137000/250935, 54.60%
Solving LP 139000/250935, 55.39%
Solving LP 141000/250935, 56.19%
Solving LP 143000/250935, 56.99%
Solving LP 145000/250935, 57.78%
Solving LP 147000/250935, 58.58%
Solving LP 149000/250935, 59.38%
Solving LP 151000/250935, 60.17%
Solving LP 153000/250935, 60.97%
Solving LP 155000/250935, 61.77%
Solving LP 157000/250935, 62.57%
Solving LP 159000/250935, 63.36%
Solving LP 161000/250935, 64.16%
Solving LP 163000/250935, 64.96%
Solving LP 165000/250935, 65.75%
Solving LP 167000/250935, 66.55%
Solving LP 169000/250935, 67.35%
Solving LP 171000/250935, 68.15%
Solving LP 173000/250935, 68.94%
Solving LP 175000/250935, 69.74%
Solving LP 177000/250935, 70.54%
Solving LP 179000/250935, 71.33%
Solving LP 181000/250935, 72.13%
Solving LP 183000/250935, 72.93%
Solving LP 185000/250935, 73.72%
Solving LP 187000/250935, 74.52%
Solving LP 189000/250935, 75.32%
Solving LP 191000/250935, 76.12%
Solving LP 193000/250935, 76.91%
Solving LP 195000/250935, 77.71%
Solving LP 197000/250935, 78.51%
Solving LP 199000/250935, 79.30%
Solving LP 201000/250935, 80.10%
Solving LP 203000/250935, 80.90%
Solving LP 205000/250935, 81.69%
Solving LP 207000/250935, 82.49%
Solving LP 209000/250935, 83.29%
Solving LP 211000/250935, 84.09%
Solving LP 213000/250935, 84.88%
Solving LP 215000/250935, 85.68%
Solving LP 217000/250935, 86.48%
Solving LP 219000/250935, 87.27%
Solving LP 221000/250935, 88.07%
Solving LP 223000/250935, 88.87%
Solving LP 225000/250935, 89.66%
Solving LP 227000/250935, 90.46%
Solving LP 229000/250935, 91.26%
Solving LP 231000/250935, 92.06%
Solving LP 233000/250935, 92.85%
Solving LP 235000/250935, 93.65%
Solving LP 237000/250935, 94.45%
Solving LP 239000/250935, 95.24%
Solving LP 241000/250935, 96.04%
Solving LP 243000/250935, 96.84%
Solving LP 245000/250935, 97.63%
Solving LP 247000/250935, 98.43%
Solving LP 249000/250935, 99.23%
Solving LP 2000/250935, 0.80%
Solving LP 4000/250935, 1.59%
Solving LP 6000/250935, 2.39%
Solving LP 8000/250935, 3.19%
Solving LP 10000/250935, 3.99%
Solving LP 12000/250935, 4.78%
Solving LP 14000/250935, 5.58%
Solving LP 16000/250935, 6.38%
Solving LP 18000/250935, 7.17%
Solving LP 20000/250935, 7.97%
Solving LP 22000/250935, 8.77%
Solving LP 24000/250935, 9.56%
Solving LP 26000/250935, 10.36%
Solving LP 28000/250935, 11.16%
Solving LP 30000/250935, 11.96%
Solving LP 32000/250935, 12.75%
Solving LP 34000/250935, 13.55%
Solving LP 36000/250935, 14.35%
Solving LP 38000/250935, 15.14%
Solving LP 40000/250935, 15.94%
Solving LP 42000/250935, 16.74%
Solving LP 44000/250935, 17.53%
Solving LP 46000/250935, 18.33%
Solving LP 48000/250935, 19.13%
Solving LP 50000/250935, 19.93%
Solving LP 52000/250935, 20.72%
Solving LP 54000/250935, 21.52%
Solving LP 56000/250935, 22.32%
Solving LP 58000/250935, 23.11%
Solving LP 60000/250935, 23.91%
Solving LP 62000/250935, 24.71%
Solving LP 64000/250935, 25.50%
Solving LP 66000/250935, 26.30%
Solving LP 68000/250935, 27.10%
Solving LP 70000/250935, 27.90%
Solving LP 72000/250935, 28.69%
Solving LP 74000/250935, 29.49%
Solving LP 76000/250935, 30.29%
Solving LP 78000/250935, 31.08%
Solving LP 80000/250935, 31.88%
Solving LP 82000/250935, 32.68%
Solving LP 84000/250935, 33.47%
Solving LP 86000/250935, 34.27%
Solving LP 88000/250935, 35.07%
Solving LP 90000/250935, 35.87%
Solving LP 92000/250935, 36.66%
Solving LP 94000/250935, 37.46%
Solving LP 96000/250935, 38.26%
Solving LP 98000/250935, 39.05%
Solving LP 100000/250935, 39.85%
Solving LP 102000/250935, 40.65%
Solving LP 104000/250935, 41.44%
Solving LP 106000/250935, 42.24%
Solving LP 108000/250935, 43.04%
Solving LP 110000/250935, 43.84%
Solving LP 112000/250935, 44.63%
Solving LP 114000/250935, 45.43%
Solving LP 116000/250935, 46.23%
Solving LP 118000/250935, 47.02%
Solving LP 120000/250935, 47.82%
Solving LP 122000/250935, 48.62%
Solving LP 124000/250935, 49.42%
Solving LP 126000/250935, 50.21%
Solving LP 128000/250935, 51.01%
Solving LP 130000/250935, 51.81%
Solving LP 132000/250935, 52.60%
Solving LP 134000/250935, 53.40%
Solving LP 136000/250935, 54.20%
Solving LP 138000/250935, 54.99%
Solving LP 140000/250935, 55.79%
Solving LP 142000/250935, 56.59%
Solving LP 144000/250935, 57.39%
Solving LP 146000/250935, 58.18%
Solving LP 148000/250935, 58.98%
Solving LP 150000/250935, 59.78%
Solving LP 152000/250935, 60.57%
Solving LP 154000/250935, 61.37%
Solving LP 156000/250935, 62.17%
Solving LP 158000/250935, 62.96%
Solving LP 160000/250935, 63.76%
Solving LP 162000/250935, 64.56%
Solving LP 164000/250935, 65.36%
Solving LP 166000/250935, 66.15%
Solving LP 168000/250935, 66.95%
Solving LP 170000/250935, 67.75%
Solving LP 172000/250935, 68.54%
Solving LP 174000/250935, 69.34%
Solving LP 176000/250935, 70.14%
Solving LP 178000/250935, 70.93%
Solving LP 180000/250935, 71.73%
Solving LP 182000/250935, 72.53%
Solving LP 184000/250935, 73.33%
Solving LP 186000/250935, 74.12%
Solving LP 188000/250935, 74.92%
Solving LP 190000/250935, 75.72%
Solving LP 192000/250935, 76.51%
Solving LP 194000/250935, 77.31%
Solving LP 196000/250935, 78.11%
Solving LP 198000/250935, 78.90%
Solving LP 200000/250935, 79.70%
Solving LP 202000/250935, 80.50%
Solving LP 204000/250935, 81.30%
Solving LP 206000/250935, 82.09%
Solving LP 208000/250935, 82.89%
Solving LP 210000/250935, 83.69%
Solving LP 212000/250935, 84.48%
Solving LP 214000/250935, 85.28%
Solving LP 216000/250935, 86.08%
Solving LP 218000/250935, 86.88%
Solving LP 220000/250935, 87.67%
Solving LP 222000/250935, 88.47%
Solving LP 224000/250935, 89.27%
Solving LP 226000/250935, 90.06%
Solving LP 228000/250935, 90.86%
Solving LP 230000/250935, 91.66%
Solving LP 232000/250935, 92.45%
Solving LP 234000/250935, 93.25%
Solving LP 236000/250935, 94.05%
Solving LP 238000/250935, 94.85%
Solving LP 240000/250935, 95.64%
Solving LP 242000/250935, 96.44%
Solving LP 244000/250935, 97.24%
Solving LP 246000/250935, 98.03%
Solving LP 248000/250935, 98.83%
Solving LP 250000/250935, 99.63%
Solving LP 1000/250935, 0.40%
Solving LP 3000/250935, 1.20%
Solving LP 5000/250935, 1.99%
Solving LP 7000/250935, 2.79%
Solving LP 9000/250935, 3.59%
Solving LP 11000/250935, 4.38%
Solving LP 13000/250935, 5.18%
Solving LP 15000/250935, 5.98%
Solving LP 17000/250935, 6.77%
Solving LP 19000/250935, 7.57%
Solving LP 21000/250935, 8.37%
Solving LP 23000/250935, 9.17%
Solving LP 25000/250935, 9.96%
Solving LP 27000/250935, 10.76%
Solving LP 29000/250935, 11.56%
Solving LP 31000/250935, 12.35%
Solving LP 33000/250935, 13.15%
Solving LP 35000/250935, 13.95%
Solving LP 37000/250935, 14.74%
Solving LP 39000/250935, 15.54%
Solving LP 41000/250935, 16.34%
Solving LP 43000/250935, 17.14%
Solving LP 45000/250935, 17.93%
Solving LP 47000/250935, 18.73%
Solving LP 49000/250935, 19.53%
Solving LP 51000/250935, 20.32%
Solving LP 53000/250935, 21.12%
Solving LP 55000/250935, 21.92%
Solving LP 57000/250935, 22.72%
Solving LP 59000/250935, 23.51%
Solving LP 61000/250935, 24.31%
Solving LP 63000/250935, 25.11%
Solving LP 65000/250935, 25.90%
Solving LP 67000/250935, 26.70%
Solving LP 69000/250935, 27.50%
Solving LP 71000/250935, 28.29%
Solving LP 73000/250935, 29.09%
python -m nsp.scripts.run_dm --problem ip_i_E --mode GEN_DATASET_E --n_procs 16
