Loading Investment Problem data manager...
Generating NN-E dataset for machine learning...
 PROBLEM: Investment Problem
 Num processes: 16
Set parameter TokenServer to value "lic-gurobi.aalto.fi"
Set parameter TokenServer to value "lic-gurobi.aalto.fi"
Set parameter TokenServer to value "lic-gurobi.aalto.fi"
Set parameter TokenServer to value "lic-gurobi.aalto.fi"
Set parameter TokenServer to value "lic-gurobi.aalto.fi"
Set parameter TokenServer to value "lic-gurobi.aalto.fi"
Set parameter TokenServer to value "lic-gurobi.aalto.fi"
Set parameter TokenServer to value "lic-gurobi.aalto.fi"
Set parameter TokenServer to value "lic-gurobi.aalto.fi"
Set parameter TokenServer to value "lic-gurobi.aalto.fi"
Set parameter TokenServer to value "lic-gurobi.aalto.fi"
Set parameter TokenServer to value "lic-gurobi.aalto.fi"
Set parameter TokenServer to value "lic-gurobi.aalto.fi"
Set parameter TokenServer to value "lic-gurobi.aalto.fi"
Set parameter TokenServer to value "lic-gurobi.aalto.fi"
Set parameter TokenServer to value "lic-gurobi.aalto.fi"
Solving LP 174000/247711, 70.24%
Solving LP 176000/247711, 71.05%
Solving LP 178000/247711, 71.86%
Solving LP 180000/247711, 72.67%
Solving LP 182000/247711, 73.47%
Solving LP 184000/247711, 74.28%
Solving LP 186000/247711, 75.09%
Solving LP 188000/247711, 75.89%
Solving LP 190000/247711, 76.70%
Solving LP 192000/247711, 77.51%
Solving LP 194000/247711, 78.32%
Solving LP 196000/247711, 79.12%
Solving LP 198000/247711, 79.93%
Solving LP 200000/247711, 80.74%
Solving LP 202000/247711, 81.55%
Solving LP 204000/247711, 82.35%
Solving LP 206000/247711, 83.16%
Solving LP 208000/247711, 83.97%
Solving LP 210000/247711, 84.78%
Solving LP 212000/247711, 85.58%
Solving LP 214000/247711, 86.39%
Solving LP 216000/247711, 87.20%
Solving LP 218000/247711, 88.01%
Solving LP 220000/247711, 88.81%
Solving LP 222000/247711, 89.62%
Solving LP 224000/247711, 90.43%
Solving LP 226000/247711, 91.24%
Solving LP 228000/247711, 92.04%
Solving LP 230000/247711, 92.85%
Solving LP 232000/247711, 93.66%
Solving LP 234000/247711, 94.46%
Solving LP 236000/247711, 95.27%
Solving LP 238000/247711, 96.08%
Solving LP 240000/247711, 96.89%
Solving LP 242000/247711, 97.69%
Solving LP 244000/247711, 98.50%
Solving LP 246000/247711, 99.31%
Solving LP 1000/247711, 0.40%
Solving LP 3000/247711, 1.21%
Solving LP 5000/247711, 2.02%
Solving LP 7000/247711, 2.83%
Solving LP 9000/247711, 3.63%
Solving LP 11000/247711, 4.44%
Solving LP 13000/247711, 5.25%
Solving LP 15000/247711, 6.06%
Solving LP 17000/247711, 6.86%
Solving LP 19000/247711, 7.67%
Solving LP 21000/247711, 8.48%
Solving LP 23000/247711, 9.29%
Solving LP 25000/247711, 10.09%
Solving LP 27000/247711, 10.90%
Solving LP 29000/247711, 11.71%
Solving LP 31000/247711, 12.51%
Solving LP 33000/247711, 13.32%
Solving LP 35000/247711, 14.13%
Solving LP 37000/247711, 14.94%
Solving LP 39000/247711, 15.74%
Solving LP 41000/247711, 16.55%
Solving LP 43000/247711, 17.36%
Solving LP 45000/247711, 18.17%
Solving LP 47000/247711, 18.97%
Solving LP 49000/247711, 19.78%
Solving LP 51000/247711, 20.59%
Solving LP 53000/247711, 21.40%
Solving LP 55000/247711, 22.20%
Solving LP 57000/247711, 23.01%
Solving LP 59000/247711, 23.82%
Solving LP 61000/247711, 24.63%
Solving LP 63000/247711, 25.43%
Solving LP 65000/247711, 26.24%
Solving LP 67000/247711, 27.05%
Solving LP 69000/247711, 27.86%
Solving LP 71000/247711, 28.66%
Solving LP 73000/247711, 29.47%
Solving LP 75000/247711, 30.28%
Solving LP 77000/247711, 31.08%
Solving LP 79000/247711, 31.89%
Solving LP 81000/247711, 32.70%
Solving LP 83000/247711, 33.51%
Solving LP 85000/247711, 34.31%
Solving LP 87000/247711, 35.12%
Solving LP 89000/247711, 35.93%
Solving LP 91000/247711, 36.74%
Solving LP 93000/247711, 37.54%
Solving LP 95000/247711, 38.35%
Solving LP 97000/247711, 39.16%
Solving LP 99000/247711, 39.97%
Solving LP 101000/247711, 40.77%
Solving LP 103000/247711, 41.58%
Solving LP 105000/247711, 42.39%
Solving LP 107000/247711, 43.20%
Solving LP 109000/247711, 44.00%
Solving LP 111000/247711, 44.81%
Solving LP 113000/247711, 45.62%
Solving LP 115000/247711, 46.43%
Solving LP 117000/247711, 47.23%
Solving LP 119000/247711, 48.04%
Solving LP 121000/247711, 48.85%
Solving LP 123000/247711, 49.65%
Solving LP 125000/247711, 50.46%
Solving LP 127000/247711, 51.27%
Solving LP 129000/247711, 52.08%
Solving LP 131000/247711, 52.88%
Solving LP 133000/247711, 53.69%
Solving LP 135000/247711, 54.50%
Solving LP 137000/247711, 55.31%
Solving LP 139000/247711, 56.11%
Solving LP 141000/247711, 56.92%
Solving LP 143000/247711, 57.73%
Solving LP 145000/247711, 58.54%
Solving LP 147000/247711, 59.34%
Solving LP 149000/247711, 60.15%
Solving LP 151000/247711, 60.96%
Solving LP 153000/247711, 61.77%
Solving LP 155000/247711, 62.57%
Solving LP 157000/247711, 63.38%
Solving LP 159000/247711, 64.19%
Solving LP 161000/247711, 65.00%
Solving LP 163000/247711, 65.80%
Solving LP 165000/247711, 66.61%
Solving LP 167000/247711, 67.42%
Solving LP 169000/247711, 68.22%
Solving LP 171000/247711, 69.03%
Solving LP 173000/247711, 69.84%
Solving LP 175000/247711, 70.65%
Solving LP 177000/247711, 71.45%
Solving LP 179000/247711, 72.26%
Solving LP 181000/247711, 73.07%
Solving LP 183000/247711, 73.88%
Solving LP 185000/247711, 74.68%
Solving LP 187000/247711, 75.49%
Solving LP 189000/247711, 76.30%
Solving LP 191000/247711, 77.11%
Solving LP 193000/247711, 77.91%
Solving LP 195000/247711, 78.72%
Solving LP 197000/247711, 79.53%
Solving LP 199000/247711, 80.34%
Solving LP 201000/247711, 81.14%
Solving LP 203000/247711, 81.95%
Solving LP 205000/247711, 82.76%
Solving LP 207000/247711, 83.57%
Solving LP 209000/247711, 84.37%
Solving LP 211000/247711, 85.18%
Solving LP 213000/247711, 85.99%
Solving LP 215000/247711, 86.79%
Solving LP 217000/247711, 87.60%
Solving LP 219000/247711, 88.41%
Solving LP 221000/247711, 89.22%
Solving LP 223000/247711, 90.02%
Solving LP 225000/247711, 90.83%
Solving LP 227000/247711, 91.64%
Solving LP 229000/247711, 92.45%
Solving LP 231000/247711, 93.25%
Solving LP 233000/247711, 94.06%
Solving LP 235000/247711, 94.87%
Solving LP 237000/247711, 95.68%
Solving LP 239000/247711, 96.48%
Solving LP 241000/247711, 97.29%
Solving LP 243000/247711, 98.10%
Solving LP 245000/247711, 98.91%
Solving LP 247000/247711, 99.71%
Solving LP 2000/247711, 0.81%
Solving LP 4000/247711, 1.61%
Solving LP 6000/247711, 2.42%
Solving LP 8000/247711, 3.23%
Solving LP 10000/247711, 4.04%
Solving LP 12000/247711, 4.84%
Solving LP 14000/247711, 5.65%
Solving LP 16000/247711, 6.46%
Solving LP 18000/247711, 7.27%
Solving LP 20000/247711, 8.07%
Solving LP 22000/247711, 8.88%
Solving LP 24000/247711, 9.69%
Solving LP 26000/247711, 10.50%
Solving LP 28000/247711, 11.30%
Solving LP 30000/247711, 12.11%
Solving LP 32000/247711, 12.92%
Solving LP 34000/247711, 13.73%
Solving LP 36000/247711, 14.53%
Solving LP 38000/247711, 15.34%
Solving LP 40000/247711, 16.15%
Solving LP 42000/247711, 16.96%
Solving LP 44000/247711, 17.76%
Solving LP 46000/247711, 18.57%
Solving LP 48000/247711, 19.38%
Solving LP 50000/247711, 20.18%
Solving LP 52000/247711, 20.99%
Solving LP 54000/247711, 21.80%
Solving LP 56000/247711, 22.61%
Solving LP 58000/247711, 23.41%
Solving LP 60000/247711, 24.22%
Solving LP 62000/247711, 25.03%
Solving LP 64000/247711, 25.84%
Solving LP 66000/247711, 26.64%
Solving LP 68000/247711, 27.45%
Solving LP 70000/247711, 28.26%
Solving LP 72000/247711, 29.07%
Solving LP 74000/247711, 29.87%
Solving LP 76000/247711, 30.68%
Solving LP 78000/247711, 31.49%
Solving LP 80000/247711, 32.30%
Solving LP 82000/247711, 33.10%
Solving LP 84000/247711, 33.91%
Solving LP 86000/247711, 34.72%
Solving LP 88000/247711, 35.53%
Solving LP 90000/247711, 36.33%
Solving LP 92000/247711, 37.14%
Solving LP 94000/247711, 37.95%
Solving LP 96000/247711, 38.75%
Solving LP 98000/247711, 39.56%
Solving LP 100000/247711, 40.37%
Solving LP 102000/247711, 41.18%
Solving LP 104000/247711, 41.98%
Solving LP 106000/247711, 42.79%
Solving LP 108000/247711, 43.60%
Solving LP 110000/247711, 44.41%
Solving LP 112000/247711, 45.21%
Solving LP 114000/247711, 46.02%
Solving LP 116000/247711, 46.83%
Solving LP 118000/247711, 47.64%
Solving LP 120000/247711, 48.44%
Solving LP 122000/247711, 49.25%
Solving LP 124000/247711, 50.06%
Solving LP 126000/247711, 50.87%
Solving LP 128000/247711, 51.67%
Solving LP 130000/247711, 52.48%
Solving LP 132000/247711, 53.29%
Solving LP 134000/247711, 54.10%
Solving LP 136000/247711, 54.90%
Solving LP 138000/247711, 55.71%
Solving LP 140000/247711, 56.52%
Solving LP 142000/247711, 57.32%
Solving LP 144000/247711, 58.13%
Solving LP 146000/247711, 58.94%
Solving LP 148000/247711, 59.75%
Solving LP 150000/247711, 60.55%
Solving LP 152000/247711, 61.36%
Solving LP 154000/247711, 62.17%
Solving LP 156000/247711, 62.98%
Solving LP 158000/247711, 63.78%
Solving LP 160000/247711, 64.59%
Solving LP 162000/247711, 65.40%
Solving LP 164000/247711, 66.21%
Solving LP 166000/247711, 67.01%
Solving LP 168000/247711, 67.82%
Solving LP 170000/247711, 68.63%
Solving LP 172000/247711, 69.44%
python -m nsp.scripts.run_dm --problem ip_b_E --mode GEN_DATASET_E --n_procs 16
