Loading Investment Problem data manager...
Generating NN-E dataset for machine learning...
 PROBLEM: Investment Problem
 Num processes: 16
Set parameter TokenServer to value "lic-gurobi.aalto.fi"
Set parameter TokenServer to value "lic-gurobi.aalto.fi"
Set parameter TokenServer to value "lic-gurobi.aalto.fi"
Set parameter TokenServer to value "lic-gurobi.aalto.fi"
Set parameter TokenServer to value "lic-gurobi.aalto.fi"
Set parameter TokenServer to value "lic-gurobi.aalto.fi"
Set parameter TokenServer to value "lic-gurobi.aalto.fi"
Set parameter TokenServer to value "lic-gurobi.aalto.fi"
Set parameter TokenServer to value "lic-gurobi.aalto.fi"
Set parameter TokenServer to value "lic-gurobi.aalto.fi"
Set parameter TokenServer to value "lic-gurobi.aalto.fi"
Set parameter TokenServer to value "lic-gurobi.aalto.fi"
Set parameter TokenServer to value "lic-gurobi.aalto.fi"
Set parameter TokenServer to value "lic-gurobi.aalto.fi"
Set parameter TokenServer to value "lic-gurobi.aalto.fi"
Set parameter TokenServer to value "lic-gurobi.aalto.fi"
Solving LP 137000/252358, 54.29%
Solving LP 139000/252358, 55.08%
Solving LP 141000/252358, 55.87%
Solving LP 143000/252358, 56.67%
Solving LP 145000/252358, 57.46%
Solving LP 147000/252358, 58.25%
Solving LP 149000/252358, 59.04%
Solving LP 151000/252358, 59.84%
Solving LP 153000/252358, 60.63%
Solving LP 155000/252358, 61.42%
Solving LP 157000/252358, 62.21%
Solving LP 159000/252358, 63.01%
Solving LP 101000/252358, 40.02%
Solving LP 103000/252358, 40.82%
Solving LP 105000/252358, 41.61%
Solving LP 107000/252358, 42.40%
Solving LP 109000/252358, 43.19%
Solving LP 10000/252358, 3.96%
Solving LP 12000/252358, 4.76%
Solving LP 94000/252358, 37.25%
Solving LP 96000/252358, 38.04%
Solving LP 98000/252358, 38.83%
Solving LP 100000/252358, 39.63%
Solving LP 102000/252358, 40.42%
Solving LP 104000/252358, 41.21%
Solving LP 106000/252358, 42.00%
Solving LP 108000/252358, 42.80%
Solving LP 110000/252358, 43.59%
Solving LP 161000/252358, 63.80%
Solving LP 163000/252358, 64.59%
Solving LP 165000/252358, 65.38%
Solving LP 167000/252358, 66.18%
Solving LP 211000/252358, 83.61%
Solving LP 213000/252358, 84.40%
Solving LP 215000/252358, 85.20%
Solving LP 217000/252358, 85.99%
Solving LP 219000/252358, 86.78%
Solving LP 221000/252358, 87.57%
Solving LP 223000/252358, 88.37%
Solving LP 14000/252358, 5.55%
Solving LP 16000/252358, 6.34%
Solving LP 18000/252358, 7.13%
Solving LP 20000/252358, 7.93%
Solving LP 22000/252358, 8.72%
Solving LP 24000/252358, 9.51%
Solving LP 26000/252358, 10.30%
Solving LP 28000/252358, 11.10%
Solving LP 30000/252358, 11.89%
Solving LP 173000/252358, 68.55%
Solving LP 175000/252358, 69.35%
Solving LP 177000/252358, 70.14%
Solving LP 179000/252358, 70.93%
Solving LP 181000/252358, 71.72%
Solving LP 183000/252358, 72.52%
Solving LP 185000/252358, 73.31%
Solving LP 187000/252358, 74.10%
Solving LP 189000/252358, 74.89%
Solving LP 191000/252358, 75.69%
Solving LP 193000/252358, 76.48%
Solving LP 195000/252358, 77.27%
Solving LP 197000/252358, 78.06%
Solving LP 199000/252358, 78.86%
Solving LP 201000/252358, 79.65%
Solving LP 203000/252358, 80.44%
Solving LP 205000/252358, 81.23%
Solving LP 207000/252358, 82.03%
Solving LP 209000/252358, 82.82%
Solving LP 111000/252358, 43.99%
Solving LP 113000/252358, 44.78%
Solving LP 115000/252358, 45.57%
Solving LP 117000/252358, 46.36%
Solving LP 121000/252358, 47.95%
Solving LP 123000/252358, 48.74%
Solving LP 125000/252358, 49.53%
Solving LP 127000/252358, 50.33%
Solving LP 129000/252358, 51.12%
Solving LP 131000/252358, 51.91%
Solving LP 133000/252358, 52.70%
Solving LP 135000/252358, 53.50%
Solving LP 2000/252358, 0.79%
Solving LP 169000/252358, 66.97%
Solving LP 171000/252358, 67.76%
Solving LP 237000/252358, 93.91%
Solving LP 239000/252358, 94.71%
Solving LP 241000/252358, 95.50%
Solving LP 243000/252358, 96.29%
Solving LP 245000/252358, 97.08%
Solving LP 247000/252358, 97.88%
Solving LP 249000/252358, 98.67%
Solving LP 251000/252358, 99.46%
Solving LP 136000/252358, 53.89%
Solving LP 138000/252358, 54.68%
Solving LP 140000/252358, 55.48%
Solving LP 142000/252358, 56.27%
Solving LP 144000/252358, 57.06%
Solving LP 146000/252358, 57.85%
Solving LP 148000/252358, 58.65%
Solving LP 150000/252358, 59.44%
Solving LP 152000/252358, 60.23%
Solving LP 154000/252358, 61.02%
Solving LP 156000/252358, 61.82%
Solving LP 158000/252358, 62.61%
Solving LP 225000/252358, 89.16%
Solving LP 227000/252358, 89.95%
Solving LP 229000/252358, 90.74%
Solving LP 231000/252358, 91.54%
Solving LP 233000/252358, 92.33%
Solving LP 235000/252358, 93.12%
Solving LP 119000/252358, 47.16%
Solving LP 184000/252358, 72.91%
Solving LP 186000/252358, 73.70%
Solving LP 188000/252358, 74.50%
Solving LP 190000/252358, 75.29%
Solving LP 32000/252358, 12.68%
Solving LP 34000/252358, 13.47%
Solving LP 36000/252358, 14.27%
Solving LP 38000/252358, 15.06%
Solving LP 40000/252358, 15.85%
Solving LP 42000/252358, 16.64%
Solving LP 44000/252358, 17.44%
Solving LP 46000/252358, 18.23%
Solving LP 48000/252358, 19.02%
Solving LP 50000/252358, 19.81%
Solving LP 52000/252358, 20.61%
Solving LP 54000/252358, 21.40%
Solving LP 56000/252358, 22.19%
Solving LP 58000/252358, 22.98%
Solving LP 60000/252358, 23.78%
Solving LP 62000/252358, 24.57%
Solving LP 64000/252358, 25.36%
Solving LP 66000/252358, 26.15%
Solving LP 68000/252358, 26.95%
Solving LP 70000/252358, 27.74%
Solving LP 72000/252358, 28.53%
Solving LP 74000/252358, 29.32%
Solving LP 76000/252358, 30.12%
Solving LP 78000/252358, 30.91%
Solving LP 80000/252358, 31.70%
Solving LP 82000/252358, 32.49%
Solving LP 84000/252358, 33.29%
Solving LP 86000/252358, 34.08%
Solving LP 88000/252358, 34.87%
Solving LP 90000/252358, 35.66%
Solving LP 92000/252358, 36.46%
Solving LP 112000/252358, 44.38%
Solving LP 114000/252358, 45.17%
Solving LP 116000/252358, 45.97%
Solving LP 118000/252358, 46.76%
Solving LP 134000/252358, 53.10%
Solving LP 210000/252358, 83.22%
Solving LP 212000/252358, 84.01%
Solving LP 214000/252358, 84.80%
Solving LP 216000/252358, 85.59%
Solving LP 218000/252358, 86.39%
Solving LP 220000/252358, 87.18%
Solving LP 222000/252358, 87.97%
Solving LP 224000/252358, 88.76%
Solving LP 226000/252358, 89.56%
Solving LP 228000/252358, 90.35%
Solving LP 230000/252358, 91.14%
Solving LP 232000/252358, 91.93%
Solving LP 234000/252358, 92.73%
Solving LP 236000/252358, 93.52%
Solving LP 238000/252358, 94.31%
Solving LP 240000/252358, 95.10%
Solving LP 242000/252358, 95.90%
Solving LP 244000/252358, 96.69%
Solving LP 246000/252358, 97.48%
Solving LP 248000/252358, 98.27%
Solving LP 250000/252358, 99.07%
Solving LP 252000/252358, 99.86%
Solving LP 4000/252358, 1.59%
Solving LP 6000/252358, 2.38%
Solving LP 8000/252358, 3.17%
Solving LP 160000/252358, 63.40%
Solving LP 162000/252358, 64.19%
Solving LP 164000/252358, 64.99%
Solving LP 166000/252358, 65.78%
Solving LP 168000/252358, 66.57%
Solving LP 170000/252358, 67.36%
Solving LP 172000/252358, 68.16%
Solving LP 174000/252358, 68.95%
Solving LP 176000/252358, 69.74%
Solving LP 178000/252358, 70.53%
Solving LP 180000/252358, 71.33%
Solving LP 182000/252358, 72.12%
python -m nsp.scripts.run_dm --problem ip_i_H --mode GEN_DATASET_E --n_procs 16
