Loading Investment Problem data manager...
Generating NN-E dataset for machine learning...
 PROBLEM: Investment Problem
 Num processes: 16
Set parameter TokenServer to value "lic-gurobi.aalto.fi"
Set parameter TokenServer to value "lic-gurobi.aalto.fi"
Set parameter TokenServer to value "lic-gurobi.aalto.fi"
Set parameter TokenServer to value "lic-gurobi.aalto.fi"
Set parameter TokenServer to value "lic-gurobi.aalto.fi"
Set parameter TokenServer to value "lic-gurobi.aalto.fi"
Set parameter TokenServer to value "lic-gurobi.aalto.fi"
Set parameter TokenServer to value "lic-gurobi.aalto.fi"
Set parameter TokenServer to value "lic-gurobi.aalto.fi"
Set parameter TokenServer to value "lic-gurobi.aalto.fi"
Set parameter TokenServer to value "lic-gurobi.aalto.fi"
Set parameter TokenServer to value "lic-gurobi.aalto.fi"
Set parameter TokenServer to value "lic-gurobi.aalto.fi"
Set parameter TokenServer to value "lic-gurobi.aalto.fi"
Set parameter TokenServer to value "lic-gurobi.aalto.fi"
Set parameter TokenServer to value "lic-gurobi.aalto.fi"
Solving LP 1000/249445, 0.40%
Solving LP 3000/249445, 1.20%
Solving LP 5000/249445, 2.00%
Solving LP 7000/249445, 2.81%
Solving LP 9000/249445, 3.61%
Solving LP 11000/249445, 4.41%
Solving LP 13000/249445, 5.21%
Solving LP 15000/249445, 6.01%
Solving LP 17000/249445, 6.82%
Solving LP 19000/249445, 7.62%
Solving LP 21000/249445, 8.42%
Solving LP 23000/249445, 9.22%
Solving LP 25000/249445, 10.02%
Solving LP 27000/249445, 10.82%
Solving LP 29000/249445, 11.63%
Solving LP 31000/249445, 12.43%
Solving LP 33000/249445, 13.23%
Solving LP 35000/249445, 14.03%
Solving LP 37000/249445, 14.83%
Solving LP 39000/249445, 15.63%
Solving LP 41000/249445, 16.44%
Solving LP 43000/249445, 17.24%
Solving LP 45000/249445, 18.04%
Solving LP 47000/249445, 18.84%
Solving LP 49000/249445, 19.64%
Solving LP 51000/249445, 20.45%
Solving LP 53000/249445, 21.25%
Solving LP 55000/249445, 22.05%
Solving LP 57000/249445, 22.85%
Solving LP 59000/249445, 23.65%
Solving LP 61000/249445, 24.45%
Solving LP 63000/249445, 25.26%
Solving LP 65000/249445, 26.06%
Solving LP 67000/249445, 26.86%
Solving LP 69000/249445, 27.66%
Solving LP 71000/249445, 28.46%
Solving LP 73000/249445, 29.26%
Solving LP 75000/249445, 30.07%
Solving LP 77000/249445, 30.87%
Solving LP 79000/249445, 31.67%
Solving LP 81000/249445, 32.47%
Solving LP 83000/249445, 33.27%
Solving LP 85000/249445, 34.08%
Solving LP 87000/249445, 34.88%
Solving LP 89000/249445, 35.68%
Solving LP 91000/249445, 36.48%
Solving LP 93000/249445, 37.28%
Solving LP 95000/249445, 38.08%
Solving LP 97000/249445, 38.89%
Solving LP 99000/249445, 39.69%
Solving LP 101000/249445, 40.49%
Solving LP 103000/249445, 41.29%
Solving LP 105000/249445, 42.09%
Solving LP 107000/249445, 42.90%
Solving LP 109000/249445, 43.70%
Solving LP 111000/249445, 44.50%
Solving LP 113000/249445, 45.30%
Solving LP 115000/249445, 46.10%
Solving LP 117000/249445, 46.90%
Solving LP 119000/249445, 47.71%
Solving LP 121000/249445, 48.51%
Solving LP 123000/249445, 49.31%
Solving LP 125000/249445, 50.11%
Solving LP 127000/249445, 50.91%
Solving LP 129000/249445, 51.71%
Solving LP 131000/249445, 52.52%
Solving LP 133000/249445, 53.32%
Solving LP 135000/249445, 54.12%
Solving LP 137000/249445, 54.92%
Solving LP 139000/249445, 55.72%
Solving LP 141000/249445, 56.53%
Solving LP 143000/249445, 57.33%
Solving LP 145000/249445, 58.13%
Solving LP 147000/249445, 58.93%
Solving LP 149000/249445, 59.73%
Solving LP 151000/249445, 60.53%
Solving LP 153000/249445, 61.34%
Solving LP 155000/249445, 62.14%
Solving LP 157000/249445, 62.94%
Solving LP 159000/249445, 63.74%
Solving LP 161000/249445, 64.54%
Solving LP 163000/249445, 65.35%
Solving LP 165000/249445, 66.15%
Solving LP 167000/249445, 66.95%
Solving LP 169000/249445, 67.75%
Solving LP 171000/249445, 68.55%
Solving LP 173000/249445, 69.35%
Solving LP 175000/249445, 70.16%
Solving LP 177000/249445, 70.96%
Solving LP 179000/249445, 71.76%
Solving LP 181000/249445, 72.56%
Solving LP 183000/249445, 73.36%
Solving LP 185000/249445, 74.16%
Solving LP 187000/249445, 74.97%
Solving LP 189000/249445, 75.77%
Solving LP 191000/249445, 76.57%
Solving LP 193000/249445, 77.37%
Solving LP 195000/249445, 78.17%
Solving LP 197000/249445, 78.98%
Solving LP 199000/249445, 79.78%
Solving LP 201000/249445, 80.58%
Solving LP 203000/249445, 81.38%
Solving LP 205000/249445, 82.18%
Solving LP 207000/249445, 82.98%
Solving LP 209000/249445, 83.79%
Solving LP 211000/249445, 84.59%
Solving LP 213000/249445, 85.39%
Solving LP 215000/249445, 86.19%
Solving LP 217000/249445, 86.99%
Solving LP 219000/249445, 87.79%
Solving LP 221000/249445, 88.60%
Solving LP 223000/249445, 89.40%
Solving LP 225000/249445, 90.20%
Solving LP 227000/249445, 91.00%
Solving LP 229000/249445, 91.80%
Solving LP 231000/249445, 92.61%
Solving LP 233000/249445, 93.41%
Solving LP 235000/249445, 94.21%
Solving LP 237000/249445, 95.01%
Solving LP 239000/249445, 95.81%
Solving LP 241000/249445, 96.61%
Solving LP 243000/249445, 97.42%
Solving LP 245000/249445, 98.22%
Solving LP 247000/249445, 99.02%
Solving LP 249000/249445, 99.82%
Solving LP 2000/249445, 0.80%
Solving LP 4000/249445, 1.60%
Solving LP 6000/249445, 2.41%
Solving LP 8000/249445, 3.21%
Solving LP 10000/249445, 4.01%
Solving LP 12000/249445, 4.81%
Solving LP 14000/249445, 5.61%
Solving LP 16000/249445, 6.41%
Solving LP 18000/249445, 7.22%
Solving LP 20000/249445, 8.02%
Solving LP 22000/249445, 8.82%
Solving LP 24000/249445, 9.62%
Solving LP 26000/249445, 10.42%
Solving LP 28000/249445, 11.22%
Solving LP 30000/249445, 12.03%
Solving LP 32000/249445, 12.83%
Solving LP 34000/249445, 13.63%
Solving LP 36000/249445, 14.43%
Solving LP 38000/249445, 15.23%
Solving LP 40000/249445, 16.04%
Solving LP 42000/249445, 16.84%
Solving LP 44000/249445, 17.64%
Solving LP 46000/249445, 18.44%
Solving LP 48000/249445, 19.24%
Solving LP 50000/249445, 20.04%
Solving LP 52000/249445, 20.85%
Solving LP 54000/249445, 21.65%
Solving LP 56000/249445, 22.45%
Solving LP 58000/249445, 23.25%
Solving LP 60000/249445, 24.05%
Solving LP 62000/249445, 24.86%
Solving LP 64000/249445, 25.66%
Solving LP 66000/249445, 26.46%
Solving LP 68000/249445, 27.26%
Solving LP 70000/249445, 28.06%
Solving LP 72000/249445, 28.86%
Solving LP 74000/249445, 29.67%
Solving LP 76000/249445, 30.47%
Solving LP 78000/249445, 31.27%
Solving LP 80000/249445, 32.07%
Solving LP 82000/249445, 32.87%
Solving LP 84000/249445, 33.67%
Solving LP 86000/249445, 34.48%
Solving LP 88000/249445, 35.28%
Solving LP 90000/249445, 36.08%
Solving LP 92000/249445, 36.88%
Solving LP 94000/249445, 37.68%
Solving LP 96000/249445, 38.49%
Solving LP 98000/249445, 39.29%
Solving LP 100000/249445, 40.09%
Solving LP 102000/249445, 40.89%
Solving LP 104000/249445, 41.69%
Solving LP 106000/249445, 42.49%
Solving LP 108000/249445, 43.30%
Solving LP 110000/249445, 44.10%
Solving LP 112000/249445, 44.90%
Solving LP 114000/249445, 45.70%
Solving LP 116000/249445, 46.50%
Solving LP 118000/249445, 47.31%
Solving LP 120000/249445, 48.11%
Solving LP 122000/249445, 48.91%
Solving LP 124000/249445, 49.71%
Solving LP 126000/249445, 50.51%
Solving LP 128000/249445, 51.31%
Solving LP 130000/249445, 52.12%
Solving LP 132000/249445, 52.92%
Solving LP 134000/249445, 53.72%
Solving LP 136000/249445, 54.52%
Solving LP 138000/249445, 55.32%
Solving LP 140000/249445, 56.12%
Solving LP 142000/249445, 56.93%
Solving LP 144000/249445, 57.73%
Solving LP 146000/249445, 58.53%
Solving LP 148000/249445, 59.33%
Solving LP 150000/249445, 60.13%
Solving LP 152000/249445, 60.94%
Solving LP 154000/249445, 61.74%
Solving LP 156000/249445, 62.54%
Solving LP 158000/249445, 63.34%
Solving LP 160000/249445, 64.14%
Solving LP 162000/249445, 64.94%
Solving LP 164000/249445, 65.75%
Solving LP 166000/249445, 66.55%
Solving LP 168000/249445, 67.35%
Solving LP 170000/249445, 68.15%
Solving LP 172000/249445, 68.95%
Solving LP 174000/249445, 69.75%
Solving LP 176000/249445, 70.56%
Solving LP 178000/249445, 71.36%
Solving LP 180000/249445, 72.16%
Solving LP 182000/249445, 72.96%
Solving LP 184000/249445, 73.76%
Solving LP 186000/249445, 74.57%
Solving LP 188000/249445, 75.37%
Solving LP 190000/249445, 76.17%
Solving LP 192000/249445, 76.97%
Solving LP 194000/249445, 77.77%
Solving LP 196000/249445, 78.57%
Solving LP 198000/249445, 79.38%
Solving LP 200000/249445, 80.18%
Solving LP 202000/249445, 80.98%
Solving LP 204000/249445, 81.78%
Solving LP 206000/249445, 82.58%
Solving LP 208000/249445, 83.39%
Solving LP 210000/249445, 84.19%
Solving LP 212000/249445, 84.99%
Solving LP 214000/249445, 85.79%
Solving LP 216000/249445, 86.59%
Solving LP 218000/249445, 87.39%
Solving LP 220000/249445, 88.20%
Solving LP 222000/249445, 89.00%
Solving LP 224000/249445, 89.80%
Solving LP 226000/249445, 90.60%
Solving LP 228000/249445, 91.40%
Solving LP 230000/249445, 92.20%
Solving LP 232000/249445, 93.01%
Solving LP 234000/249445, 93.81%
Solving LP 236000/249445, 94.61%
Solving LP 238000/249445, 95.41%
Solving LP 240000/249445, 96.21%
Solving LP 242000/249445, 97.02%
Solving LP 244000/249445, 97.82%
Solving LP 246000/249445, 98.62%
Solving LP 248000/249445, 99.42%
python -m nsp.scripts.run_dm --problem ip_i_E --mode GEN_DATASET_E --n_procs 16
