Loading Investment Problem data manager...
Generating NN-E dataset for machine learning...
 PROBLEM: Investment Problem
 Num processes: 16
Set parameter TokenServer to value "lic-gurobi.aalto.fi"
Set parameter TokenServer to value "lic-gurobi.aalto.fi"
Set parameter TokenServer to value "lic-gurobi.aalto.fi"
Set parameter TokenServer to value "lic-gurobi.aalto.fi"
Set parameter TokenServer to value "lic-gurobi.aalto.fi"
Set parameter TokenServer to value "lic-gurobi.aalto.fi"
Set parameter TokenServer to value "lic-gurobi.aalto.fi"
Set parameter TokenServer to value "lic-gurobi.aalto.fi"
Set parameter TokenServer to value "lic-gurobi.aalto.fi"
Set parameter TokenServer to value "lic-gurobi.aalto.fi"
Set parameter TokenServer to value "lic-gurobi.aalto.fi"
Set parameter TokenServer to value "lic-gurobi.aalto.fi"
Set parameter TokenServer to value "lic-gurobi.aalto.fi"
Set parameter TokenServer to value "lic-gurobi.aalto.fi"
Set parameter TokenServer to value "lic-gurobi.aalto.fi"
Set parameter TokenServer to value "lic-gurobi.aalto.fi"
Solving LP 1000/251062, 0.40%
Solving LP 3000/251062, 1.19%
Solving LP 5000/251062, 1.99%
Solving LP 30000/251062, 11.95%
Solving LP 32000/251062, 12.75%
Solving LP 34000/251062, 13.54%
Solving LP 36000/251062, 14.34%
Solving LP 38000/251062, 15.14%
Solving LP 40000/251062, 15.93%
Solving LP 46000/251062, 18.32%
Solving LP 52000/251062, 20.71%
Solving LP 54000/251062, 21.51%
Solving LP 58000/251062, 23.10%
Solving LP 102000/251062, 40.63%
Solving LP 176000/251062, 70.10%
Solving LP 178000/251062, 70.90%
Solving LP 186000/251062, 74.09%
Solving LP 188000/251062, 74.88%
Solving LP 212000/251062, 84.44%
Solving LP 214000/251062, 85.24%
Solving LP 228000/251062, 90.81%
Solving LP 230000/251062, 91.61%
Solving LP 232000/251062, 92.41%
Solving LP 234000/251062, 93.20%
Solving LP 236000/251062, 94.00%
Solving LP 238000/251062, 94.80%
Solving LP 240000/251062, 95.59%
Solving LP 242000/251062, 96.39%
Solving LP 244000/251062, 97.19%
Solving LP 246000/251062, 97.98%
Solving LP 15000/251062, 5.97%
Solving LP 70000/251062, 27.88%
Solving LP 72000/251062, 28.68%
Solving LP 74000/251062, 29.47%
Solving LP 76000/251062, 30.27%
Solving LP 78000/251062, 31.07%
Solving LP 80000/251062, 31.86%
Solving LP 82000/251062, 32.66%
Solving LP 94000/251062, 37.44%
Solving LP 96000/251062, 38.24%
Solving LP 98000/251062, 39.03%
Solving LP 100000/251062, 39.83%
Solving LP 149000/251062, 59.35%
Solving LP 151000/251062, 60.14%
Solving LP 193000/251062, 76.87%
Solving LP 195000/251062, 77.67%
Solving LP 197000/251062, 78.47%
Solving LP 199000/251062, 79.26%
Solving LP 211000/251062, 84.04%
Solving LP 213000/251062, 84.84%
Solving LP 174000/251062, 69.31%
Solving LP 200000/251062, 79.66%
Solving LP 248000/251062, 98.78%
Solving LP 250000/251062, 99.58%
Solving LP 63000/251062, 25.09%
Solving LP 81000/251062, 32.26%
Solving LP 83000/251062, 33.06%
Solving LP 85000/251062, 33.86%
Solving LP 109000/251062, 43.42%
Solving LP 129000/251062, 51.38%
Solving LP 131000/251062, 52.18%
Solving LP 133000/251062, 52.97%
Solving LP 135000/251062, 53.77%
Solving LP 137000/251062, 54.57%
Solving LP 139000/251062, 55.36%
Solving LP 141000/251062, 56.16%
Solving LP 143000/251062, 56.96%
Solving LP 145000/251062, 57.75%
Solving LP 147000/251062, 58.55%
Solving LP 163000/251062, 64.92%
Solving LP 165000/251062, 65.72%
Solving LP 167000/251062, 66.52%
Solving LP 28000/251062, 11.15%
Solving LP 42000/251062, 16.73%
Solving LP 44000/251062, 17.53%
Solving LP 48000/251062, 19.12%
Solving LP 153000/251062, 60.94%
Solving LP 161000/251062, 64.13%
Solving LP 84000/251062, 33.46%
Solving LP 175000/251062, 69.70%
Solving LP 177000/251062, 70.50%
Solving LP 185000/251062, 73.69%
Solving LP 201000/251062, 80.06%
Solving LP 221000/251062, 88.03%
Solving LP 223000/251062, 88.82%
Solving LP 225000/251062, 89.62%
Solving LP 2000/251062, 0.80%
Solving LP 4000/251062, 1.59%
Solving LP 6000/251062, 2.39%
Solving LP 8000/251062, 3.19%
Solving LP 10000/251062, 3.98%
Solving LP 12000/251062, 4.78%
Solving LP 20000/251062, 7.97%
Solving LP 22000/251062, 8.76%
Solving LP 51000/251062, 20.31%
Solving LP 104000/251062, 41.42%
Solving LP 106000/251062, 42.22%
Solving LP 110000/251062, 43.81%
Solving LP 112000/251062, 44.61%
Solving LP 114000/251062, 45.41%
Solving LP 116000/251062, 46.20%
Solving LP 118000/251062, 47.00%
Solving LP 156000/251062, 62.14%
Solving LP 158000/251062, 62.93%
Solving LP 215000/251062, 85.64%
Solving LP 227000/251062, 90.42%
Solving LP 229000/251062, 91.21%
Solving LP 231000/251062, 92.01%
Solving LP 233000/251062, 92.81%
Solving LP 17000/251062, 6.77%
Solving LP 19000/251062, 7.57%
Solving LP 21000/251062, 8.36%
Solving LP 86000/251062, 34.25%
Solving LP 88000/251062, 35.05%
Solving LP 90000/251062, 35.85%
Solving LP 92000/251062, 36.64%
Solving LP 24000/251062, 9.56%
Solving LP 26000/251062, 10.36%
Solving LP 111000/251062, 44.21%
Solving LP 113000/251062, 45.01%
Solving LP 115000/251062, 45.81%
Solving LP 117000/251062, 46.60%
Solving LP 119000/251062, 47.40%
Solving LP 121000/251062, 48.20%
Solving LP 123000/251062, 48.99%
Solving LP 125000/251062, 49.79%
Solving LP 217000/251062, 86.43%
Solving LP 219000/251062, 87.23%
Solving LP 247000/251062, 98.38%
Solving LP 29000/251062, 11.55%
Solving LP 31000/251062, 12.35%
Solving LP 33000/251062, 13.14%
Solving LP 35000/251062, 13.94%
Solving LP 37000/251062, 14.74%
Solving LP 59000/251062, 23.50%
Solving LP 75000/251062, 29.87%
Solving LP 126000/251062, 50.19%
Solving LP 128000/251062, 50.98%
Solving LP 154000/251062, 61.34%
Solving LP 171000/251062, 68.11%
Solving LP 173000/251062, 68.91%
Solving LP 235000/251062, 93.60%
Solving LP 237000/251062, 94.40%
Solving LP 239000/251062, 95.20%
Solving LP 241000/251062, 95.99%
Solving LP 243000/251062, 96.79%
Solving LP 245000/251062, 97.59%
Solving LP 7000/251062, 2.79%
Solving LP 9000/251062, 3.58%
Solving LP 23000/251062, 9.16%
Solving LP 25000/251062, 9.96%
Solving LP 27000/251062, 10.75%
Solving LP 56000/251062, 22.31%
Solving LP 79000/251062, 31.47%
Solving LP 87000/251062, 34.65%
Solving LP 89000/251062, 35.45%
Solving LP 91000/251062, 36.25%
Solving LP 93000/251062, 37.04%
Solving LP 95000/251062, 37.84%
Solving LP 97000/251062, 38.64%
Solving LP 103000/251062, 41.03%
Solving LP 105000/251062, 41.82%
Solving LP 107000/251062, 42.62%
Solving LP 127000/251062, 50.59%
Solving LP 155000/251062, 61.74%
Solving LP 157000/251062, 62.53%
Solving LP 169000/251062, 67.31%
Solving LP 249000/251062, 99.18%
Solving LP 251000/251062, 99.98%
Solving LP 11000/251062, 4.38%
Solving LP 13000/251062, 5.18%
Solving LP 71000/251062, 28.28%
Solving LP 73000/251062, 29.08%
Solving LP 77000/251062, 30.67%
Solving LP 99000/251062, 39.43%
Solving LP 101000/251062, 40.23%
Solving LP 50000/251062, 19.92%
Solving LP 179000/251062, 71.30%
Solving LP 181000/251062, 72.09%
Solving LP 183000/251062, 72.89%
Solving LP 203000/251062, 80.86%
Solving LP 205000/251062, 81.65%
Solving LP 207000/251062, 82.45%
Solving LP 209000/251062, 83.25%
Solving LP 14000/251062, 5.58%
Solving LP 16000/251062, 6.37%
Solving LP 65000/251062, 25.89%
Solving LP 67000/251062, 26.69%
Solving LP 69000/251062, 27.48%
Solving LP 159000/251062, 63.33%
Solving LP 187000/251062, 74.48%
Solving LP 189000/251062, 75.28%
Solving LP 191000/251062, 76.08%
Solving LP 218000/251062, 86.83%
Solving LP 220000/251062, 87.63%
Solving LP 222000/251062, 88.42%
Solving LP 224000/251062, 89.22%
Solving LP 226000/251062, 90.02%
Solving LP 60000/251062, 23.90%
Solving LP 62000/251062, 24.70%
Solving LP 64000/251062, 25.49%
Solving LP 66000/251062, 26.29%
Solving LP 68000/251062, 27.08%
Solving LP 120000/251062, 47.80%
Solving LP 122000/251062, 48.59%
Solving LP 124000/251062, 49.39%
Solving LP 180000/251062, 71.70%
Solving LP 182000/251062, 72.49%
Solving LP 184000/251062, 73.29%
Solving LP 190000/251062, 75.68%
Solving LP 192000/251062, 76.48%
Solving LP 194000/251062, 77.27%
Solving LP 196000/251062, 78.07%
Solving LP 198000/251062, 78.86%
python -m nsp.scripts.run_dm --problem ip_b_H --mode GEN_DATASET_E --n_procs 16
