TRAINING MODELS: problem = ip_i_E

  [10] MSE:   tr: 368.756, val: 380.043
       MAE:   tr: 15.452, val: 15.629
       MAPE:  tr: 28951356098216.320, val: 28951356098216.320
    New Best Model
  [20] MSE:   tr: 216.609, val: 225.370
       MAE:   tr: 11.521, val: 11.657
       MAPE:  tr: 44723780068573.453, val: 44723780068573.453
    New Best Model
  [30] MSE:   tr: 124.937, val: 134.741
       MAE:   tr: 8.421, val: 8.788
       MAPE:  tr: 67875687461028.062, val: 67875687461028.062
    New Best Model
  [40] MSE:   tr: 60.682, val: 65.004
       MAE:   tr: 5.115, val: 5.263
       MAPE:  tr: 68354093130711.172, val: 68354093130711.172
    New Best Model
  [50] MSE:   tr: 48.359, val: 52.218
       MAE:   tr: 4.593, val: 4.814
       MAPE:  tr: 87886184906227.844, val: 87886184906227.844
    New Best Model
  [60] MSE:   tr: 39.335, val: 43.327
       MAE:   tr: 4.295, val: 4.527
       MAPE:  tr: 94087731134595.188, val: 94087731134595.188
    New Best Model
  [70] MSE:   tr: 30.854, val: 33.150
       MAE:   tr: 3.718, val: 3.896
       MAPE:  tr: 90896606940889.188, val: 90896606940889.188
    New Best Model
  [80] MSE:   tr: 26.274, val: 29.706
       MAE:   tr: 3.443, val: 3.729
       MAPE:  tr: 90467043639296.094, val: 90467043639296.094
    New Best Model
  [90] MSE:   tr: 23.256, val: 24.506
       MAE:   tr: 3.289, val: 3.377
       MAPE:  tr: 84541066807607.375, val: 84541066807607.375
    New Best Model
  [100] MSE:   tr: 22.848, val: 25.849
       MAE:   tr: 3.274, val: 3.467
       MAPE:  tr: 88482893302595.688, val: 88482893302595.688
  [110] MSE:   tr: 20.001, val: 22.507
       MAE:   tr: 3.100, val: 3.239
       MAPE:  tr: 79947066708590.672, val: 79947066708590.672
    New Best Model
  [120] MSE:   tr: 19.870, val: 22.162
       MAE:   tr: 3.054, val: 3.145
       MAPE:  tr: 82668577030668.375, val: 82668577030668.375
    New Best Model
  [130] MSE:   tr: 19.973, val: 22.661
       MAE:   tr: 3.113, val: 3.257
       MAPE:  tr: 86119342734835.781, val: 86119342734835.781
  [140] MSE:   tr: 19.573, val: 21.663
       MAE:   tr: 3.054, val: 3.146
       MAPE:  tr: 66513517108265.031, val: 66513517108265.031
  [150] MSE:   tr: 19.266, val: 20.562
       MAE:   tr: 3.024, val: 3.075
       MAPE:  tr: 70777543459864.641, val: 70777543459864.641
    New Best Model
  [160] MSE:   tr: 18.326, val: 20.390
       MAE:   tr: 2.950, val: 3.081
       MAPE:  tr: 76381797176311.875, val: 76381797176311.875
  [170] MSE:   tr: 18.372, val: 19.562
       MAE:   tr: 2.918, val: 2.980
       MAPE:  tr: 71162153486254.156, val: 71162153486254.156
    New Best Model
  [180] MSE:   tr: 17.504, val: 21.914
       MAE:   tr: 2.866, val: 3.082
       MAPE:  tr: 64838123380539.461, val: 64838123380539.461
  [190] MSE:   tr: 18.057, val: 20.364
       MAE:   tr: 2.855, val: 2.978
       MAPE:  tr: 63571417265864.773, val: 63571417265864.773
    New Best Model
  [200] MSE:   tr: 17.667, val: 19.328
       MAE:   tr: 2.800, val: 2.939
       MAPE:  tr: 71927561755557.953, val: 71927561755557.953
    New Best Model
  [210] MSE:   tr: 16.710, val: 19.500
       MAE:   tr: 2.763, val: 2.901
       MAPE:  tr: 71232204402851.906, val: 71232204402851.906
    New Best Model
  [220] MSE:   tr: 17.186, val: 20.798
       MAE:   tr: 2.802, val: 2.957
       MAPE:  tr: 64843006758355.016, val: 64843006758355.016
  [230] MSE:   tr: 18.109, val: 21.239
       MAE:   tr: 2.965, val: 3.163
       MAPE:  tr: 62487238671335.492, val: 62487238671335.492
  [240] MSE:   tr: 16.384, val: 18.943
       MAE:   tr: 2.761, val: 2.863
       MAPE:  tr: 65211648096337.992, val: 65211648096337.992
    New Best Model
  [250] MSE:   tr: 17.057, val: 18.688
       MAE:   tr: 2.795, val: 2.896
       MAPE:  tr: 77358425494782.016, val: 77358425494782.016
  [260] MSE:   tr: 17.038, val: 20.014
       MAE:   tr: 2.862, val: 3.017
       MAPE:  tr: 64135475320848.453, val: 64135475320848.453
  [270] MSE:   tr: 17.932, val: 20.521
       MAE:   tr: 2.911, val: 3.021
       MAPE:  tr: 65838734796390.469, val: 65838734796390.469
  [280] MSE:   tr: 17.326, val: 19.101
       MAE:   tr: 2.868, val: 2.959
       MAPE:  tr: 66591745642594.375, val: 66591745642594.375
  [290] MSE:   tr: 17.025, val: 19.759
       MAE:   tr: 2.854, val: 3.022
       MAPE:  tr: 54028042883825.734, val: 54028042883825.734
  [300] MSE:   tr: 16.326, val: 18.966
       MAE:   tr: 2.736, val: 2.867
       MAPE:  tr: 54522586893123.656, val: 54522586893123.656
  [310] MSE:   tr: 15.907, val: 17.664
       MAE:   tr: 2.704, val: 2.849
       MAPE:  tr: 62956313524568.125, val: 62956313524568.125
    New Best Model
  [320] MSE:   tr: 15.955, val: 18.525
       MAE:   tr: 2.708, val: 2.837
       MAPE:  tr: 69097719473373.258, val: 69097719473373.258
    New Best Model
  [330] MSE:   tr: 15.587, val: 19.229
       MAE:   tr: 2.660, val: 2.864
       MAPE:  tr: 61481400280285.250, val: 61481400280285.250
  [340] MSE:   tr: 15.782, val: 17.649
       MAE:   tr: 2.688, val: 2.776
       MAPE:  tr: 56799716276437.062, val: 56799716276437.062
    New Best Model
  [350] MSE:   tr: 15.783, val: 19.048
       MAE:   tr: 2.684, val: 2.811
       MAPE:  tr: 62751014087819.336, val: 62751014087819.336
  [360] MSE:   tr: 15.572, val: 19.296
       MAE:   tr: 2.687, val: 2.829
       MAPE:  tr: 74246923552292.922, val: 74246923552292.922
  [370] MSE:   tr: 15.869, val: 18.547
       MAE:   tr: 2.694, val: 2.829
       MAPE:  tr: 67898562456846.398, val: 67898562456846.398
  [380] MSE:   tr: 16.383, val: 18.720
       MAE:   tr: 2.760, val: 2.875
       MAPE:  tr: 90353632880361.531, val: 90353632880361.531
  [390] MSE:   tr: 15.580, val: 17.982
       MAE:   tr: 2.678, val: 2.816
       MAPE:  tr: 61868643121627.203, val: 61868643121627.203
  [400] MSE:   tr: 16.080, val: 17.876
       MAE:   tr: 2.745, val: 2.890
       MAPE:  tr: 71310020620320.828, val: 71310020620320.828
  [410] MSE:   tr: 16.017, val: 18.435
       MAE:   tr: 2.733, val: 2.877
       MAPE:  tr: 89363151144878.141, val: 89363151144878.141
  [420] MSE:   tr: 15.272, val: 18.017
       MAE:   tr: 2.654, val: 2.829
       MAPE:  tr: 60130727554973.758, val: 60130727554973.758
  [430] MSE:   tr: 15.774, val: 18.372
       MAE:   tr: 2.699, val: 2.873
       MAPE:  tr: 69294669493698.633, val: 69294669493698.633
  [440] MSE:   tr: 15.764, val: 19.878
       MAE:   tr: 2.705, val: 2.967
       MAPE:  tr: 69943950437253.188, val: 69943950437253.188
  [450] MSE:   tr: 15.515, val: 18.461
       MAE:   tr: 2.724, val: 2.875
       MAPE:  tr: 62376703393005.641, val: 62376703393005.641
  [460] MSE:   tr: 15.769, val: 17.336
       MAE:   tr: 2.697, val: 2.785
       MAPE:  tr: 64095931556954.180, val: 64095931556954.180
  [470] MSE:   tr: 15.002, val: 18.078
       MAE:   tr: 2.649, val: 2.818
       MAPE:  tr: 73115547562147.906, val: 73115547562147.906
  [480] MSE:   tr: 15.587, val: 19.353
       MAE:   tr: 2.695, val: 2.889
       MAPE:  tr: 60502899356074.055, val: 60502899356074.055
  [490] MSE:   tr: 16.661, val: 20.602
       MAE:   tr: 2.843, val: 3.043
       MAPE:  tr: 62986983886028.867, val: 62986983886028.867
  [500] MSE:   tr: 14.853, val: 17.693
       MAE:   tr: 2.606, val: 2.764
       MAPE:  tr: 61443278150565.953, val: 61443278150565.953
    New Best Model
  [510] MSE:   tr: 15.475, val: 18.775
       MAE:   tr: 2.665, val: 2.811
       MAPE:  tr: 62334823166902.336, val: 62334823166902.336
  [520] MSE:   tr: 16.168, val: 17.973
       MAE:   tr: 2.740, val: 2.852
       MAPE:  tr: 66854412957515.844, val: 66854412957515.844
  [530] MSE:   tr: 15.536, val: 17.384
       MAE:   tr: 2.680, val: 2.818
       MAPE:  tr: 68257003247501.375, val: 68257003247501.375
  [540] MSE:   tr: 15.301, val: 18.786
       MAE:   tr: 2.669, val: 2.869
       MAPE:  tr: 60636567328260.156, val: 60636567328260.156
  [550] MSE:   tr: 15.193, val: 18.891
       MAE:   tr: 2.671, val: 2.873
       MAPE:  tr: 72394484830175.297, val: 72394484830175.297
  [560] MSE:   tr: 14.954, val: 19.153
       MAE:   tr: 2.655, val: 2.869
       MAPE:  tr: 57064763003240.516, val: 57064763003240.516
  [570] MSE:   tr: 17.323, val: 21.015
       MAE:   tr: 2.854, val: 3.113
TRAINING MODELS: problem = ip_i_E

  [10] MSE:   tr: 368.756, val: 380.043
       MAE:   tr: 15.452, val: 15.629
       MAPE:  tr: 28951356098216.320, val: 28951356098216.320
    New Best Model
  [20] MSE:   tr: 216.609, val: 225.370
       MAE:   tr: 11.521, val: 11.657
       MAPE:  tr: 44723780068573.453, val: 44723780068573.453
    New Best Model
  [30] MSE:   tr: 124.937, val: 134.741
       MAE:   tr: 8.421, val: 8.788
       MAPE:  tr: 67875687461028.062, val: 67875687461028.062
    New Best Model
  [40] MSE:   tr: 60.682, val: 65.004
       MAE:   tr: 5.115, val: 5.263
       MAPE:  tr: 68354093130711.172, val: 68354093130711.172
    New Best Model
  [50] MSE:   tr: 48.359, val: 52.218
       MAE:   tr: 4.593, val: 4.814
       MAPE:  tr: 87886184906227.844, val: 87886184906227.844
    New Best Model
  [60] MSE:   tr: 39.335, val: 43.327
       MAE:   tr: 4.295, val: 4.527
       MAPE:  tr: 94087731134595.188, val: 94087731134595.188
    New Best Model
  [70] MSE:   tr: 30.854, val: 33.150
       MAE:   tr: 3.718, val: 3.896
       MAPE:  tr: 90896606940889.188, val: 90896606940889.188
    New Best Model
  [80] MSE:   tr: 26.274, val: 29.706
       MAE:   tr: 3.443, val: 3.729
       MAPE:  tr: 90467043639296.094, val: 90467043639296.094
    New Best Model
  [90] MSE:   tr: 23.256, val: 24.506
       MAE:   tr: 3.289, val: 3.377
       MAPE:  tr: 84541066807607.375, val: 84541066807607.375
    New Best Model
  [100] MSE:   tr: 22.848, val: 25.849
       MAE:   tr: 3.274, val: 3.467
       MAPE:  tr: 88482893302595.688, val: 88482893302595.688
  [110] MSE:   tr: 20.001, val: 22.507
       MAE:   tr: 3.100, val: 3.239
       MAPE:  tr: 79947066708590.672, val: 79947066708590.672
    New Best Model
  [120] MSE:   tr: 19.870, val: 22.162
       MAE:   tr: 3.054, val: 3.145
       MAPE:  tr: 82668577030668.375, val: 82668577030668.375
    New Best Model
  [130] MSE:   tr: 19.973, val: 22.661
       MAE:   tr: 3.113, val: 3.257
       MAPE:  tr: 86119342734835.781, val: 86119342734835.781
  [140] MSE:   tr: 19.573, val: 21.663
       MAE:   tr: 3.054, val: 3.146
       MAPE:  tr: 66513517108265.031, val: 66513517108265.031
  [150] MSE:   tr: 19.266, val: 20.562
       MAE:   tr: 3.024, val: 3.075
       MAPE:  tr: 70777543459864.641, val: 70777543459864.641
    New Best Model
  [160] MSE:   tr: 18.326, val: 20.390
       MAE:   tr: 2.950, val: 3.081
       MAPE:  tr: 76381797176311.875, val: 76381797176311.875
  [170] MSE:   tr: 18.372, val: 19.562
       MAE:   tr: 2.918, val: 2.980
       MAPE:  tr: 71162153486254.156, val: 71162153486254.156
    New Best Model
  [180] MSE:   tr: 17.504, val: 21.914
       MAE:   tr: 2.866, val: 3.082
       MAPE:  tr: 64838123380539.461, val: 64838123380539.461
  [190] MSE:   tr: 18.057, val: 20.364
       MAE:   tr: 2.855, val: 2.978
       MAPE:  tr: 63571417265864.773, val: 63571417265864.773
    New Best Model
  [200] MSE:   tr: 17.667, val: 19.328
       MAE:   tr: 2.800, val: 2.939
       MAPE:  tr: 71927561755557.953, val: 71927561755557.953
    New Best Model
  [210] MSE:   tr: 16.710, val: 19.500
       MAE:   tr: 2.763, val: 2.901
       MAPE:  tr: 71232204402851.906, val: 71232204402851.906
    New Best Model
  [220] MSE:   tr: 17.186, val: 20.798
       MAE:   tr: 2.802, val: 2.957
       MAPE:  tr: 64843006758355.016, val: 64843006758355.016
  [230] MSE:   tr: 18.109, val: 21.239
       MAE:   tr: 2.965, val: 3.163
       MAPE:  tr: 62487238671335.492, val: 62487238671335.492
  [240] MSE:   tr: 16.384, val: 18.943
       MAE:   tr: 2.761, val: 2.863
       MAPE:  tr: 65211648096337.992, val: 65211648096337.992
    New Best Model
  [250] MSE:   tr: 17.057, val: 18.688
       MAE:   tr: 2.795, val: 2.896
       MAPE:  tr: 77358425494782.016, val: 77358425494782.016
  [260] MSE:   tr: 17.038, val: 20.014
       MAE:   tr: 2.862, val: 3.017
       MAPE:  tr: 64135475320848.453, val: 64135475320848.453
  [270] MSE:   tr: 17.932, val: 20.521
       MAE:   tr: 2.911, val: 3.021
       MAPE:  tr: 65838734796390.469, val: 65838734796390.469
  [280] MSE:   tr: 17.326, val: 19.101
       MAE:   tr: 2.868, val: 2.959
       MAPE:  tr: 66591745642594.375, val: 66591745642594.375
  [290] MSE:   tr: 17.025, val: 19.759
       MAE:   tr: 2.854, val: 3.022
       MAPE:  tr: 54028042883825.734, val: 54028042883825.734
  [300] MSE:   tr: 16.326, val: 18.966
       MAE:   tr: 2.736, val: 2.867
       MAPE:  tr: 54522586893123.656, val: 54522586893123.656
  [310] MSE:   tr: 15.907, val: 17.664
       MAE:   tr: 2.704, val: 2.849
       MAPE:  tr: 62956313524568.125, val: 62956313524568.125
    New Best Model
  [320] MSE:   tr: 15.955, val: 18.525
       MAE:   tr: 2.708, val: 2.837
       MAPE:  tr: 69097719473373.258, val: 69097719473373.258
    New Best Model
  [330] MSE:   tr: 15.587, val: 19.229
       MAE:   tr: 2.660, val: 2.864
       MAPE:  tr: 61481400280285.250, val: 61481400280285.250
  [340] MSE:   tr: 15.782, val: 17.649
       MAE:   tr: 2.688, val: 2.776
       MAPE:  tr: 56799716276437.062, val: 56799716276437.062
    New Best Model
  [350] MSE:   tr: 15.783, val: 19.048
       MAE:   tr: 2.684, val: 2.811
       MAPE:  tr: 62751014087819.336, val: 62751014087819.336
  [360] MSE:   tr: 15.572, val: 19.296
       MAE:   tr: 2.687, val: 2.829
       MAPE:  tr: 74246923552292.922, val: 74246923552292.922
  [370] MSE:   tr: 15.869, val: 18.547
       MAE:   tr: 2.694, val: 2.829
       MAPE:  tr: 67898562456846.398, val: 67898562456846.398
  [380] MSE:   tr: 16.383, val: 18.720
       MAE:   tr: 2.760, val: 2.875
       MAPE:  tr: 90353632880361.531, val: 90353632880361.531
  [390] MSE:   tr: 15.580, val: 17.982
       MAE:   tr: 2.678, val: 2.816
       MAPE:  tr: 61868643121627.203, val: 61868643121627.203
  [400] MSE:   tr: 16.080, val: 17.876
       MAE:   tr: 2.745, val: 2.890
       MAPE:  tr: 71310020620320.828, val: 71310020620320.828
  [410] MSE:   tr: 16.017, val: 18.435
       MAE:   tr: 2.733, val: 2.877
       MAPE:  tr: 89363151144878.141, val: 89363151144878.141
  [420] MSE:   tr: 15.272, val: 18.017
       MAE:   tr: 2.654, val: 2.829
       MAPE:  tr: 60130727554973.758, val: 60130727554973.758
  [430] MSE:   tr: 15.774, val: 18.372
       MAE:   tr: 2.699, val: 2.873
       MAPE:  tr: 69294669493698.633, val: 69294669493698.633
  [440] MSE:   tr: 15.764, val: 19.878
       MAE:   tr: 2.705, val: 2.967
       MAPE:  tr: 69943950437253.188, val: 69943950437253.188
  [450] MSE:   tr: 15.515, val: 18.461
       MAE:   tr: 2.724, val: 2.875
       MAPE:  tr: 62376703393005.641, val: 62376703393005.641
  [460] MSE:   tr: 15.769, val: 17.336
       MAE:   tr: 2.697, val: 2.785
       MAPE:  tr: 64095931556954.180, val: 64095931556954.180
  [470] MSE:   tr: 15.002, val: 18.078
       MAE:   tr: 2.649, val: 2.818
       MAPE:  tr: 73115547562147.906, val: 73115547562147.906
  [480] MSE:   tr: 15.587, val: 19.353
       MAE:   tr: 2.695, val: 2.889
       MAPE:  tr: 60502899356074.055, val: 60502899356074.055
  [490] MSE:   tr: 16.661, val: 20.602
       MAE:   tr: 2.843, val: 3.043
       MAPE:  tr: 62986983886028.867, val: 62986983886028.867
  [500] MSE:   tr: 14.853, val: 17.693
       MAE:   tr: 2.606, val: 2.764
       MAPE:  tr: 61443278150565.953, val: 61443278150565.953
    New Best Model
  [510] MSE:   tr: 15.475, val: 18.775
       MAE:   tr: 2.665, val: 2.811
       MAPE:  tr: 62334823166902.336, val: 62334823166902.336
  [520] MSE:   tr: 16.168, val: 17.973
       MAE:   tr: 2.740, val: 2.852
       MAPE:  tr: 66854412957515.844, val: 66854412957515.844
  [530] MSE:   tr: 15.536, val: 17.384
       MAE:   tr: 2.680, val: 2.818
       MAPE:  tr: 68257003247501.375, val: 68257003247501.375
  [540] MSE:   tr: 15.301, val: 18.786
       MAE:   tr: 2.669, val: 2.869
       MAPE:  tr: 60636567328260.156, val: 60636567328260.156
  [550] MSE:   tr: 15.193, val: 18.891
       MAE:   tr: 2.671, val: 2.873
       MAPE:  tr: 72394484830175.297, val: 72394484830175.297
  [560] MSE:   tr: 14.954, val: 19.153
       MAE:   tr: 2.655, val: 2.869
       MAPE:  tr: 57064763003240.516, val: 57064763003240.516
  [570] MSE:   tr: 17.323, val: 21.015
       MAE:   tr: 2.854, val: 3.113
       MAPE:  tr: 55517365743386.695, val: 55517365743386.695
  [580] MSE:   tr: 15.141, val: 19.270
       MAE:   tr: 2.636, val: 2.789
       MAPE:  tr: 68376525744898.117, val: 68376525744898.117
  [590] MSE:   tr: 15.731, val: 17.887
       MAE:   tr: 2.728, val: 2.857
       MAPE:  tr: 83286708723908.672, val: 83286708723908.672
  [600] MSE:   tr: 15.785, val: 19.384
       MAE:   tr: 2.756, val: 2.888
       MAPE:  tr: 66503078190252.094, val: 66503078190252.094
  [610] MSE:   tr: 14.936, val: 17.790
       MAE:   tr: 2.647, val: 2.778
       MAPE:  tr: 69262875998289.984, val: 69262875998289.984
  [620] MSE:   tr: 15.414, val: 19.187
       MAE:   tr: 2.650, val: 2.846
       MAPE:  tr: 64791851550376.000, val: 64791851550376.000
  [630] MSE:   tr: 15.771, val: 18.204
       MAE:   tr: 2.670, val: 2.791
       MAPE:  tr: 86708955845230.656, val: 86708955845230.656
  [640] MSE:   tr: 15.246, val: 17.382
       MAE:   tr: 2.639, val: 2.780
       MAPE:  tr: 63396947104366.656, val: 63396947104366.656
  [650] MSE:   tr: 16.710, val: 18.633
       MAE:   tr: 2.758, val: 2.889
       MAPE:  tr: 103351200350470.203, val: 103351200350470.203
  [660] MSE:   tr: 16.510, val: 19.138
       MAE:   tr: 2.850, val: 3.027
       MAPE:  tr: 61782838264987.719, val: 61782838264987.719
  [670] MSE:   tr: 14.948, val: 17.581
       MAE:   tr: 2.621, val: 2.747
       MAPE:  tr: 57952010904797.250, val: 57952010904797.250
    New Best Model
  [680] MSE:   tr: 15.133, val: 18.758
       MAE:   tr: 2.667, val: 2.852
       MAPE:  tr: 55246464976158.781, val: 55246464976158.781
  [690] MSE:   tr: 15.166, val: 19.200
       MAE:   tr: 2.717, val: 2.865
       MAPE:  tr: 57420942493614.141, val: 57420942493614.141
  [700] MSE:   tr: 14.524, val: 17.931
       MAE:   tr: 2.602, val: 2.756
       MAPE:  tr: 58149059709370.430, val: 58149059709370.430
  [710] MSE:   tr: 14.841, val: 16.952
       MAE:   tr: 2.619, val: 2.738
       MAPE:  tr: 72178183834697.797, val: 72178183834697.797
    New Best Model
  [720] MSE:   tr: 16.387, val: 18.552
       MAE:   tr: 2.854, val: 2.964
       MAPE:  tr: 61586639863939.141, val: 61586639863939.141
  [730] MSE:   tr: 15.007, val: 18.914
       MAE:   tr: 2.627, val: 2.862
       MAPE:  tr: 70799857962451.016, val: 70799857962451.016
  [740] MSE:   tr: 14.644, val: 17.898
       MAE:   tr: 2.624, val: 2.827
       MAPE:  tr: 61123206450249.789, val: 61123206450249.789
  [750] MSE:   tr: 15.734, val: 19.093
       MAE:   tr: 2.745, val: 2.861
       MAPE:  tr: 71448608477544.516, val: 71448608477544.516
  [760] MSE:   tr: 15.199, val: 17.975
       MAE:   tr: 2.629, val: 2.797
       MAPE:  tr: 68206973320953.922, val: 68206973320953.922
  [770] MSE:   tr: 14.948, val: 17.685
       MAE:   tr: 2.581, val: 2.756
       MAPE:  tr: 87335799879630.906, val: 87335799879630.906
  [780] MSE:   tr: 15.078, val: 17.590
       MAE:   tr: 2.631, val: 2.771
       MAPE:  tr: 65661502970921.023, val: 65661502970921.023
  [790] MSE:   tr: 14.883, val: 18.112
       MAE:   tr: 2.639, val: 2.844
       MAPE:  tr: 74930334453465.156, val: 74930334453465.156
  [800] MSE:   tr: 15.277, val: 18.133
       MAE:   tr: 2.680, val: 2.837
       MAPE:  tr: 63173555117883.453, val: 63173555117883.453
  [810] MSE:   tr: 14.546, val: 18.752
       MAE:   tr: 2.581, val: 2.810
       MAPE:  tr: 57208092504358.977, val: 57208092504358.977
  [820] MSE:   tr: 15.307, val: 17.766
       MAE:   tr: 2.704, val: 2.753
       MAPE:  tr: 69929826437300.289, val: 69929826437300.289
  [830] MSE:   tr: 15.827, val: 17.739
       MAE:   tr: 2.689, val: 2.770
       MAPE:  tr: 86839935167889.469, val: 86839935167889.469
  [840] MSE:   tr: 14.276, val: 17.898
       MAE:   tr: 2.584, val: 2.820
       MAPE:  tr: 61445112101601.344, val: 61445112101601.344
  [850] MSE:   tr: 16.520, val: 19.601
       MAE:   tr: 2.804, val: 2.972
       MAPE:  tr: 68029653448654.914, val: 68029653448654.914
  [860] MSE:   tr: 15.365, val: 17.988
       MAE:   tr: 2.697, val: 2.790
       MAPE:  tr: 92479592299757.625, val: 92479592299757.625
  [870] MSE:   tr: 14.868, val: 17.501
       MAE:   tr: 2.624, val: 2.762
       MAPE:  tr: 63225345981022.273, val: 63225345981022.273
  [880] MSE:   tr: 14.729, val: 18.613
       MAE:   tr: 2.598, val: 2.789
       MAPE:  tr: 67883770589478.977, val: 67883770589478.977
  [890] MSE:   tr: 14.770, val: 17.675
       MAE:   tr: 2.602, val: 2.784
       MAPE:  tr: 52493541263278.141, val: 52493541263278.141
  [900] MSE:   tr: 15.045, val: 19.599
       MAE:   tr: 2.623, val: 2.833
       MAPE:  tr: 62442884544069.695, val: 62442884544069.695
  [910] MSE:   tr: 15.398, val: 17.706
       MAE:   tr: 2.653, val: 2.791
       MAPE:  tr: 62004978268504.125, val: 62004978268504.125
  [920] MSE:   tr: 15.150, val: 18.203
       MAE:   tr: 2.666, val: 2.858
       MAPE:  tr: 77876911799271.484, val: 77876911799271.484
  [930] MSE:   tr: 15.707, val: 18.021
       MAE:   tr: 2.709, val: 2.803
       MAPE:  tr: 62101797568774.211, val: 62101797568774.211
  [940] MSE:   tr: 15.395, val: 17.912
       MAE:   tr: 2.694, val: 2.839
       MAPE:  tr: 67567300219240.523, val: 67567300219240.523
  [950] MSE:   tr: 14.687, val: 18.522
       MAE:   tr: 2.607, val: 2.806
       MAPE:  tr: 69065964632670.273, val: 69065964632670.273
  [960] MSE:   tr: 14.570, val: 17.880
       MAE:   tr: 2.587, val: 2.786
       MAPE:  tr: 74592767203868.734, val: 74592767203868.734
  [970] MSE:   tr: 14.404, val: 17.763
       MAE:   tr: 2.566, val: 2.780
       MAPE:  tr: 68661898404429.891, val: 68661898404429.891
  [980] MSE:   tr: 15.919, val: 18.109
       MAE:   tr: 2.802, val: 2.948
       MAPE:  tr: 71045923081289.797, val: 71045923081289.797
  [990] MSE:   tr: 14.459, val: 17.880
       MAE:   tr: 2.606, val: 2.759
       MAPE:  tr: 59010222127054.914, val: 59010222127054.914
  [1000] MSE:   tr: 15.515, val: 17.649
       MAE:   tr: 2.647, val: 2.848
       MAPE:  tr: 70434568846442.562, val: 70434568846442.562
  [1010] MSE:   tr: 14.854, val: 18.022
       MAE:   tr: 2.613, val: 2.764
       MAPE:  tr: 59535204569579.586, val: 59535204569579.586
  [1020] MSE:   tr: 14.796, val: 17.053
       MAE:   tr: 2.589, val: 2.731
       MAPE:  tr: 69304142044069.953, val: 69304142044069.953
    New Best Model
  [1030] MSE:   tr: 15.275, val: 17.473
       MAE:   tr: 2.685, val: 2.767
       MAPE:  tr: 63099344525459.523, val: 63099344525459.523
  [1040] MSE:   tr: 14.835, val: 18.472
       MAE:   tr: 2.606, val: 2.806
       MAPE:  tr: 55881836668125.250, val: 55881836668125.250
  [1050] MSE:   tr: 15.125, val: 18.631
       MAE:   tr: 2.681, val: 2.805
       MAPE:  tr: 61337299832537.148, val: 61337299832537.148
  [1060] MSE:   tr: 16.051, val: 18.533
       MAE:   tr: 2.718, val: 2.887
       MAPE:  tr: 97858437542576.188, val: 97858437542576.188
  [1070] MSE:   tr: 14.798, val: 17.658
       MAE:   tr: 2.616, val: 2.772
       MAPE:  tr: 74182262819651.641, val: 74182262819651.641
  [1080] MSE:   tr: 14.785, val: 17.158
       MAE:   tr: 2.635, val: 2.754
       MAPE:  tr: 69471508329660.477, val: 69471508329660.477
  [1090] MSE:   tr: 15.479, val: 19.967
       MAE:   tr: 2.715, val: 2.945
       MAPE:  tr: 61948284700196.938, val: 61948284700196.938
  [1100] MSE:   tr: 14.525, val: 17.551
       MAE:   tr: 2.575, val: 2.758
       MAPE:  tr: 55575579730116.672, val: 55575579730116.672
  [1110] MSE:   tr: 14.908, val: 17.801
       MAE:   tr: 2.604, val: 2.846
       MAPE:  tr: 66322532797513.789, val: 66322532797513.789
  [1120] MSE:   tr: 14.850, val: 17.495
       MAE:   tr: 2.616, val: 2.803
       MAPE:  tr: 71356367612411.969, val: 71356367612411.969
  [1130] MSE:   tr: 13.847, val: 17.067
       MAE:   tr: 2.544, val: 2.750
       MAPE:  tr: 60651153037197.375, val: 60651153037197.375
  [1140] MSE:   tr: 15.672, val: 18.615
       MAE:   tr: 2.697, val: 2.806
       MAPE:  tr: 76672802685452.359, val: 76672802685452.359
  [1150] MSE:   tr: 14.747, val: 18.538
       MAE:   tr: 2.623, val: 2.834
       MAPE:  tr: 61293693029580.867, val: 61293693029580.867
  [1160] MSE:   tr: 14.716, val: 16.402
       MAE:   tr: 2.580, val: 2.734
       MAPE:  tr: 55517365743386.695, val: 55517365743386.695
  [580] MSE:   tr: 15.141, val: 19.270
       MAE:   tr: 2.636, val: 2.789
       MAPE:  tr: 68376525744898.117, val: 68376525744898.117
  [590] MSE:   tr: 15.731, val: 17.887
       MAE:   tr: 2.728, val: 2.857
       MAPE:  tr: 83286708723908.672, val: 83286708723908.672
  [600] MSE:   tr: 15.785, val: 19.384
       MAE:   tr: 2.756, val: 2.888
       MAPE:  tr: 66503078190252.094, val: 66503078190252.094
  [610] MSE:   tr: 14.936, val: 17.790
       MAE:   tr: 2.647, val: 2.778
       MAPE:  tr: 69262875998289.984, val: 69262875998289.984
  [620] MSE:   tr: 15.414, val: 19.187
       MAE:   tr: 2.650, val: 2.846
       MAPE:  tr: 64791851550376.000, val: 64791851550376.000
  [630] MSE:   tr: 15.771, val: 18.204
       MAE:   tr: 2.670, val: 2.791
       MAPE:  tr: 86708955845230.656, val: 86708955845230.656
  [640] MSE:   tr: 15.246, val: 17.382
       MAE:   tr: 2.639, val: 2.780
       MAPE:  tr: 63396947104366.656, val: 63396947104366.656
  [650] MSE:   tr: 16.710, val: 18.633
       MAE:   tr: 2.758, val: 2.889
       MAPE:  tr: 103351200350470.203, val: 103351200350470.203
  [660] MSE:   tr: 16.510, val: 19.138
       MAE:   tr: 2.850, val: 3.027
       MAPE:  tr: 61782838264987.719, val: 61782838264987.719
  [670] MSE:   tr: 14.948, val: 17.581
       MAE:   tr: 2.621, val: 2.747
       MAPE:  tr: 57952010904797.250, val: 57952010904797.250
    New Best Model
  [680] MSE:   tr: 15.133, val: 18.758
       MAE:   tr: 2.667, val: 2.852
       MAPE:  tr: 55246464976158.781, val: 55246464976158.781
  [690] MSE:   tr: 15.166, val: 19.200
       MAE:   tr: 2.717, val: 2.865
       MAPE:  tr: 57420942493614.141, val: 57420942493614.141
  [700] MSE:   tr: 14.524, val: 17.931
       MAE:   tr: 2.602, val: 2.756
       MAPE:  tr: 58149059709370.430, val: 58149059709370.430
  [710] MSE:   tr: 14.841, val: 16.952
       MAE:   tr: 2.619, val: 2.738
       MAPE:  tr: 72178183834697.797, val: 72178183834697.797
    New Best Model
  [720] MSE:   tr: 16.387, val: 18.552
       MAE:   tr: 2.854, val: 2.964
       MAPE:  tr: 61586639863939.141, val: 61586639863939.141
  [730] MSE:   tr: 15.007, val: 18.914
       MAE:   tr: 2.627, val: 2.862
       MAPE:  tr: 70799857962451.016, val: 70799857962451.016
  [740] MSE:   tr: 14.644, val: 17.898
       MAE:   tr: 2.624, val: 2.827
       MAPE:  tr: 61123206450249.789, val: 61123206450249.789
  [750] MSE:   tr: 15.734, val: 19.093
       MAE:   tr: 2.745, val: 2.861
       MAPE:  tr: 71448608477544.516, val: 71448608477544.516
  [760] MSE:   tr: 15.199, val: 17.975
       MAE:   tr: 2.629, val: 2.797
       MAPE:  tr: 68206973320953.922, val: 68206973320953.922
  [770] MSE:   tr: 14.948, val: 17.685
       MAE:   tr: 2.581, val: 2.756
       MAPE:  tr: 87335799879630.906, val: 87335799879630.906
  [780] MSE:   tr: 15.078, val: 17.590
       MAE:   tr: 2.631, val: 2.771
       MAPE:  tr: 65661502970921.023, val: 65661502970921.023
  [790] MSE:   tr: 14.883, val: 18.112
       MAE:   tr: 2.639, val: 2.844
       MAPE:  tr: 74930334453465.156, val: 74930334453465.156
  [800] MSE:   tr: 15.277, val: 18.133
       MAE:   tr: 2.680, val: 2.837
       MAPE:  tr: 63173555117883.453, val: 63173555117883.453
  [810] MSE:   tr: 14.546, val: 18.752
       MAE:   tr: 2.581, val: 2.810
       MAPE:  tr: 57208092504358.977, val: 57208092504358.977
  [820] MSE:   tr: 15.307, val: 17.766
       MAE:   tr: 2.704, val: 2.753
       MAPE:  tr: 69929826437300.289, val: 69929826437300.289
  [830] MSE:   tr: 15.827, val: 17.739
       MAE:   tr: 2.689, val: 2.770
       MAPE:  tr: 86839935167889.469, val: 86839935167889.469
  [840] MSE:   tr: 14.276, val: 17.898
       MAE:   tr: 2.584, val: 2.820
       MAPE:  tr: 61445112101601.344, val: 61445112101601.344
  [850] MSE:   tr: 16.520, val: 19.601
       MAE:   tr: 2.804, val: 2.972
       MAPE:  tr: 68029653448654.914, val: 68029653448654.914
  [860] MSE:   tr: 15.365, val: 17.988
       MAE:   tr: 2.697, val: 2.790
       MAPE:  tr: 92479592299757.625, val: 92479592299757.625
  [870] MSE:   tr: 14.868, val: 17.501
       MAE:   tr: 2.624, val: 2.762
       MAPE:  tr: 63225345981022.273, val: 63225345981022.273
  [880] MSE:   tr: 14.729, val: 18.613
       MAE:   tr: 2.598, val: 2.789
       MAPE:  tr: 67883770589478.977, val: 67883770589478.977
  [890] MSE:   tr: 14.770, val: 17.675
       MAE:   tr: 2.602, val: 2.784
       MAPE:  tr: 52493541263278.141, val: 52493541263278.141
  [900] MSE:   tr: 15.045, val: 19.599
       MAE:   tr: 2.623, val: 2.833
       MAPE:  tr: 62442884544069.695, val: 62442884544069.695
  [910] MSE:   tr: 15.398, val: 17.706
       MAE:   tr: 2.653, val: 2.791
       MAPE:  tr: 62004978268504.125, val: 62004978268504.125
  [920] MSE:   tr: 15.150, val: 18.203
       MAE:   tr: 2.666, val: 2.858
       MAPE:  tr: 77876911799271.484, val: 77876911799271.484
  [930] MSE:   tr: 15.707, val: 18.021
       MAE:   tr: 2.709, val: 2.803
       MAPE:  tr: 62101797568774.211, val: 62101797568774.211
  [940] MSE:   tr: 15.395, val: 17.912
       MAE:   tr: 2.694, val: 2.839
       MAPE:  tr: 67567300219240.523, val: 67567300219240.523
  [950] MSE:   tr: 14.687, val: 18.522
       MAE:   tr: 2.607, val: 2.806
       MAPE:  tr: 69065964632670.273, val: 69065964632670.273
  [960] MSE:   tr: 14.570, val: 17.880
       MAE:   tr: 2.587, val: 2.786
       MAPE:  tr: 74592767203868.734, val: 74592767203868.734
  [970] MSE:   tr: 14.404, val: 17.763
       MAE:   tr: 2.566, val: 2.780
       MAPE:  tr: 68661898404429.891, val: 68661898404429.891
  [980] MSE:   tr: 15.919, val: 18.109
       MAE:   tr: 2.802, val: 2.948
       MAPE:  tr: 71045923081289.797, val: 71045923081289.797
  [990] MSE:   tr: 14.459, val: 17.880
       MAE:   tr: 2.606, val: 2.759
       MAPE:  tr: 59010222127054.914, val: 59010222127054.914
  [1000] MSE:   tr: 15.515, val: 17.649
       MAE:   tr: 2.647, val: 2.848
       MAPE:  tr: 70434568846442.562, val: 70434568846442.562
  [1010] MSE:   tr: 14.854, val: 18.022
       MAE:   tr: 2.613, val: 2.764
       MAPE:  tr: 59535204569579.586, val: 59535204569579.586
  [1020] MSE:   tr: 14.796, val: 17.053
       MAE:   tr: 2.589, val: 2.731
       MAPE:  tr: 69304142044069.953, val: 69304142044069.953
    New Best Model
  [1030] MSE:   tr: 15.275, val: 17.473
       MAE:   tr: 2.685, val: 2.767
       MAPE:  tr: 63099344525459.523, val: 63099344525459.523
  [1040] MSE:   tr: 14.835, val: 18.472
       MAE:   tr: 2.606, val: 2.806
       MAPE:  tr: 55881836668125.250, val: 55881836668125.250
  [1050] MSE:   tr: 15.125, val: 18.631
       MAE:   tr: 2.681, val: 2.805
       MAPE:  tr: 61337299832537.148, val: 61337299832537.148
  [1060] MSE:   tr: 16.051, val: 18.533
       MAE:   tr: 2.718, val: 2.887
       MAPE:  tr: 97858437542576.188, val: 97858437542576.188
  [1070] MSE:   tr: 14.798, val: 17.658
       MAE:   tr: 2.616, val: 2.772
       MAPE:  tr: 74182262819651.641, val: 74182262819651.641
  [1080] MSE:   tr: 14.785, val: 17.158
       MAE:   tr: 2.635, val: 2.754
       MAPE:  tr: 69471508329660.477, val: 69471508329660.477
  [1090] MSE:   tr: 15.479, val: 19.967
       MAE:   tr: 2.715, val: 2.945
       MAPE:  tr: 61948284700196.938, val: 61948284700196.938
  [1100] MSE:   tr: 14.525, val: 17.551
       MAE:   tr: 2.575, val: 2.758
       MAPE:  tr: 55575579730116.672, val: 55575579730116.672
  [1110] MSE:   tr: 14.908, val: 17.801
       MAE:   tr: 2.604, val: 2.846
       MAPE:  tr: 66322532797513.789, val: 66322532797513.789
  [1120] MSE:   tr: 14.850, val: 17.495
       MAE:   tr: 2.616, val: 2.803
       MAPE:  tr: 71356367612411.969, val: 71356367612411.969
  [1130] MSE:   tr: 13.847, val: 17.067
       MAE:   tr: 2.544, val: 2.750
       MAPE:  tr: 60651153037197.375, val: 60651153037197.375
  [1140] MSE:   tr: 15.672, val: 18.615
       MAE:   tr: 2.697, val: 2.806
       MAPE:  tr: 76672802685452.359, val: 76672802685452.359
  [1150] MSE:   tr: 14.747, val: 18.538
       MAE:   tr: 2.623, val: 2.834
       MAPE:  tr: 61293693029580.867, val: 61293693029580.867
  [1160] MSE:   tr: 14.716, val: 16.402
       MAE:   tr: 2.580, val: 2.734
       MAPE:  tr: 65639207795687.484, val: 65639207795687.484
  [1170] MSE:   tr: 14.710, val: 16.920
       MAE:   tr: 2.575, val: 2.713
       MAPE:  tr: 68855560627290.180, val: 68855560627290.180
    New Best Model
  [1180] MSE:   tr: 15.448, val: 18.043
       MAE:   tr: 2.700, val: 2.838
       MAPE:  tr: 62828125930651.711, val: 62828125930651.711
  [1190] MSE:   tr: 14.515, val: 18.193
       MAE:   tr: 2.591, val: 2.791
       MAPE:  tr: 72738125163528.250, val: 72738125163528.250
  [1200] MSE:   tr: 15.309, val: 17.708
       MAE:   tr: 2.674, val: 2.804
       MAPE:  tr: 66609844634779.711, val: 66609844634779.711
  [1210] MSE:   tr: 14.936, val: 17.962
       MAE:   tr: 2.622, val: 2.770
       MAPE:  tr: 63350007406788.672, val: 63350007406788.672
  [1220] MSE:   tr: 16.808, val: 20.589
       MAE:   tr: 2.870, val: 3.097
       MAPE:  tr: 60794881970274.367, val: 60794881970274.367
  [1230] MSE:   tr: 14.501, val: 18.052
       MAE:   tr: 2.574, val: 2.781
       MAPE:  tr: 61597317152636.992, val: 61597317152636.992
  [1240] MSE:   tr: 15.282, val: 18.383
       MAE:   tr: 2.637, val: 2.820
       MAPE:  tr: 69591885525549.117, val: 69591885525549.117
  [1250] MSE:   tr: 14.803, val: 17.800
       MAE:   tr: 2.610, val: 2.770
       MAPE:  tr: 64383286343893.055, val: 64383286343893.055
  [1260] MSE:   tr: 14.512, val: 19.471
       MAE:   tr: 2.582, val: 2.746
       MAPE:  tr: 62224588536283.203, val: 62224588536283.203
  [1270] MSE:   tr: 14.318, val: 17.206
       MAE:   tr: 2.578, val: 2.746
       MAPE:  tr: 65105334770860.094, val: 65105334770860.094
  [1280] MSE:   tr: 14.733, val: 17.396
       MAE:   tr: 2.567, val: 2.705
       MAPE:  tr: 72072514754314.297, val: 72072514754314.297
    New Best Model
  [1290] MSE:   tr: 14.270, val: 18.532
       MAE:   tr: 2.536, val: 2.780
       MAPE:  tr: 61152478799855.680, val: 61152478799855.680
  [1300] MSE:   tr: 14.235, val: 18.350
       MAE:   tr: 2.555, val: 2.776
       MAPE:  tr: 70301897306669.117, val: 70301897306669.117
  [1310] MSE:   tr: 14.965, val: 18.231
       MAE:   tr: 2.602, val: 2.742
       MAPE:  tr: 64468996711252.031, val: 64468996711252.031
  [1320] MSE:   tr: 14.155, val: 17.712
       MAE:   tr: 2.548, val: 2.735
       MAPE:  tr: 67651661966868.547, val: 67651661966868.547
  [1330] MSE:   tr: 14.424, val: 18.168
       MAE:   tr: 2.528, val: 2.748
       MAPE:  tr: 72770674573180.984, val: 72770674573180.984
  [1340] MSE:   tr: 15.186, val: 18.477
       MAE:   tr: 2.673, val: 2.838
       MAPE:  tr: 64824476121956.414, val: 64824476121956.414
  [1350] MSE:   tr: 14.548, val: 16.976
       MAE:   tr: 2.552, val: 2.712
       MAPE:  tr: 65835955952549.953, val: 65835955952549.953
  [1360] MSE:   tr: 14.942, val: 18.222
       MAE:   tr: 2.580, val: 2.755
       MAPE:  tr: 65955508514717.758, val: 65955508514717.758
  [1370] MSE:   tr: 14.467, val: 17.944
       MAE:   tr: 2.553, val: 2.754
       MAPE:  tr: 56845468415557.695, val: 56845468415557.695
  [1380] MSE:   tr: 14.783, val: 17.265
       MAE:   tr: 2.586, val: 2.743
       MAPE:  tr: 61725655070408.766, val: 61725655070408.766
  [1390] MSE:   tr: 15.067, val: 17.967
       MAE:   tr: 2.630, val: 2.771
       MAPE:  tr: 66893213692067.906, val: 66893213692067.906
  [1400] MSE:   tr: 14.928, val: 18.135
       MAE:   tr: 2.635, val: 2.774
       MAPE:  tr: 70346208484261.953, val: 70346208484261.953
  [1410] MSE:   tr: 14.251, val: 18.355
       MAE:   tr: 2.558, val: 2.763
       MAPE:  tr: 87629839783166.016, val: 87629839783166.016
  [1420] MSE:   tr: 14.270, val: 17.368
       MAE:   tr: 2.557, val: 2.780
       MAPE:  tr: 70284412494807.102, val: 70284412494807.102
  [1430] MSE:   tr: 14.469, val: 17.978
       MAE:   tr: 2.541, val: 2.731
       MAPE:  tr: 65343804240035.906, val: 65343804240035.906
  [1440] MSE:   tr: 13.960, val: 17.671
       MAE:   tr: 2.539, val: 2.713
       MAPE:  tr: 66570726072647.742, val: 66570726072647.742
  [1450] MSE:   tr: 14.126, val: 17.868
       MAE:   tr: 2.548, val: 2.753
       MAPE:  tr: 80671717885739.078, val: 80671717885739.078
  [1460] MSE:   tr: 14.614, val: 17.145
       MAE:   tr: 2.556, val: 2.702
       MAPE:  tr: 73235222530883.641, val: 73235222530883.641
    New Best Model
  [1470] MSE:   tr: 14.350, val: 17.759
       MAE:   tr: 2.545, val: 2.719
       MAPE:  tr: 67129213555048.516, val: 67129213555048.516
  [1480] MSE:   tr: 14.256, val: 17.220
       MAE:   tr: 2.567, val: 2.758
       MAPE:  tr: 70471651594076.219, val: 70471651594076.219
  [1490] MSE:   tr: 14.792, val: 18.205
       MAE:   tr: 2.561, val: 2.743
       MAPE:  tr: 66893383343276.094, val: 66893383343276.094
  [1500] MSE:   tr: 14.382, val: 17.103
       MAE:   tr: 2.536, val: 2.792
       MAPE:  tr: 75402136610930.750, val: 75402136610930.750
  [1510] MSE:   tr: 15.434, val: 19.605
       MAE:   tr: 2.698, val: 2.930
       MAPE:  tr: 69536323681124.414, val: 69536323681124.414
  [1520] MSE:   tr: 14.530, val: 17.119
       MAE:   tr: 2.609, val: 2.731
       MAPE:  tr: 61713727946227.773, val: 61713727946227.773
  [1530] MSE:   tr: 14.102, val: 17.032
       MAE:   tr: 2.541, val: 2.706
       MAPE:  tr: 79439371509432.391, val: 79439371509432.391
  [1540] MSE:   tr: 14.206, val: 17.098
       MAE:   tr: 2.571, val: 2.745
       MAPE:  tr: 65980438652387.391, val: 65980438652387.391
  [1550] MSE:   tr: 14.323, val: 18.356
       MAE:   tr: 2.550, val: 2.704
       MAPE:  tr: 69564410619756.609, val: 69564410619756.609
  [1560] MSE:   tr: 14.466, val: 17.668
       MAE:   tr: 2.586, val: 2.733
       MAPE:  tr: 79691829687091.266, val: 79691829687091.266
  [1570] MSE:   tr: 14.410, val: 17.247
       MAE:   tr: 2.575, val: 2.702
       MAPE:  tr: 62060022569369.664, val: 62060022569369.664
    New Best Model
  [1580] MSE:   tr: 14.076, val: 16.627
       MAE:   tr: 2.558, val: 2.720
       MAPE:  tr: 60887737015730.242, val: 60887737015730.242
  [1590] MSE:   tr: 14.917, val: 17.962
       MAE:   tr: 2.581, val: 2.771
       MAPE:  tr: 62456014259093.570, val: 62456014259093.570
  [1600] MSE:   tr: 14.666, val: 17.010
       MAE:   tr: 2.600, val: 2.702
       MAPE:  tr: 68948218104250.430, val: 68948218104250.430
    New Best Model
  [1610] MSE:   tr: 13.994, val: 17.446
       MAE:   tr: 2.514, val: 2.774
       MAPE:  tr: 65495755888001.086, val: 65495755888001.086
  [1620] MSE:   tr: 14.811, val: 17.405
       MAE:   tr: 2.592, val: 2.727
       MAPE:  tr: 61409957794283.586, val: 61409957794283.586
  [1630] MSE:   tr: 14.544, val: 17.155
       MAE:   tr: 2.567, val: 2.697
       MAPE:  tr: 78948933488869.438, val: 78948933488869.438
    New Best Model
  [1640] MSE:   tr: 14.156, val: 16.911
       MAE:   tr: 2.562, val: 2.754
       MAPE:  tr: 75159774827642.938, val: 75159774827642.938
  [1650] MSE:   tr: 14.274, val: 18.671
       MAE:   tr: 2.588, val: 2.788
       MAPE:  tr: 53101532538732.609, val: 53101532538732.609
  [1660] MSE:   tr: 14.415, val: 17.525
       MAE:   tr: 2.553, val: 2.755
       MAPE:  tr: 67851038643716.156, val: 67851038643716.156
  [1670] MSE:   tr: 13.555, val: 16.313
       MAE:   tr: 2.480, val: 2.632
       MAPE:  tr: 56352908681150.531, val: 56352908681150.531
    New Best Model
  [1680] MSE:   tr: 14.405, val: 17.543
       MAE:   tr: 2.555, val: 2.654
       MAPE:  tr: 71042268064120.891, val: 71042268064120.891
  [1690] MSE:   tr: 14.833, val: 16.265
       MAE:   tr: 2.586, val: 2.691
       MAPE:  tr: 65375939185344.578, val: 65375939185344.578
  [1700] MSE:   tr: 14.910, val: 17.975
       MAE:   tr: 2.601, val: 2.766
       MAPE:  tr: 63618391323181.117, val: 63618391323181.117
  [1710] MSE:   tr: 15.421, val: 17.460
       MAE:   tr: 2.636, val: 2.763
       MAPE:  tr: 71353292415828.031, val: 71353292415828.031
  [1720] MSE:   tr: 15.120, val: 18.855
       MAE:   tr: 2.642, val: 2.807
       MAPE:  tr: 61791499066540.094, val: 61791499066540.094
  [1730] MSE:   tr: 14.450, val: 17.439
       MAE:   tr: 2.555, val: 2.713
       MAPE:  tr: 64313059333636.156, val: 64313059333636.156
  [1740] MSE:   tr: 14.299, val: 16.365
       MAE:   tr: 2.553, val: 2.672
       MAPE:  tr: 65639207795687.484, val: 65639207795687.484
  [1170] MSE:   tr: 14.710, val: 16.920
       MAE:   tr: 2.575, val: 2.713
       MAPE:  tr: 68855560627290.180, val: 68855560627290.180
    New Best Model
  [1180] MSE:   tr: 15.448, val: 18.043
       MAE:   tr: 2.700, val: 2.838
       MAPE:  tr: 62828125930651.711, val: 62828125930651.711
  [1190] MSE:   tr: 14.515, val: 18.193
       MAE:   tr: 2.591, val: 2.791
       MAPE:  tr: 72738125163528.250, val: 72738125163528.250
  [1200] MSE:   tr: 15.309, val: 17.708
       MAE:   tr: 2.674, val: 2.804
       MAPE:  tr: 66609844634779.711, val: 66609844634779.711
  [1210] MSE:   tr: 14.936, val: 17.962
       MAE:   tr: 2.622, val: 2.770
       MAPE:  tr: 63350007406788.672, val: 63350007406788.672
  [1220] MSE:   tr: 16.808, val: 20.589
       MAE:   tr: 2.870, val: 3.097
       MAPE:  tr: 60794881970274.367, val: 60794881970274.367
  [1230] MSE:   tr: 14.501, val: 18.052
       MAE:   tr: 2.574, val: 2.781
       MAPE:  tr: 61597317152636.992, val: 61597317152636.992
  [1240] MSE:   tr: 15.282, val: 18.383
       MAE:   tr: 2.637, val: 2.820
       MAPE:  tr: 69591885525549.117, val: 69591885525549.117
  [1250] MSE:   tr: 14.803, val: 17.800
       MAE:   tr: 2.610, val: 2.770
       MAPE:  tr: 64383286343893.055, val: 64383286343893.055
  [1260] MSE:   tr: 14.512, val: 19.471
       MAE:   tr: 2.582, val: 2.746
       MAPE:  tr: 62224588536283.203, val: 62224588536283.203
  [1270] MSE:   tr: 14.318, val: 17.206
       MAE:   tr: 2.578, val: 2.746
       MAPE:  tr: 65105334770860.094, val: 65105334770860.094
  [1280] MSE:   tr: 14.733, val: 17.396
       MAE:   tr: 2.567, val: 2.705
       MAPE:  tr: 72072514754314.297, val: 72072514754314.297
    New Best Model
  [1290] MSE:   tr: 14.270, val: 18.532
       MAE:   tr: 2.536, val: 2.780
       MAPE:  tr: 61152478799855.680, val: 61152478799855.680
  [1300] MSE:   tr: 14.235, val: 18.350
       MAE:   tr: 2.555, val: 2.776
       MAPE:  tr: 70301897306669.117, val: 70301897306669.117
  [1310] MSE:   tr: 14.965, val: 18.231
       MAE:   tr: 2.602, val: 2.742
       MAPE:  tr: 64468996711252.031, val: 64468996711252.031
  [1320] MSE:   tr: 14.155, val: 17.712
       MAE:   tr: 2.548, val: 2.735
       MAPE:  tr: 67651661966868.547, val: 67651661966868.547
  [1330] MSE:   tr: 14.424, val: 18.168
       MAE:   tr: 2.528, val: 2.748
       MAPE:  tr: 72770674573180.984, val: 72770674573180.984
  [1340] MSE:   tr: 15.186, val: 18.477
       MAE:   tr: 2.673, val: 2.838
       MAPE:  tr: 64824476121956.414, val: 64824476121956.414
  [1350] MSE:   tr: 14.548, val: 16.976
       MAE:   tr: 2.552, val: 2.712
       MAPE:  tr: 65835955952549.953, val: 65835955952549.953
  [1360] MSE:   tr: 14.942, val: 18.222
       MAE:   tr: 2.580, val: 2.755
       MAPE:  tr: 65955508514717.758, val: 65955508514717.758
  [1370] MSE:   tr: 14.467, val: 17.944
       MAE:   tr: 2.553, val: 2.754
       MAPE:  tr: 56845468415557.695, val: 56845468415557.695
  [1380] MSE:   tr: 14.783, val: 17.265
       MAE:   tr: 2.586, val: 2.743
       MAPE:  tr: 61725655070408.766, val: 61725655070408.766
  [1390] MSE:   tr: 15.067, val: 17.967
       MAE:   tr: 2.630, val: 2.771
       MAPE:  tr: 66893213692067.906, val: 66893213692067.906
  [1400] MSE:   tr: 14.928, val: 18.135
       MAE:   tr: 2.635, val: 2.774
       MAPE:  tr: 70346208484261.953, val: 70346208484261.953
  [1410] MSE:   tr: 14.251, val: 18.355
       MAE:   tr: 2.558, val: 2.763
       MAPE:  tr: 87629839783166.016, val: 87629839783166.016
  [1420] MSE:   tr: 14.270, val: 17.368
       MAE:   tr: 2.557, val: 2.780
       MAPE:  tr: 70284412494807.102, val: 70284412494807.102
  [1430] MSE:   tr: 14.469, val: 17.978
       MAE:   tr: 2.541, val: 2.731
       MAPE:  tr: 65343804240035.906, val: 65343804240035.906
  [1440] MSE:   tr: 13.960, val: 17.671
       MAE:   tr: 2.539, val: 2.713
       MAPE:  tr: 66570726072647.742, val: 66570726072647.742
  [1450] MSE:   tr: 14.126, val: 17.868
       MAE:   tr: 2.548, val: 2.753
       MAPE:  tr: 80671717885739.078, val: 80671717885739.078
  [1460] MSE:   tr: 14.614, val: 17.145
       MAE:   tr: 2.556, val: 2.702
       MAPE:  tr: 73235222530883.641, val: 73235222530883.641
    New Best Model
  [1470] MSE:   tr: 14.350, val: 17.759
       MAE:   tr: 2.545, val: 2.719
       MAPE:  tr: 67129213555048.516, val: 67129213555048.516
  [1480] MSE:   tr: 14.256, val: 17.220
       MAE:   tr: 2.567, val: 2.758
       MAPE:  tr: 70471651594076.219, val: 70471651594076.219
  [1490] MSE:   tr: 14.792, val: 18.205
       MAE:   tr: 2.561, val: 2.743
       MAPE:  tr: 66893383343276.094, val: 66893383343276.094
  [1500] MSE:   tr: 14.382, val: 17.103
       MAE:   tr: 2.536, val: 2.792
       MAPE:  tr: 75402136610930.750, val: 75402136610930.750
  [1510] MSE:   tr: 15.434, val: 19.605
       MAE:   tr: 2.698, val: 2.930
       MAPE:  tr: 69536323681124.414, val: 69536323681124.414
  [1520] MSE:   tr: 14.530, val: 17.119
       MAE:   tr: 2.609, val: 2.731
       MAPE:  tr: 61713727946227.773, val: 61713727946227.773
  [1530] MSE:   tr: 14.102, val: 17.032
       MAE:   tr: 2.541, val: 2.706
       MAPE:  tr: 79439371509432.391, val: 79439371509432.391
  [1540] MSE:   tr: 14.206, val: 17.098
       MAE:   tr: 2.571, val: 2.745
       MAPE:  tr: 65980438652387.391, val: 65980438652387.391
  [1550] MSE:   tr: 14.323, val: 18.356
       MAE:   tr: 2.550, val: 2.704
       MAPE:  tr: 69564410619756.609, val: 69564410619756.609
  [1560] MSE:   tr: 14.466, val: 17.668
       MAE:   tr: 2.586, val: 2.733
       MAPE:  tr: 79691829687091.266, val: 79691829687091.266
  [1570] MSE:   tr: 14.410, val: 17.247
       MAE:   tr: 2.575, val: 2.702
       MAPE:  tr: 62060022569369.664, val: 62060022569369.664
    New Best Model
  [1580] MSE:   tr: 14.076, val: 16.627
       MAE:   tr: 2.558, val: 2.720
       MAPE:  tr: 60887737015730.242, val: 60887737015730.242
  [1590] MSE:   tr: 14.917, val: 17.962
       MAE:   tr: 2.581, val: 2.771
       MAPE:  tr: 62456014259093.570, val: 62456014259093.570
  [1600] MSE:   tr: 14.666, val: 17.010
       MAE:   tr: 2.600, val: 2.702
       MAPE:  tr: 68948218104250.430, val: 68948218104250.430
    New Best Model
  [1610] MSE:   tr: 13.994, val: 17.446
       MAE:   tr: 2.514, val: 2.774
       MAPE:  tr: 65495755888001.086, val: 65495755888001.086
  [1620] MSE:   tr: 14.811, val: 17.405
       MAE:   tr: 2.592, val: 2.727
       MAPE:  tr: 61409957794283.586, val: 61409957794283.586
  [1630] MSE:   tr: 14.544, val: 17.155
       MAE:   tr: 2.567, val: 2.697
       MAPE:  tr: 78948933488869.438, val: 78948933488869.438
    New Best Model
  [1640] MSE:   tr: 14.156, val: 16.911
       MAE:   tr: 2.562, val: 2.754
       MAPE:  tr: 75159774827642.938, val: 75159774827642.938
  [1650] MSE:   tr: 14.274, val: 18.671
       MAE:   tr: 2.588, val: 2.788
       MAPE:  tr: 53101532538732.609, val: 53101532538732.609
  [1660] MSE:   tr: 14.415, val: 17.525
       MAE:   tr: 2.553, val: 2.755
       MAPE:  tr: 67851038643716.156, val: 67851038643716.156
  [1670] MSE:   tr: 13.555, val: 16.313
       MAE:   tr: 2.480, val: 2.632
       MAPE:  tr: 56352908681150.531, val: 56352908681150.531
    New Best Model
  [1680] MSE:   tr: 14.405, val: 17.543
       MAE:   tr: 2.555, val: 2.654
       MAPE:  tr: 71042268064120.891, val: 71042268064120.891
  [1690] MSE:   tr: 14.833, val: 16.265
       MAE:   tr: 2.586, val: 2.691
       MAPE:  tr: 65375939185344.578, val: 65375939185344.578
  [1700] MSE:   tr: 14.910, val: 17.975
       MAE:   tr: 2.601, val: 2.766
       MAPE:  tr: 63618391323181.117, val: 63618391323181.117
  [1710] MSE:   tr: 15.421, val: 17.460
       MAE:   tr: 2.636, val: 2.763
       MAPE:  tr: 71353292415828.031, val: 71353292415828.031
  [1720] MSE:   tr: 15.120, val: 18.855
       MAE:   tr: 2.642, val: 2.807
       MAPE:  tr: 61791499066540.094, val: 61791499066540.094
  [1730] MSE:   tr: 14.450, val: 17.439
       MAE:   tr: 2.555, val: 2.713
       MAPE:  tr: 64313059333636.156, val: 64313059333636.156
  [1740] MSE:   tr: 14.299, val: 16.365
       MAE:   tr: 2.553, val: 2.672
       MAPE:  tr: 64057450797465.664, val: 64057450797465.664
  [1750] MSE:   tr: 15.147, val: 18.746
       MAE:   tr: 2.650, val: 2.902
       MAPE:  tr: 63997873158619.203, val: 63997873158619.203
  [1760] MSE:   tr: 14.697, val: 17.836
       MAE:   tr: 2.562, val: 2.729
       MAPE:  tr: 70242712657330.242, val: 70242712657330.242
  [1770] MSE:   tr: 14.448, val: 18.448
       MAE:   tr: 2.573, val: 2.831
       MAPE:  tr: 65378664342093.891, val: 65378664342093.891
  [1780] MSE:   tr: 14.655, val: 18.693
       MAE:   tr: 2.572, val: 2.791
       MAPE:  tr: 60813666009743.422, val: 60813666009743.422
  [1790] MSE:   tr: 14.366, val: 16.952
       MAE:   tr: 2.547, val: 2.688
       MAPE:  tr: 70889435947860.031, val: 70889435947860.031
  [1800] MSE:   tr: 14.457, val: 17.623
       MAE:   tr: 2.572, val: 2.796
       MAPE:  tr: 75704194144665.656, val: 75704194144665.656
  [1810] MSE:   tr: 14.319, val: 17.591
       MAE:   tr: 2.526, val: 2.758
       MAPE:  tr: 78188482685567.047, val: 78188482685567.047
  [1820] MSE:   tr: 14.905, val: 17.732
       MAE:   tr: 2.562, val: 2.705
       MAPE:  tr: 82925839129247.812, val: 82925839129247.812
  [1830] MSE:   tr: 14.493, val: 17.685
       MAE:   tr: 2.533, val: 2.735
       MAPE:  tr: 65772742623887.422, val: 65772742623887.422
  [1840] MSE:   tr: 13.900, val: 17.443
       MAE:   tr: 2.540, val: 2.694
       MAPE:  tr: 60938862158938.180, val: 60938862158938.180
  [1850] MSE:   tr: 14.058, val: 16.914
       MAE:   tr: 2.521, val: 2.720
       MAPE:  tr: 62452397896630.336, val: 62452397896630.336
  [1860] MSE:   tr: 14.194, val: 16.767
       MAE:   tr: 2.533, val: 2.731
       MAPE:  tr: 64516078142750.781, val: 64516078142750.781
  [1870] MSE:   tr: 14.350, val: 17.205
       MAE:   tr: 2.543, val: 2.720
       MAPE:  tr: 69026764466159.680, val: 69026764466159.680
  [1880] MSE:   tr: 14.221, val: 17.794
       MAE:   tr: 2.579, val: 2.772
       MAPE:  tr: 55953693618470.977, val: 55953693618470.977
  [1890] MSE:   tr: 14.210, val: 17.375
       MAE:   tr: 2.595, val: 2.766
       MAPE:  tr: 62398919111344.195, val: 62398919111344.195
  [1900] MSE:   tr: 14.284, val: 17.912
       MAE:   tr: 2.555, val: 2.748
       MAPE:  tr: 61545730300444.734, val: 61545730300444.734
  [1910] MSE:   tr: 14.662, val: 17.039
       MAE:   tr: 2.622, val: 2.732
       MAPE:  tr: 61797067491639.359, val: 61797067491639.359
  [1920] MSE:   tr: 13.870, val: 17.020
       MAE:   tr: 2.535, val: 2.654
       MAPE:  tr: 67655583272009.789, val: 67655583272009.789
  [1930] MSE:   tr: 15.232, val: 18.605
       MAE:   tr: 2.714, val: 2.872
       MAPE:  tr: 58075145469689.922, val: 58075145469689.922
  [1940] MSE:   tr: 14.891, val: 17.786
       MAE:   tr: 2.585, val: 2.728
       MAPE:  tr: 58049326273790.016, val: 58049326273790.016
  [1950] MSE:   tr: 14.033, val: 16.631
       MAE:   tr: 2.526, val: 2.655
       MAPE:  tr: 63491874471542.852, val: 63491874471542.852
  [1960] MSE:   tr: 13.649, val: 18.740
       MAE:   tr: 2.501, val: 2.695
       MAPE:  tr: 62989064797683.773, val: 62989064797683.773
  [1970] MSE:   tr: 14.193, val: 17.677
       MAE:   tr: 2.536, val: 2.690
       MAPE:  tr: 86133900526485.562, val: 86133900526485.562
  [1980] MSE:   tr: 14.585, val: 17.972
       MAE:   tr: 2.557, val: 2.758
       MAPE:  tr: 78592277257125.953, val: 78592277257125.953
  [1990] MSE:   tr: 14.601, val: 17.019
       MAE:   tr: 2.601, val: 2.734
       MAPE:  tr: 86074037272313.922, val: 86074037272313.922
  [2000] MSE:   tr: 14.493, val: 16.650
       MAE:   tr: 2.621, val: 2.739
       MAPE:  tr: 67757348227121.227, val: 67757348227121.227
  Finished Training
  Neural Network train time: 361.9820923805237
       MAPE:  tr: 64057450797465.664, val: 64057450797465.664
  [1750] MSE:   tr: 15.147, val: 18.746
       MAE:   tr: 2.650, val: 2.902
       MAPE:  tr: 63997873158619.203, val: 63997873158619.203
  [1760] MSE:   tr: 14.697, val: 17.836
       MAE:   tr: 2.562, val: 2.729
       MAPE:  tr: 70242712657330.242, val: 70242712657330.242
  [1770] MSE:   tr: 14.448, val: 18.448
       MAE:   tr: 2.573, val: 2.831
       MAPE:  tr: 65378664342093.891, val: 65378664342093.891
  [1780] MSE:   tr: 14.655, val: 18.693
       MAE:   tr: 2.572, val: 2.791
       MAPE:  tr: 60813666009743.422, val: 60813666009743.422
  [1790] MSE:   tr: 14.366, val: 16.952
       MAE:   tr: 2.547, val: 2.688
       MAPE:  tr: 70889435947860.031, val: 70889435947860.031
  [1800] MSE:   tr: 14.457, val: 17.623
       MAE:   tr: 2.572, val: 2.796
       MAPE:  tr: 75704194144665.656, val: 75704194144665.656
  [1810] MSE:   tr: 14.319, val: 17.591
       MAE:   tr: 2.526, val: 2.758
       MAPE:  tr: 78188482685567.047, val: 78188482685567.047
  [1820] MSE:   tr: 14.905, val: 17.732
       MAE:   tr: 2.562, val: 2.705
       MAPE:  tr: 82925839129247.812, val: 82925839129247.812
  [1830] MSE:   tr: 14.493, val: 17.685
       MAE:   tr: 2.533, val: 2.735
       MAPE:  tr: 65772742623887.422, val: 65772742623887.422
  [1840] MSE:   tr: 13.900, val: 17.443
       MAE:   tr: 2.540, val: 2.694
       MAPE:  tr: 60938862158938.180, val: 60938862158938.180
  [1850] MSE:   tr: 14.058, val: 16.914
       MAE:   tr: 2.521, val: 2.720
       MAPE:  tr: 62452397896630.336, val: 62452397896630.336
  [1860] MSE:   tr: 14.194, val: 16.767
       MAE:   tr: 2.533, val: 2.731
       MAPE:  tr: 64516078142750.781, val: 64516078142750.781
  [1870] MSE:   tr: 14.350, val: 17.205
       MAE:   tr: 2.543, val: 2.720
       MAPE:  tr: 69026764466159.680, val: 69026764466159.680
  [1880] MSE:   tr: 14.221, val: 17.794
       MAE:   tr: 2.579, val: 2.772
       MAPE:  tr: 55953693618470.977, val: 55953693618470.977
  [1890] MSE:   tr: 14.210, val: 17.375
       MAE:   tr: 2.595, val: 2.766
       MAPE:  tr: 62398919111344.195, val: 62398919111344.195
  [1900] MSE:   tr: 14.284, val: 17.912
       MAE:   tr: 2.555, val: 2.748
       MAPE:  tr: 61545730300444.734, val: 61545730300444.734
  [1910] MSE:   tr: 14.662, val: 17.039
       MAE:   tr: 2.622, val: 2.732
       MAPE:  tr: 61797067491639.359, val: 61797067491639.359
  [1920] MSE:   tr: 13.870, val: 17.020
       MAE:   tr: 2.535, val: 2.654
       MAPE:  tr: 67655583272009.789, val: 67655583272009.789
  [1930] MSE:   tr: 15.232, val: 18.605
       MAE:   tr: 2.714, val: 2.872
       MAPE:  tr: 58075145469689.922, val: 58075145469689.922
  [1940] MSE:   tr: 14.891, val: 17.786
       MAE:   tr: 2.585, val: 2.728
       MAPE:  tr: 58049326273790.016, val: 58049326273790.016
  [1950] MSE:   tr: 14.033, val: 16.631
       MAE:   tr: 2.526, val: 2.655
       MAPE:  tr: 63491874471542.852, val: 63491874471542.852
  [1960] MSE:   tr: 13.649, val: 18.740
       MAE:   tr: 2.501, val: 2.695
       MAPE:  tr: 62989064797683.773, val: 62989064797683.773
  [1970] MSE:   tr: 14.193, val: 17.677
       MAE:   tr: 2.536, val: 2.690
       MAPE:  tr: 86133900526485.562, val: 86133900526485.562
  [1980] MSE:   tr: 14.585, val: 17.972
       MAE:   tr: 2.557, val: 2.758
       MAPE:  tr: 78592277257125.953, val: 78592277257125.953
  [1990] MSE:   tr: 14.601, val: 17.019
       MAE:   tr: 2.601, val: 2.734
       MAPE:  tr: 86074037272313.922, val: 86074037272313.922
  [2000] MSE:   tr: 14.493, val: 16.650
       MAE:   tr: 2.621, val: 2.739
       MAPE:  tr: 67757348227121.227, val: 67757348227121.227
  Finished Training
  Neural Network train time: 362.09962129592896
python -m nsp.scripts.train_model --problem ip_i_E --model_type nn_e --embed_hidden_dim 512 --embed_dim1 128 --embed_dim2 8 --relu_hidden_dim 128 --agg_type mean --lr 0.00433 --dropout 0.04056 --optimizer Adam --batch_size 128 --loss_fn MSELoss --wt_lasso 0.005 --wt_ridge 0.00841 --log_freq 10 --n_epochs 2000 --use_wandb 0 
python -m nsp.scripts.train_model --problem ip_i_E --model_type nn_e --embed_hidden_dim 512 --embed_dim1 128 --embed_dim2 8 --relu_hidden_dim 128 --agg_type mean --lr 0.00433 --dropout 0.04056 --optimizer Adam --batch_size 128 --loss_fn MSELoss --wt_lasso 0.005 --wt_ridge 0.00841 --log_freq 10 --n_epochs 2000 --use_wandb 0 
