TRAINING MODELS: problem = ip_i_H

  [10] MSE:   tr: 355.467, val: 385.485
       MAE:   tr: 15.069, val: 15.826
       MAPE:  tr: 37684705016938.859, val: 37684705016938.859
    New Best Model
  [20] MSE:   tr: 222.469, val: 239.907
       MAE:   tr: 11.644, val: 12.301
       MAPE:  tr: 56575368659730.719, val: 56575368659730.719
    New Best Model
  [30] MSE:   tr: 87.243, val: 93.390
       MAE:   tr: 6.328, val: 6.367
       MAPE:  tr: 85890397355638.906, val: 85890397355638.906
    New Best Model
  [40] MSE:   tr: 62.120, val: 62.584
       MAE:   tr: 5.235, val: 5.162
       MAPE:  tr: 109625273544081.531, val: 109625273544081.531
    New Best Model
  [50] MSE:   tr: 50.217, val: 51.219
       MAE:   tr: 4.740, val: 4.785
       MAPE:  tr: 131818331635187.828, val: 131818331635187.828
    New Best Model
  [60] MSE:   tr: 40.716, val: 40.405
       MAE:   tr: 4.212, val: 4.134
       MAPE:  tr: 146874833412554.875, val: 146874833412554.875
    New Best Model
  [70] MSE:   tr: 32.509, val: 33.086
       MAE:   tr: 3.742, val: 3.856
       MAPE:  tr: 154424900587618.406, val: 154424900587618.406
    New Best Model
  [80] MSE:   tr: 28.009, val: 30.064
       MAE:   tr: 3.484, val: 3.558
       MAPE:  tr: 156426024635072.562, val: 156426024635072.562
    New Best Model
  [90] MSE:   tr: 24.875, val: 24.293
       MAE:   tr: 3.289, val: 3.273
       MAPE:  tr: 158465631589498.938, val: 158465631589498.938
    New Best Model
  [100] MSE:   tr: 22.227, val: 22.516
       MAE:   tr: 3.109, val: 3.180
       MAPE:  tr: 156669901468074.062, val: 156669901468074.062
    New Best Model
  [110] MSE:   tr: 21.227, val: 19.777
       MAE:   tr: 3.044, val: 2.965
       MAPE:  tr: 161242396665839.688, val: 161242396665839.688
    New Best Model
  [120] MSE:   tr: 20.614, val: 21.755
       MAE:   tr: 3.013, val: 3.127
       MAPE:  tr: 163521050762543.156, val: 163521050762543.156
  [130] MSE:   tr: 21.201, val: 20.060
       MAE:   tr: 3.039, val: 3.063
       MAPE:  tr: 160516098368733.250, val: 160516098368733.250
  [140] MSE:   tr: 20.372, val: 20.310
       MAE:   tr: 2.984, val: 3.034
       MAPE:  tr: 161556444674523.188, val: 161556444674523.188
  [150] MSE:   tr: 19.897, val: 19.197
       MAE:   tr: 2.906, val: 2.882
       MAPE:  tr: 163372343962370.125, val: 163372343962370.125
    New Best Model
  [160] MSE:   tr: 19.400, val: 19.897
       MAE:   tr: 2.883, val: 2.918
       MAPE:  tr: 163416805463818.312, val: 163416805463818.312
  [170] MSE:   tr: 19.701, val: 17.449
       MAE:   tr: 2.876, val: 2.736
       MAPE:  tr: 148870562981085.250, val: 148870562981085.250
    New Best Model
  [180] MSE:   tr: 18.860, val: 19.571
       MAE:   tr: 2.849, val: 2.821
       MAPE:  tr: 156068266744217.656, val: 156068266744217.656
  [190] MSE:   tr: 20.489, val: 18.807
       MAE:   tr: 3.061, val: 2.986
       MAPE:  tr: 166987390018125.875, val: 166987390018125.875
  [200] MSE:   tr: 20.357, val: 18.847
       MAE:   tr: 3.015, val: 2.950
       MAPE:  tr: 160909845938045.000, val: 160909845938045.000
  [210] MSE:   tr: 19.142, val: 17.381
       MAE:   tr: 2.852, val: 2.812
       MAPE:  tr: 167061669330026.562, val: 167061669330026.562
  [220] MSE:   tr: 18.702, val: 18.676
       MAE:   tr: 2.830, val: 2.786
       MAPE:  tr: 154514940282011.719, val: 154514940282011.719
  [230] MSE:   tr: 18.363, val: 18.287
       MAE:   tr: 2.818, val: 2.834
       MAPE:  tr: 159310258383093.812, val: 159310258383093.812
  [240] MSE:   tr: 17.886, val: 17.908
       MAE:   tr: 2.733, val: 2.713
       MAPE:  tr: 160144383981649.969, val: 160144383981649.969
    New Best Model
  [250] MSE:   tr: 18.347, val: 17.759
       MAE:   tr: 2.788, val: 2.746
       MAPE:  tr: 161626746846707.781, val: 161626746846707.781
  [260] MSE:   tr: 18.504, val: 17.414
       MAE:   tr: 2.870, val: 2.741
       MAPE:  tr: 150284453330026.562, val: 150284453330026.562
  [270] MSE:   tr: 18.498, val: 17.085
       MAE:   tr: 2.866, val: 2.791
       MAPE:  tr: 153709296759078.969, val: 153709296759078.969
  [280] MSE:   tr: 17.817, val: 15.885
       MAE:   tr: 2.747, val: 2.672
       MAPE:  tr: 159897354642653.250, val: 159897354642653.250
    New Best Model
  [290] MSE:   tr: 19.138, val: 17.763
       MAE:   tr: 2.944, val: 2.839
       MAPE:  tr: 169930634469310.531, val: 169930634469310.531
  [300] MSE:   tr: 17.727, val: 16.456
       MAE:   tr: 2.700, val: 2.638
       MAPE:  tr: 156656123212988.469, val: 156656123212988.469
    New Best Model
  [310] MSE:   tr: 18.263, val: 18.054
       MAE:   tr: 2.824, val: 2.869
       MAPE:  tr: 159248148861026.375, val: 159248148861026.375
  [320] MSE:   tr: 17.356, val: 17.024
       MAE:   tr: 2.707, val: 2.753
       MAPE:  tr: 153192279333404.750, val: 153192279333404.750
  [330] MSE:   tr: 18.299, val: 17.740
       MAE:   tr: 2.795, val: 2.777
       MAPE:  tr: 151706370972844.094, val: 151706370972844.094
  [340] MSE:   tr: 16.915, val: 16.130
       MAE:   tr: 2.655, val: 2.644
       MAPE:  tr: 163266528853098.562, val: 163266528853098.562
  [350] MSE:   tr: 18.161, val: 17.420
       MAE:   tr: 2.776, val: 2.763
       MAPE:  tr: 156475648687210.562, val: 156475648687210.562
  [360] MSE:   tr: 17.569, val: 16.200
       MAE:   tr: 2.710, val: 2.619
       MAPE:  tr: 149386044955951.156, val: 149386044955951.156
    New Best Model
  [370] MSE:   tr: 17.899, val: 16.188
       MAE:   tr: 2.735, val: 2.661
       MAPE:  tr: 156377749202665.531, val: 156377749202665.531
  [380] MSE:   tr: 17.470, val: 16.423
       MAE:   tr: 2.699, val: 2.615
       MAPE:  tr: 161897709890961.469, val: 161897709890961.469
    New Best Model
  [390] MSE:   tr: 17.207, val: 15.687
       MAE:   tr: 2.689, val: 2.581
       MAPE:  tr: 151861322655465.531, val: 151861322655465.531
    New Best Model
  [400] MSE:   tr: 17.282, val: 16.935
       MAE:   tr: 2.682, val: 2.684
       MAPE:  tr: 153061881978814.531, val: 153061881978814.531
  [410] MSE:   tr: 21.722, val: 21.218
       MAE:   tr: 3.314, val: 3.253
       MAPE:  tr: 163529415211352.125, val: 163529415211352.125
  [420] MSE:   tr: 16.430, val: 16.284
       MAE:   tr: 2.594, val: 2.611
       MAPE:  tr: 149474323713753.156, val: 149474323713753.156
  [430] MSE:   tr: 17.554, val: 15.374
       MAE:   tr: 2.687, val: 2.610
       MAPE:  tr: 152159137835253.812, val: 152159137835253.812
  [440] MSE:   tr: 16.711, val: 16.932
       MAE:   tr: 2.629, val: 2.647
       MAPE:  tr: 151925886751342.656, val: 151925886751342.656
  [450] MSE:   tr: 18.133, val: 16.362
       MAE:   tr: 2.815, val: 2.699
       MAPE:  tr: 151097512113995.844, val: 151097512113995.844
  [460] MSE:   tr: 18.184, val: 17.340
       MAE:   tr: 2.853, val: 2.800
       MAPE:  tr: 152279624552808.500, val: 152279624552808.500
  [470] MSE:   tr: 16.704, val: 16.657
       MAE:   tr: 2.612, val: 2.633
       MAPE:  tr: 151192671409406.031, val: 151192671409406.031
  [480] MSE:   tr: 16.766, val: 16.085
       MAE:   tr: 2.689, val: 2.655
       MAPE:  tr: 147933199253635.125, val: 147933199253635.125
  [490] MSE:   tr: 16.566, val: 15.129
       MAE:   tr: 2.597, val: 2.526
       MAPE:  tr: 163254603876401.219, val: 163254603876401.219
    New Best Model
  [500] MSE:   tr: 16.864, val: 15.971
       MAE:   tr: 2.684, val: 2.677
       MAPE:  tr: 146303272049705.031, val: 146303272049705.031
  [510] MSE:   tr: 16.626, val: 15.332
       MAE:   tr: 2.639, val: 2.547
       MAPE:  tr: 149231082535911.500, val: 149231082535911.500
  [520] MSE:   tr: 16.230, val: 15.696
       MAE:   tr: 2.595, val: 2.545
       MAPE:  tr: 153375236350279.719, val: 153375236350279.719
  [530] MSE:   tr: 16.346, val: 16.048
       MAE:   tr: 2.611, val: 2.588
       MAPE:  tr: 141288191209504.844, val: 141288191209504.844
  [540] MSE:   tr: 17.227, val: 16.124
       MAE:   tr: 2.774, val: 2.684
       MAPE:  tr: 151546104268193.844, val: 151546104268193.844
  [550] MSE:   tr: 16.275, val: 15.685
       MAE:   tr: 2.646, val: 2.565
       MAPE:  tr: 138035936746274.875, val: 138035936746274.875
  [560] MSE:   tr: 16.226, val: 15.605
       MAE:   tr: 2.576, val: 2.574
       MAPE:  tr: 148141367728537.656, val: 148141367728537.656
TRAINING MODELS: problem = ip_i_H

  [10] MSE:   tr: 355.467, val: 385.485
       MAE:   tr: 15.069, val: 15.826
       MAPE:  tr: 37684705016938.859, val: 37684705016938.859
    New Best Model
  [20] MSE:   tr: 222.469, val: 239.907
       MAE:   tr: 11.644, val: 12.301
       MAPE:  tr: 56575368659730.719, val: 56575368659730.719
    New Best Model
  [30] MSE:   tr: 87.243, val: 93.390
       MAE:   tr: 6.328, val: 6.367
       MAPE:  tr: 85890397355638.906, val: 85890397355638.906
    New Best Model
  [40] MSE:   tr: 62.120, val: 62.584
       MAE:   tr: 5.235, val: 5.162
       MAPE:  tr: 109625273544081.531, val: 109625273544081.531
    New Best Model
  [50] MSE:   tr: 50.217, val: 51.219
       MAE:   tr: 4.740, val: 4.785
       MAPE:  tr: 131818331635187.828, val: 131818331635187.828
    New Best Model
  [60] MSE:   tr: 40.716, val: 40.405
       MAE:   tr: 4.212, val: 4.134
       MAPE:  tr: 146874833412554.875, val: 146874833412554.875
    New Best Model
  [70] MSE:   tr: 32.509, val: 33.086
       MAE:   tr: 3.742, val: 3.856
       MAPE:  tr: 154424900587618.406, val: 154424900587618.406
    New Best Model
  [80] MSE:   tr: 28.009, val: 30.064
       MAE:   tr: 3.484, val: 3.558
       MAPE:  tr: 156426024635072.562, val: 156426024635072.562
    New Best Model
  [90] MSE:   tr: 24.875, val: 24.293
       MAE:   tr: 3.289, val: 3.273
       MAPE:  tr: 158465631589498.938, val: 158465631589498.938
    New Best Model
  [100] MSE:   tr: 22.227, val: 22.516
       MAE:   tr: 3.109, val: 3.180
       MAPE:  tr: 156669901468074.062, val: 156669901468074.062
    New Best Model
  [110] MSE:   tr: 21.227, val: 19.777
       MAE:   tr: 3.044, val: 2.965
       MAPE:  tr: 161242396665839.688, val: 161242396665839.688
    New Best Model
  [120] MSE:   tr: 20.614, val: 21.755
       MAE:   tr: 3.013, val: 3.127
       MAPE:  tr: 163521050762543.156, val: 163521050762543.156
  [130] MSE:   tr: 21.201, val: 20.060
       MAE:   tr: 3.039, val: 3.063
       MAPE:  tr: 160516098368733.250, val: 160516098368733.250
  [140] MSE:   tr: 20.372, val: 20.310
       MAE:   tr: 2.984, val: 3.034
       MAPE:  tr: 161556444674523.188, val: 161556444674523.188
  [150] MSE:   tr: 19.897, val: 19.197
       MAE:   tr: 2.906, val: 2.882
       MAPE:  tr: 163372343962370.125, val: 163372343962370.125
    New Best Model
  [160] MSE:   tr: 19.400, val: 19.897
       MAE:   tr: 2.883, val: 2.918
       MAPE:  tr: 163416805463818.312, val: 163416805463818.312
  [170] MSE:   tr: 19.701, val: 17.449
       MAE:   tr: 2.876, val: 2.736
       MAPE:  tr: 148870562981085.250, val: 148870562981085.250
    New Best Model
  [180] MSE:   tr: 18.860, val: 19.571
       MAE:   tr: 2.849, val: 2.821
       MAPE:  tr: 156068266744217.656, val: 156068266744217.656
  [190] MSE:   tr: 20.489, val: 18.807
       MAE:   tr: 3.061, val: 2.986
       MAPE:  tr: 166987390018125.875, val: 166987390018125.875
  [200] MSE:   tr: 20.357, val: 18.847
       MAE:   tr: 3.015, val: 2.950
       MAPE:  tr: 160909845938045.000, val: 160909845938045.000
  [210] MSE:   tr: 19.142, val: 17.381
       MAE:   tr: 2.852, val: 2.812
       MAPE:  tr: 167061669330026.562, val: 167061669330026.562
  [220] MSE:   tr: 18.702, val: 18.676
       MAE:   tr: 2.830, val: 2.786
       MAPE:  tr: 154514940282011.719, val: 154514940282011.719
  [230] MSE:   tr: 18.363, val: 18.287
       MAE:   tr: 2.818, val: 2.834
       MAPE:  tr: 159310258383093.812, val: 159310258383093.812
  [240] MSE:   tr: 17.886, val: 17.908
       MAE:   tr: 2.733, val: 2.713
       MAPE:  tr: 160144383981649.969, val: 160144383981649.969
    New Best Model
  [250] MSE:   tr: 18.347, val: 17.759
       MAE:   tr: 2.788, val: 2.746
       MAPE:  tr: 161626746846707.781, val: 161626746846707.781
  [260] MSE:   tr: 18.504, val: 17.414
       MAE:   tr: 2.870, val: 2.741
       MAPE:  tr: 150284453330026.562, val: 150284453330026.562
  [270] MSE:   tr: 18.498, val: 17.085
       MAE:   tr: 2.866, val: 2.791
       MAPE:  tr: 153709296759078.969, val: 153709296759078.969
  [280] MSE:   tr: 17.817, val: 15.885
       MAE:   tr: 2.747, val: 2.672
       MAPE:  tr: 159897354642653.250, val: 159897354642653.250
    New Best Model
  [290] MSE:   tr: 19.138, val: 17.763
       MAE:   tr: 2.944, val: 2.839
       MAPE:  tr: 169930634469310.531, val: 169930634469310.531
  [300] MSE:   tr: 17.727, val: 16.456
       MAE:   tr: 2.700, val: 2.638
       MAPE:  tr: 156656123212988.469, val: 156656123212988.469
    New Best Model
  [310] MSE:   tr: 18.263, val: 18.054
       MAE:   tr: 2.824, val: 2.869
       MAPE:  tr: 159248148861026.375, val: 159248148861026.375
  [320] MSE:   tr: 17.356, val: 17.024
       MAE:   tr: 2.707, val: 2.753
       MAPE:  tr: 153192279333404.750, val: 153192279333404.750
  [330] MSE:   tr: 18.299, val: 17.740
       MAE:   tr: 2.795, val: 2.777
       MAPE:  tr: 151706370972844.094, val: 151706370972844.094
  [340] MSE:   tr: 16.915, val: 16.130
       MAE:   tr: 2.655, val: 2.644
       MAPE:  tr: 163266528853098.562, val: 163266528853098.562
  [350] MSE:   tr: 18.161, val: 17.420
       MAE:   tr: 2.776, val: 2.763
       MAPE:  tr: 156475648687210.562, val: 156475648687210.562
  [360] MSE:   tr: 17.569, val: 16.200
       MAE:   tr: 2.710, val: 2.619
       MAPE:  tr: 149386044955951.156, val: 149386044955951.156
    New Best Model
  [370] MSE:   tr: 17.899, val: 16.188
       MAE:   tr: 2.735, val: 2.661
       MAPE:  tr: 156377749202665.531, val: 156377749202665.531
  [380] MSE:   tr: 17.470, val: 16.423
       MAE:   tr: 2.699, val: 2.615
       MAPE:  tr: 161897709890961.469, val: 161897709890961.469
    New Best Model
  [390] MSE:   tr: 17.207, val: 15.687
       MAE:   tr: 2.689, val: 2.581
       MAPE:  tr: 151861322655465.531, val: 151861322655465.531
    New Best Model
  [400] MSE:   tr: 17.282, val: 16.935
       MAE:   tr: 2.682, val: 2.684
       MAPE:  tr: 153061881978814.531, val: 153061881978814.531
  [410] MSE:   tr: 21.722, val: 21.218
       MAE:   tr: 3.314, val: 3.253
       MAPE:  tr: 163529415211352.125, val: 163529415211352.125
  [420] MSE:   tr: 16.430, val: 16.284
       MAE:   tr: 2.594, val: 2.611
       MAPE:  tr: 149474323713753.156, val: 149474323713753.156
  [430] MSE:   tr: 17.554, val: 15.374
       MAE:   tr: 2.687, val: 2.610
       MAPE:  tr: 152159137835253.812, val: 152159137835253.812
  [440] MSE:   tr: 16.711, val: 16.932
       MAE:   tr: 2.629, val: 2.647
       MAPE:  tr: 151925886751342.656, val: 151925886751342.656
  [450] MSE:   tr: 18.133, val: 16.362
       MAE:   tr: 2.815, val: 2.699
       MAPE:  tr: 151097512113995.844, val: 151097512113995.844
  [460] MSE:   tr: 18.184, val: 17.340
       MAE:   tr: 2.853, val: 2.800
       MAPE:  tr: 152279624552808.500, val: 152279624552808.500
  [470] MSE:   tr: 16.704, val: 16.657
       MAE:   tr: 2.612, val: 2.633
       MAPE:  tr: 151192671409406.031, val: 151192671409406.031
  [480] MSE:   tr: 16.766, val: 16.085
       MAE:   tr: 2.689, val: 2.655
       MAPE:  tr: 147933199253635.125, val: 147933199253635.125
  [490] MSE:   tr: 16.566, val: 15.129
       MAE:   tr: 2.597, val: 2.526
       MAPE:  tr: 163254603876401.219, val: 163254603876401.219
    New Best Model
  [500] MSE:   tr: 16.864, val: 15.971
       MAE:   tr: 2.684, val: 2.677
       MAPE:  tr: 146303272049705.031, val: 146303272049705.031
  [510] MSE:   tr: 16.626, val: 15.332
       MAE:   tr: 2.639, val: 2.547
       MAPE:  tr: 149231082535911.500, val: 149231082535911.500
  [520] MSE:   tr: 16.230, val: 15.696
       MAE:   tr: 2.595, val: 2.545
       MAPE:  tr: 153375236350279.719, val: 153375236350279.719
  [530] MSE:   tr: 16.346, val: 16.048
       MAE:   tr: 2.611, val: 2.588
       MAPE:  tr: 141288191209504.844, val: 141288191209504.844
  [540] MSE:   tr: 17.227, val: 16.124
       MAE:   tr: 2.774, val: 2.684
       MAPE:  tr: 151546104268193.844, val: 151546104268193.844
  [550] MSE:   tr: 16.275, val: 15.685
       MAE:   tr: 2.646, val: 2.565
       MAPE:  tr: 138035936746274.875, val: 138035936746274.875
  [560] MSE:   tr: 16.226, val: 15.605
       MAE:   tr: 2.576, val: 2.574
       MAPE:  tr: 148141367728537.656, val: 148141367728537.656
  [570] MSE:   tr: 17.495, val: 16.032
       MAE:   tr: 2.746, val: 2.693
       MAPE:  tr: 155205214540922.938, val: 155205214540922.938
  [580] MSE:   tr: 16.410, val: 15.911
       MAE:   tr: 2.628, val: 2.620
       MAPE:  tr: 156453078634070.094, val: 156453078634070.094
  [590] MSE:   tr: 16.103, val: 16.591
       MAE:   tr: 2.589, val: 2.618
       MAPE:  tr: 149868086315450.438, val: 149868086315450.438
  [600] MSE:   tr: 17.628, val: 17.778
       MAE:   tr: 2.815, val: 2.902
       MAPE:  tr: 140437583673950.266, val: 140437583673950.266
  [610] MSE:   tr: 16.267, val: 15.648
       MAE:   tr: 2.643, val: 2.615
       MAPE:  tr: 143745868133040.188, val: 143745868133040.188
  [620] MSE:   tr: 15.859, val: 14.644
       MAE:   tr: 2.553, val: 2.524
       MAPE:  tr: 150338522673315.906, val: 150338522673315.906
    New Best Model
  [630] MSE:   tr: 16.071, val: 15.521
       MAE:   tr: 2.579, val: 2.573
       MAPE:  tr: 147744401081237.562, val: 147744401081237.562
  [640] MSE:   tr: 16.348, val: 15.114
       MAE:   tr: 2.618, val: 2.563
       MAPE:  tr: 152449005178060.875, val: 152449005178060.875
  [650] MSE:   tr: 16.818, val: 16.083
       MAE:   tr: 2.667, val: 2.639
       MAPE:  tr: 140570835034308.672, val: 140570835034308.672
  [660] MSE:   tr: 15.941, val: 15.097
       MAE:   tr: 2.571, val: 2.533
       MAPE:  tr: 145663755714297.906, val: 145663755714297.906
  [670] MSE:   tr: 15.951, val: 14.952
       MAE:   tr: 2.560, val: 2.501
       MAPE:  tr: 148281722964803.656, val: 148281722964803.656
    New Best Model
  [680] MSE:   tr: 16.425, val: 15.807
       MAE:   tr: 2.614, val: 2.572
       MAPE:  tr: 137838789157453.891, val: 137838789157453.891
  [690] MSE:   tr: 16.583, val: 15.609
       MAE:   tr: 2.662, val: 2.600
       MAPE:  tr: 154251143390691.406, val: 154251143390691.406
  [700] MSE:   tr: 16.401, val: 14.859
       MAE:   tr: 2.558, val: 2.433
       MAPE:  tr: 156763115143299.094, val: 156763115143299.094
    New Best Model
  [710] MSE:   tr: 17.087, val: 16.360
       MAE:   tr: 2.719, val: 2.666
       MAPE:  tr: 153601138745147.469, val: 153601138745147.469
  [720] MSE:   tr: 16.627, val: 16.025
       MAE:   tr: 2.647, val: 2.642
       MAPE:  tr: 144919953277976.625, val: 144919953277976.625
  [730] MSE:   tr: 18.082, val: 16.363
       MAE:   tr: 2.822, val: 2.747
       MAPE:  tr: 151679188124827.719, val: 151679188124827.719
  [740] MSE:   tr: 16.369, val: 16.233
       MAE:   tr: 2.666, val: 2.629
       MAPE:  tr: 144149925771345.969, val: 144149925771345.969
  [750] MSE:   tr: 16.387, val: 15.504
       MAE:   tr: 2.618, val: 2.537
       MAPE:  tr: 141545693826252.875, val: 141545693826252.875
  [760] MSE:   tr: 17.667, val: 16.611
       MAE:   tr: 2.806, val: 2.752
       MAPE:  tr: 144822388800880.719, val: 144822388800880.719
  [770] MSE:   tr: 16.126, val: 15.577
       MAE:   tr: 2.577, val: 2.540
       MAPE:  tr: 141860519224016.969, val: 141860519224016.969
  [780] MSE:   tr: 15.657, val: 16.987
       MAE:   tr: 2.573, val: 2.674
       MAPE:  tr: 140774730016751.688, val: 140774730016751.688
  [790] MSE:   tr: 15.899, val: 15.981
       MAE:   tr: 2.573, val: 2.557
       MAPE:  tr: 144262404522377.281, val: 144262404522377.281
  [800] MSE:   tr: 16.818, val: 16.786
       MAE:   tr: 2.604, val: 2.649
       MAPE:  tr: 138606067885015.109, val: 138606067885015.109
  [810] MSE:   tr: 16.747, val: 16.314
       MAE:   tr: 2.702, val: 2.660
       MAPE:  tr: 144905663921782.844, val: 144905663921782.844
  [820] MSE:   tr: 15.738, val: 15.991
       MAE:   tr: 2.531, val: 2.591
       MAPE:  tr: 148959906890776.625, val: 148959906890776.625
  [830] MSE:   tr: 17.162, val: 16.303
       MAE:   tr: 2.699, val: 2.660
       MAPE:  tr: 153076852087324.750, val: 153076852087324.750
  [840] MSE:   tr: 16.337, val: 16.554
       MAE:   tr: 2.630, val: 2.659
       MAPE:  tr: 147243217052500.031, val: 147243217052500.031
  [850] MSE:   tr: 16.059, val: 16.092
       MAE:   tr: 2.578, val: 2.588
       MAPE:  tr: 149073710639218.750, val: 149073710639218.750
  [860] MSE:   tr: 15.985, val: 15.530
       MAE:   tr: 2.562, val: 2.539
       MAPE:  tr: 144154435487006.781, val: 144154435487006.781
  [870] MSE:   tr: 16.773, val: 15.631
       MAE:   tr: 2.752, val: 2.660
       MAPE:  tr: 137234141514039.359, val: 137234141514039.359
  [880] MSE:   tr: 15.883, val: 15.322
       MAE:   tr: 2.587, val: 2.528
       MAPE:  tr: 149695162342178.875, val: 149695162342178.875
  [890] MSE:   tr: 16.774, val: 16.132
       MAE:   tr: 2.707, val: 2.663
       MAPE:  tr: 147412421584093.250, val: 147412421584093.250
  [900] MSE:   tr: 16.473, val: 16.224
       MAE:   tr: 2.636, val: 2.549
       MAPE:  tr: 147940004629315.656, val: 147940004629315.656
  [910] MSE:   tr: 16.158, val: 14.450
       MAE:   tr: 2.581, val: 2.481
       MAPE:  tr: 142527596364562.500, val: 142527596364562.500
  [920] MSE:   tr: 16.194, val: 15.662
       MAE:   tr: 2.580, val: 2.561
       MAPE:  tr: 142968985858605.125, val: 142968985858605.125
  [930] MSE:   tr: 15.580, val: 15.173
       MAE:   tr: 2.526, val: 2.530
       MAPE:  tr: 142774922056302.656, val: 142774922056302.656
  [940] MSE:   tr: 16.534, val: 15.455
       MAE:   tr: 2.638, val: 2.572
       MAPE:  tr: 150819320639782.969, val: 150819320639782.969
  [950] MSE:   tr: 15.511, val: 16.062
       MAE:   tr: 2.544, val: 2.519
       MAPE:  tr: 131293314832924.734, val: 131293314832924.734
  [960] MSE:   tr: 15.664, val: 15.661
       MAE:   tr: 2.557, val: 2.528
       MAPE:  tr: 134672534971875.391, val: 134672534971875.391
  [970] MSE:   tr: 15.863, val: 16.035
       MAE:   tr: 2.632, val: 2.672
       MAPE:  tr: 138402525089890.375, val: 138402525089890.375
  [980] MSE:   tr: 15.629, val: 14.759
       MAE:   tr: 2.565, val: 2.491
       MAPE:  tr: 138979571125977.156, val: 138979571125977.156
  [990] MSE:   tr: 16.318, val: 15.200
       MAE:   tr: 2.607, val: 2.566
       MAPE:  tr: 145773769154101.312, val: 145773769154101.312
  [1000] MSE:   tr: 17.551, val: 15.700
       MAE:   tr: 2.787, val: 2.618
       MAPE:  tr: 139675553396424.766, val: 139675553396424.766
  [1010] MSE:   tr: 16.552, val: 16.019
       MAE:   tr: 2.709, val: 2.653
       MAPE:  tr: 138402439190544.453, val: 138402439190544.453
  [1020] MSE:   tr: 16.190, val: 15.405
       MAE:   tr: 2.652, val: 2.596
       MAPE:  tr: 135519966379114.562, val: 135519966379114.562
  [1030] MSE:   tr: 15.742, val: 16.054
       MAE:   tr: 2.558, val: 2.642
       MAPE:  tr: 147032437237481.531, val: 147032437237481.531
  [1040] MSE:   tr: 16.844, val: 15.823
       MAE:   tr: 2.668, val: 2.616
       MAPE:  tr: 133398076441231.422, val: 133398076441231.422
  [1050] MSE:   tr: 15.972, val: 15.021
       MAE:   tr: 2.580, val: 2.508
       MAPE:  tr: 136199228341878.844, val: 136199228341878.844
  [1060] MSE:   tr: 15.720, val: 15.665
       MAE:   tr: 2.543, val: 2.525
       MAPE:  tr: 138944537077743.688, val: 138944537077743.688
  [1070] MSE:   tr: 15.963, val: 15.159
       MAE:   tr: 2.548, val: 2.526
       MAPE:  tr: 152389030254739.500, val: 152389030254739.500
  [1080] MSE:   tr: 15.651, val: 15.647
       MAE:   tr: 2.520, val: 2.520
       MAPE:  tr: 147781004940017.719, val: 147781004940017.719
  [1090] MSE:   tr: 16.353, val: 16.385
       MAE:   tr: 2.571, val: 2.538
       MAPE:  tr: 155765720657952.844, val: 155765720657952.844
  [1100] MSE:   tr: 16.886, val: 16.413
       MAE:   tr: 2.664, val: 2.640
       MAPE:  tr: 148443471433171.000, val: 148443471433171.000
  [1110] MSE:   tr: 15.731, val: 16.096
       MAE:   tr: 2.542, val: 2.598
       MAPE:  tr: 151150224247619.656, val: 151150224247619.656
  [1120] MSE:   tr: 15.475, val: 15.142
       MAE:   tr: 2.543, val: 2.528
       MAPE:  tr: 143308245325316.156, val: 143308245325316.156
  [1130] MSE:   tr: 15.817, val: 15.894
       MAE:   tr: 2.560, val: 2.560
       MAPE:  tr: 135980629538897.984, val: 135980629538897.984
  [1140] MSE:   tr: 16.890, val: 15.919
       MAE:   tr: 2.649, val: 2.637
       MAPE:  tr: 155487664475209.781, val: 155487664475209.781
  [1150] MSE:   tr: 15.445, val: 15.314
  [570] MSE:   tr: 17.495, val: 16.032
       MAE:   tr: 2.746, val: 2.693
       MAPE:  tr: 155205214540922.938, val: 155205214540922.938
  [580] MSE:   tr: 16.410, val: 15.911
       MAE:   tr: 2.628, val: 2.620
       MAPE:  tr: 156453078634070.094, val: 156453078634070.094
  [590] MSE:   tr: 16.103, val: 16.591
       MAE:   tr: 2.589, val: 2.618
       MAPE:  tr: 149868086315450.438, val: 149868086315450.438
  [600] MSE:   tr: 17.628, val: 17.778
       MAE:   tr: 2.815, val: 2.902
       MAPE:  tr: 140437583673950.266, val: 140437583673950.266
  [610] MSE:   tr: 16.267, val: 15.648
       MAE:   tr: 2.643, val: 2.615
       MAPE:  tr: 143745868133040.188, val: 143745868133040.188
  [620] MSE:   tr: 15.859, val: 14.644
       MAE:   tr: 2.553, val: 2.524
       MAPE:  tr: 150338522673315.906, val: 150338522673315.906
    New Best Model
  [630] MSE:   tr: 16.071, val: 15.521
       MAE:   tr: 2.579, val: 2.573
       MAPE:  tr: 147744401081237.562, val: 147744401081237.562
  [640] MSE:   tr: 16.348, val: 15.114
       MAE:   tr: 2.618, val: 2.563
       MAPE:  tr: 152449005178060.875, val: 152449005178060.875
  [650] MSE:   tr: 16.818, val: 16.083
       MAE:   tr: 2.667, val: 2.639
       MAPE:  tr: 140570835034308.672, val: 140570835034308.672
  [660] MSE:   tr: 15.941, val: 15.097
       MAE:   tr: 2.571, val: 2.533
       MAPE:  tr: 145663755714297.906, val: 145663755714297.906
  [670] MSE:   tr: 15.951, val: 14.952
       MAE:   tr: 2.560, val: 2.501
       MAPE:  tr: 148281722964803.656, val: 148281722964803.656
    New Best Model
  [680] MSE:   tr: 16.425, val: 15.807
       MAE:   tr: 2.614, val: 2.572
       MAPE:  tr: 137838789157453.891, val: 137838789157453.891
  [690] MSE:   tr: 16.583, val: 15.609
       MAE:   tr: 2.662, val: 2.600
       MAPE:  tr: 154251143390691.406, val: 154251143390691.406
  [700] MSE:   tr: 16.401, val: 14.859
       MAE:   tr: 2.558, val: 2.433
       MAPE:  tr: 156763115143299.094, val: 156763115143299.094
    New Best Model
  [710] MSE:   tr: 17.087, val: 16.360
       MAE:   tr: 2.719, val: 2.666
       MAPE:  tr: 153601138745147.469, val: 153601138745147.469
  [720] MSE:   tr: 16.627, val: 16.025
       MAE:   tr: 2.647, val: 2.642
       MAPE:  tr: 144919953277976.625, val: 144919953277976.625
  [730] MSE:   tr: 18.082, val: 16.363
       MAE:   tr: 2.822, val: 2.747
       MAPE:  tr: 151679188124827.719, val: 151679188124827.719
  [740] MSE:   tr: 16.369, val: 16.233
       MAE:   tr: 2.666, val: 2.629
       MAPE:  tr: 144149925771345.969, val: 144149925771345.969
  [750] MSE:   tr: 16.387, val: 15.504
       MAE:   tr: 2.618, val: 2.537
       MAPE:  tr: 141545693826252.875, val: 141545693826252.875
  [760] MSE:   tr: 17.667, val: 16.611
       MAE:   tr: 2.806, val: 2.752
       MAPE:  tr: 144822388800880.719, val: 144822388800880.719
  [770] MSE:   tr: 16.126, val: 15.577
       MAE:   tr: 2.577, val: 2.540
       MAPE:  tr: 141860519224016.969, val: 141860519224016.969
  [780] MSE:   tr: 15.657, val: 16.987
       MAE:   tr: 2.573, val: 2.674
       MAPE:  tr: 140774730016751.688, val: 140774730016751.688
  [790] MSE:   tr: 15.899, val: 15.981
       MAE:   tr: 2.573, val: 2.557
       MAPE:  tr: 144262404522377.281, val: 144262404522377.281
  [800] MSE:   tr: 16.818, val: 16.786
       MAE:   tr: 2.604, val: 2.649
       MAPE:  tr: 138606067885015.109, val: 138606067885015.109
  [810] MSE:   tr: 16.747, val: 16.314
       MAE:   tr: 2.702, val: 2.660
       MAPE:  tr: 144905663921782.844, val: 144905663921782.844
  [820] MSE:   tr: 15.738, val: 15.991
       MAE:   tr: 2.531, val: 2.591
       MAPE:  tr: 148959906890776.625, val: 148959906890776.625
  [830] MSE:   tr: 17.162, val: 16.303
       MAE:   tr: 2.699, val: 2.660
       MAPE:  tr: 153076852087324.750, val: 153076852087324.750
  [840] MSE:   tr: 16.337, val: 16.554
       MAE:   tr: 2.630, val: 2.659
       MAPE:  tr: 147243217052500.031, val: 147243217052500.031
  [850] MSE:   tr: 16.059, val: 16.092
       MAE:   tr: 2.578, val: 2.588
       MAPE:  tr: 149073710639218.750, val: 149073710639218.750
  [860] MSE:   tr: 15.985, val: 15.530
       MAE:   tr: 2.562, val: 2.539
       MAPE:  tr: 144154435487006.781, val: 144154435487006.781
  [870] MSE:   tr: 16.773, val: 15.631
       MAE:   tr: 2.752, val: 2.660
       MAPE:  tr: 137234141514039.359, val: 137234141514039.359
  [880] MSE:   tr: 15.883, val: 15.322
       MAE:   tr: 2.587, val: 2.528
       MAPE:  tr: 149695162342178.875, val: 149695162342178.875
  [890] MSE:   tr: 16.774, val: 16.132
       MAE:   tr: 2.707, val: 2.663
       MAPE:  tr: 147412421584093.250, val: 147412421584093.250
  [900] MSE:   tr: 16.473, val: 16.224
       MAE:   tr: 2.636, val: 2.549
       MAPE:  tr: 147940004629315.656, val: 147940004629315.656
  [910] MSE:   tr: 16.158, val: 14.450
       MAE:   tr: 2.581, val: 2.481
       MAPE:  tr: 142527596364562.500, val: 142527596364562.500
  [920] MSE:   tr: 16.194, val: 15.662
       MAE:   tr: 2.580, val: 2.561
       MAPE:  tr: 142968985858605.125, val: 142968985858605.125
  [930] MSE:   tr: 15.580, val: 15.173
       MAE:   tr: 2.526, val: 2.530
       MAPE:  tr: 142774922056302.656, val: 142774922056302.656
  [940] MSE:   tr: 16.534, val: 15.455
       MAE:   tr: 2.638, val: 2.572
       MAPE:  tr: 150819320639782.969, val: 150819320639782.969
  [950] MSE:   tr: 15.511, val: 16.062
       MAE:   tr: 2.544, val: 2.519
       MAPE:  tr: 131293314832924.734, val: 131293314832924.734
  [960] MSE:   tr: 15.664, val: 15.661
       MAE:   tr: 2.557, val: 2.528
       MAPE:  tr: 134672534971875.391, val: 134672534971875.391
  [970] MSE:   tr: 15.863, val: 16.035
       MAE:   tr: 2.632, val: 2.672
       MAPE:  tr: 138402525089890.375, val: 138402525089890.375
  [980] MSE:   tr: 15.629, val: 14.759
       MAE:   tr: 2.565, val: 2.491
       MAPE:  tr: 138979571125977.156, val: 138979571125977.156
  [990] MSE:   tr: 16.318, val: 15.200
       MAE:   tr: 2.607, val: 2.566
       MAPE:  tr: 145773769154101.312, val: 145773769154101.312
  [1000] MSE:   tr: 17.551, val: 15.700
       MAE:   tr: 2.787, val: 2.618
       MAPE:  tr: 139675553396424.766, val: 139675553396424.766
  [1010] MSE:   tr: 16.552, val: 16.019
       MAE:   tr: 2.709, val: 2.653
       MAPE:  tr: 138402439190544.453, val: 138402439190544.453
  [1020] MSE:   tr: 16.190, val: 15.405
       MAE:   tr: 2.652, val: 2.596
       MAPE:  tr: 135519966379114.562, val: 135519966379114.562
  [1030] MSE:   tr: 15.742, val: 16.054
       MAE:   tr: 2.558, val: 2.642
       MAPE:  tr: 147032437237481.531, val: 147032437237481.531
  [1040] MSE:   tr: 16.844, val: 15.823
       MAE:   tr: 2.668, val: 2.616
       MAPE:  tr: 133398076441231.422, val: 133398076441231.422
  [1050] MSE:   tr: 15.972, val: 15.021
       MAE:   tr: 2.580, val: 2.508
       MAPE:  tr: 136199228341878.844, val: 136199228341878.844
  [1060] MSE:   tr: 15.720, val: 15.665
       MAE:   tr: 2.543, val: 2.525
       MAPE:  tr: 138944537077743.688, val: 138944537077743.688
  [1070] MSE:   tr: 15.963, val: 15.159
       MAE:   tr: 2.548, val: 2.526
       MAPE:  tr: 152389030254739.500, val: 152389030254739.500
  [1080] MSE:   tr: 15.651, val: 15.647
       MAE:   tr: 2.520, val: 2.520
       MAPE:  tr: 147781004940017.719, val: 147781004940017.719
  [1090] MSE:   tr: 16.353, val: 16.385
       MAE:   tr: 2.571, val: 2.538
       MAPE:  tr: 155765720657952.844, val: 155765720657952.844
  [1100] MSE:   tr: 16.886, val: 16.413
       MAE:   tr: 2.664, val: 2.640
       MAPE:  tr: 148443471433171.000, val: 148443471433171.000
  [1110] MSE:   tr: 15.731, val: 16.096
       MAE:   tr: 2.542, val: 2.598
       MAPE:  tr: 151150224247619.656, val: 151150224247619.656
  [1120] MSE:   tr: 15.475, val: 15.142
       MAE:   tr: 2.543, val: 2.528
       MAPE:  tr: 143308245325316.156, val: 143308245325316.156
  [1130] MSE:   tr: 15.817, val: 15.894
       MAE:   tr: 2.560, val: 2.560
       MAPE:  tr: 135980629538897.984, val: 135980629538897.984
  [1140] MSE:   tr: 16.890, val: 15.919
       MAE:   tr: 2.649, val: 2.637
       MAPE:  tr: 155487664475209.781, val: 155487664475209.781
  [1150] MSE:   tr: 15.445, val: 15.314
       MAE:   tr: 2.534, val: 2.512
       MAPE:  tr: 142839432465088.562, val: 142839432465088.562
  [1160] MSE:   tr: 15.584, val: 15.141
       MAE:   tr: 2.548, val: 2.582
       MAPE:  tr: 143980356167532.594, val: 143980356167532.594
  [1170] MSE:   tr: 15.586, val: 15.865
       MAE:   tr: 2.570, val: 2.567
       MAPE:  tr: 142814513064837.188, val: 142814513064837.188
  [1180] MSE:   tr: 15.429, val: 15.294
       MAE:   tr: 2.555, val: 2.565
       MAPE:  tr: 143024279267573.812, val: 143024279267573.812
  [1190] MSE:   tr: 15.793, val: 15.047
       MAE:   tr: 2.570, val: 2.554
       MAPE:  tr: 138010918561775.688, val: 138010918561775.688
  [1200] MSE:   tr: 15.786, val: 14.856
       MAE:   tr: 2.525, val: 2.483
       MAPE:  tr: 143172891578466.375, val: 143172891578466.375
  [1210] MSE:   tr: 16.138, val: 15.678
       MAE:   tr: 2.600, val: 2.619
       MAPE:  tr: 139385724708323.391, val: 139385724708323.391
  [1220] MSE:   tr: 15.842, val: 16.017
       MAE:   tr: 2.563, val: 2.537
       MAPE:  tr: 165671620344545.344, val: 165671620344545.344
  [1230] MSE:   tr: 15.603, val: 15.797
       MAE:   tr: 2.535, val: 2.515
       MAPE:  tr: 149490709013987.406, val: 149490709013987.406
  [1240] MSE:   tr: 15.821, val: 15.687
       MAE:   tr: 2.597, val: 2.618
       MAPE:  tr: 137228195131818.047, val: 137228195131818.047
  [1250] MSE:   tr: 17.028, val: 16.039
       MAE:   tr: 2.715, val: 2.682
       MAPE:  tr: 146791392935411.781, val: 146791392935411.781
  [1260] MSE:   tr: 15.278, val: 15.781
       MAE:   tr: 2.536, val: 2.558
       MAPE:  tr: 141289103890055.219, val: 141289103890055.219
  [1270] MSE:   tr: 15.251, val: 16.051
       MAE:   tr: 2.520, val: 2.525
       MAPE:  tr: 142805863000703.031, val: 142805863000703.031
  [1280] MSE:   tr: 15.913, val: 15.164
       MAE:   tr: 2.569, val: 2.487
       MAPE:  tr: 140409971329204.281, val: 140409971329204.281
  [1290] MSE:   tr: 16.327, val: 16.021
       MAE:   tr: 2.649, val: 2.631
       MAPE:  tr: 149827451629862.969, val: 149827451629862.969
  [1300] MSE:   tr: 15.538, val: 15.234
       MAE:   tr: 2.545, val: 2.566
       MAPE:  tr: 139692368193388.609, val: 139692368193388.609
  [1310] MSE:   tr: 15.417, val: 15.223
       MAE:   tr: 2.552, val: 2.562
       MAPE:  tr: 135671939501916.219, val: 135671939501916.219
  [1320] MSE:   tr: 15.514, val: 14.785
       MAE:   tr: 2.592, val: 2.594
       MAPE:  tr: 153867884131516.469, val: 153867884131516.469
  [1330] MSE:   tr: 15.219, val: 15.884
       MAE:   tr: 2.536, val: 2.573
       MAPE:  tr: 139913713627955.266, val: 139913713627955.266
  [1340] MSE:   tr: 15.131, val: 14.020
       MAE:   tr: 2.527, val: 2.481
       MAPE:  tr: 147306438971097.156, val: 147306438971097.156
  [1350] MSE:   tr: 15.356, val: 14.805
       MAE:   tr: 2.512, val: 2.455
       MAPE:  tr: 150005389977452.594, val: 150005389977452.594
  [1360] MSE:   tr: 16.279, val: 14.840
       MAE:   tr: 2.589, val: 2.540
       MAPE:  tr: 150931876700225.594, val: 150931876700225.594
  [1370] MSE:   tr: 16.067, val: 14.790
       MAE:   tr: 2.572, val: 2.504
       MAPE:  tr: 151029617270980.688, val: 151029617270980.688
  [1380] MSE:   tr: 14.978, val: 15.734
       MAE:   tr: 2.479, val: 2.503
       MAPE:  tr: 139692632333877.312, val: 139692632333877.312
  [1390] MSE:   tr: 15.754, val: 14.848
       MAE:   tr: 2.548, val: 2.533
       MAPE:  tr: 152959101263937.562, val: 152959101263937.562
  [1400] MSE:   tr: 16.039, val: 15.196
       MAE:   tr: 2.584, val: 2.570
       MAPE:  tr: 150643826128584.781, val: 150643826128584.781
  [1410] MSE:   tr: 16.276, val: 15.419
       MAE:   tr: 2.581, val: 2.568
       MAPE:  tr: 138274466344992.828, val: 138274466344992.828
  [1420] MSE:   tr: 15.782, val: 15.438
       MAE:   tr: 2.564, val: 2.573
       MAPE:  tr: 133200209445388.359, val: 133200209445388.359
  [1430] MSE:   tr: 16.376, val: 15.753
       MAE:   tr: 2.688, val: 2.637
       MAPE:  tr: 146384124809052.219, val: 146384124809052.219
  [1440] MSE:   tr: 16.146, val: 16.306
       MAE:   tr: 2.609, val: 2.562
       MAPE:  tr: 154952563089735.750, val: 154952563089735.750
  [1450] MSE:   tr: 15.066, val: 14.773
       MAE:   tr: 2.507, val: 2.513
       MAPE:  tr: 132433237807988.797, val: 132433237807988.797
  [1460] MSE:   tr: 15.011, val: 16.347
       MAE:   tr: 2.517, val: 2.605
       MAPE:  tr: 132054400217645.125, val: 132054400217645.125
  [1470] MSE:   tr: 15.404, val: 15.081
       MAE:   tr: 2.556, val: 2.523
       MAPE:  tr: 130635686620430.406, val: 130635686620430.406
  [1480] MSE:   tr: 15.253, val: 15.187
       MAE:   tr: 2.538, val: 2.586
       MAPE:  tr: 139063548474032.188, val: 139063548474032.188
  [1490] MSE:   tr: 17.198, val: 17.596
       MAE:   tr: 2.804, val: 2.862
       MAPE:  tr: 135280423168114.750, val: 135280423168114.750
  [1500] MSE:   tr: 15.501, val: 15.219
       MAE:   tr: 2.575, val: 2.514
       MAPE:  tr: 133235939278323.781, val: 133235939278323.781
  [1510] MSE:   tr: 15.537, val: 15.329
       MAE:   tr: 2.539, val: 2.516
       MAPE:  tr: 139759328881016.891, val: 139759328881016.891
  [1520] MSE:   tr: 15.513, val: 14.902
       MAE:   tr: 2.597, val: 2.601
       MAPE:  tr: 138206483455148.094, val: 138206483455148.094
  [1530] MSE:   tr: 15.502, val: 15.581
       MAE:   tr: 2.591, val: 2.601
       MAPE:  tr: 142053401910313.031, val: 142053401910313.031
  [1540] MSE:   tr: 15.389, val: 14.412
       MAE:   tr: 2.574, val: 2.553
       MAPE:  tr: 142738148546314.312, val: 142738148546314.312
  [1550] MSE:   tr: 15.315, val: 15.789
       MAE:   tr: 2.535, val: 2.529
       MAPE:  tr: 138973360603267.141, val: 138973360603267.141
  [1560] MSE:   tr: 15.326, val: 14.247
       MAE:   tr: 2.529, val: 2.491
       MAPE:  tr: 135323359956172.859, val: 135323359956172.859
  [1570] MSE:   tr: 15.167, val: 14.198
       MAE:   tr: 2.520, val: 2.480
       MAPE:  tr: 140615857028988.984, val: 140615857028988.984
  [1580] MSE:   tr: 14.996, val: 15.302
       MAE:   tr: 2.520, val: 2.528
       MAPE:  tr: 142010014150688.844, val: 142010014150688.844
  [1590] MSE:   tr: 15.724, val: 16.683
       MAE:   tr: 2.575, val: 2.580
       MAPE:  tr: 140828466500075.594, val: 140828466500075.594
  [1600] MSE:   tr: 15.136, val: 14.712
       MAE:   tr: 2.499, val: 2.521
       MAPE:  tr: 141947251793592.375, val: 141947251793592.375
  [1610] MSE:   tr: 15.107, val: 14.935
       MAE:   tr: 2.515, val: 2.512
       MAPE:  tr: 144662553740443.719, val: 144662553740443.719
  [1620] MSE:   tr: 15.731, val: 14.934
       MAE:   tr: 2.566, val: 2.504
       MAPE:  tr: 142882976991019.062, val: 142882976991019.062
  [1630] MSE:   tr: 16.268, val: 15.037
       MAE:   tr: 2.605, val: 2.526
       MAPE:  tr: 134814681209503.812, val: 134814681209503.812
  [1640] MSE:   tr: 15.606, val: 14.857
       MAE:   tr: 2.520, val: 2.537
       MAPE:  tr: 142078042137690.188, val: 142078042137690.188
  [1650] MSE:   tr: 15.739, val: 15.560
       MAE:   tr: 2.546, val: 2.500
       MAPE:  tr: 126250106251903.047, val: 126250106251903.047
  [1660] MSE:   tr: 15.684, val: 15.329
       MAE:   tr: 2.580, val: 2.577
       MAPE:  tr: 146733634215215.156, val: 146733634215215.156
  [1670] MSE:   tr: 15.510, val: 14.610
       MAE:   tr: 2.555, val: 2.459
       MAPE:  tr: 127342116719296.578, val: 127342116719296.578
  [1680] MSE:   tr: 15.988, val: 15.518
       MAE:   tr: 2.600, val: 2.623
       MAPE:  tr: 143549661142057.031, val: 143549661142057.031
  [1690] MSE:   tr: 15.177, val: 14.484
       MAE:   tr: 2.479, val: 2.482
       MAPE:  tr: 134862797728120.891, val: 134862797728120.891
  [1700] MSE:   tr: 15.321, val: 14.409
       MAE:   tr: 2.503, val: 2.463
       MAPE:  tr: 140337169486053.438, val: 140337169486053.438
  [1710] MSE:   tr: 15.104, val: 14.594
       MAE:   tr: 2.507, val: 2.446
       MAPE:  tr: 136471026757271.609, val: 136471026757271.609
  [1720] MSE:   tr: 15.456, val: 15.016
       MAE:   tr: 2.512, val: 2.538
       MAPE:  tr: 150240397702987.844, val: 150240397702987.844
  [1730] MSE:   tr: 15.240, val: 15.181
       MAE:   tr: 2.498, val: 2.538
       MAE:   tr: 2.534, val: 2.512
       MAPE:  tr: 142839432465088.562, val: 142839432465088.562
  [1160] MSE:   tr: 15.584, val: 15.141
       MAE:   tr: 2.548, val: 2.582
       MAPE:  tr: 143980356167532.594, val: 143980356167532.594
  [1170] MSE:   tr: 15.586, val: 15.865
       MAE:   tr: 2.570, val: 2.567
       MAPE:  tr: 142814513064837.188, val: 142814513064837.188
  [1180] MSE:   tr: 15.429, val: 15.294
       MAE:   tr: 2.555, val: 2.565
       MAPE:  tr: 143024279267573.812, val: 143024279267573.812
  [1190] MSE:   tr: 15.793, val: 15.047
       MAE:   tr: 2.570, val: 2.554
       MAPE:  tr: 138010918561775.688, val: 138010918561775.688
  [1200] MSE:   tr: 15.786, val: 14.856
       MAE:   tr: 2.525, val: 2.483
       MAPE:  tr: 143172891578466.375, val: 143172891578466.375
  [1210] MSE:   tr: 16.138, val: 15.678
       MAE:   tr: 2.600, val: 2.619
       MAPE:  tr: 139385724708323.391, val: 139385724708323.391
  [1220] MSE:   tr: 15.842, val: 16.017
       MAE:   tr: 2.563, val: 2.537
       MAPE:  tr: 165671620344545.344, val: 165671620344545.344
  [1230] MSE:   tr: 15.603, val: 15.797
       MAE:   tr: 2.535, val: 2.515
       MAPE:  tr: 149490709013987.406, val: 149490709013987.406
  [1240] MSE:   tr: 15.821, val: 15.687
       MAE:   tr: 2.597, val: 2.618
       MAPE:  tr: 137228195131818.047, val: 137228195131818.047
  [1250] MSE:   tr: 17.028, val: 16.039
       MAE:   tr: 2.715, val: 2.682
       MAPE:  tr: 146791392935411.781, val: 146791392935411.781
  [1260] MSE:   tr: 15.278, val: 15.781
       MAE:   tr: 2.536, val: 2.558
       MAPE:  tr: 141289103890055.219, val: 141289103890055.219
  [1270] MSE:   tr: 15.251, val: 16.051
       MAE:   tr: 2.520, val: 2.525
       MAPE:  tr: 142805863000703.031, val: 142805863000703.031
  [1280] MSE:   tr: 15.913, val: 15.164
       MAE:   tr: 2.569, val: 2.487
       MAPE:  tr: 140409971329204.281, val: 140409971329204.281
  [1290] MSE:   tr: 16.327, val: 16.021
       MAE:   tr: 2.649, val: 2.631
       MAPE:  tr: 149827451629862.969, val: 149827451629862.969
  [1300] MSE:   tr: 15.538, val: 15.234
       MAE:   tr: 2.545, val: 2.566
       MAPE:  tr: 139692368193388.609, val: 139692368193388.609
  [1310] MSE:   tr: 15.417, val: 15.223
       MAE:   tr: 2.552, val: 2.562
       MAPE:  tr: 135671939501916.219, val: 135671939501916.219
  [1320] MSE:   tr: 15.514, val: 14.785
       MAE:   tr: 2.592, val: 2.594
       MAPE:  tr: 153867884131516.469, val: 153867884131516.469
  [1330] MSE:   tr: 15.219, val: 15.884
       MAE:   tr: 2.536, val: 2.573
       MAPE:  tr: 139913713627955.266, val: 139913713627955.266
  [1340] MSE:   tr: 15.131, val: 14.020
       MAE:   tr: 2.527, val: 2.481
       MAPE:  tr: 147306438971097.156, val: 147306438971097.156
  [1350] MSE:   tr: 15.356, val: 14.805
       MAE:   tr: 2.512, val: 2.455
       MAPE:  tr: 150005389977452.594, val: 150005389977452.594
  [1360] MSE:   tr: 16.279, val: 14.840
       MAE:   tr: 2.589, val: 2.540
       MAPE:  tr: 150931876700225.594, val: 150931876700225.594
  [1370] MSE:   tr: 16.067, val: 14.790
       MAE:   tr: 2.572, val: 2.504
       MAPE:  tr: 151029617270980.688, val: 151029617270980.688
  [1380] MSE:   tr: 14.978, val: 15.734
       MAE:   tr: 2.479, val: 2.503
       MAPE:  tr: 139692632333877.312, val: 139692632333877.312
  [1390] MSE:   tr: 15.754, val: 14.848
       MAE:   tr: 2.548, val: 2.533
       MAPE:  tr: 152959101263937.562, val: 152959101263937.562
  [1400] MSE:   tr: 16.039, val: 15.196
       MAE:   tr: 2.584, val: 2.570
       MAPE:  tr: 150643826128584.781, val: 150643826128584.781
  [1410] MSE:   tr: 16.276, val: 15.419
       MAE:   tr: 2.581, val: 2.568
       MAPE:  tr: 138274466344992.828, val: 138274466344992.828
  [1420] MSE:   tr: 15.782, val: 15.438
       MAE:   tr: 2.564, val: 2.573
       MAPE:  tr: 133200209445388.359, val: 133200209445388.359
  [1430] MSE:   tr: 16.376, val: 15.753
       MAE:   tr: 2.688, val: 2.637
       MAPE:  tr: 146384124809052.219, val: 146384124809052.219
  [1440] MSE:   tr: 16.146, val: 16.306
       MAE:   tr: 2.609, val: 2.562
       MAPE:  tr: 154952563089735.750, val: 154952563089735.750
  [1450] MSE:   tr: 15.066, val: 14.773
       MAE:   tr: 2.507, val: 2.513
       MAPE:  tr: 132433237807988.797, val: 132433237807988.797
  [1460] MSE:   tr: 15.011, val: 16.347
       MAE:   tr: 2.517, val: 2.605
       MAPE:  tr: 132054400217645.125, val: 132054400217645.125
  [1470] MSE:   tr: 15.404, val: 15.081
       MAE:   tr: 2.556, val: 2.523
       MAPE:  tr: 130635686620430.406, val: 130635686620430.406
  [1480] MSE:   tr: 15.253, val: 15.187
       MAE:   tr: 2.538, val: 2.586
       MAPE:  tr: 139063548474032.188, val: 139063548474032.188
  [1490] MSE:   tr: 17.198, val: 17.596
       MAE:   tr: 2.804, val: 2.862
       MAPE:  tr: 135280423168114.750, val: 135280423168114.750
  [1500] MSE:   tr: 15.501, val: 15.219
       MAE:   tr: 2.575, val: 2.514
       MAPE:  tr: 133235939278323.781, val: 133235939278323.781
  [1510] MSE:   tr: 15.537, val: 15.329
       MAE:   tr: 2.539, val: 2.516
       MAPE:  tr: 139759328881016.891, val: 139759328881016.891
  [1520] MSE:   tr: 15.513, val: 14.902
       MAE:   tr: 2.597, val: 2.601
       MAPE:  tr: 138206483455148.094, val: 138206483455148.094
  [1530] MSE:   tr: 15.502, val: 15.581
       MAE:   tr: 2.591, val: 2.601
       MAPE:  tr: 142053401910313.031, val: 142053401910313.031
  [1540] MSE:   tr: 15.389, val: 14.412
       MAE:   tr: 2.574, val: 2.553
       MAPE:  tr: 142738148546314.312, val: 142738148546314.312
  [1550] MSE:   tr: 15.315, val: 15.789
       MAE:   tr: 2.535, val: 2.529
       MAPE:  tr: 138973360603267.141, val: 138973360603267.141
  [1560] MSE:   tr: 15.326, val: 14.247
       MAE:   tr: 2.529, val: 2.491
       MAPE:  tr: 135323359956172.859, val: 135323359956172.859
  [1570] MSE:   tr: 15.167, val: 14.198
       MAE:   tr: 2.520, val: 2.480
       MAPE:  tr: 140615857028988.984, val: 140615857028988.984
  [1580] MSE:   tr: 14.996, val: 15.302
       MAE:   tr: 2.520, val: 2.528
       MAPE:  tr: 142010014150688.844, val: 142010014150688.844
  [1590] MSE:   tr: 15.724, val: 16.683
       MAE:   tr: 2.575, val: 2.580
       MAPE:  tr: 140828466500075.594, val: 140828466500075.594
  [1600] MSE:   tr: 15.136, val: 14.712
       MAE:   tr: 2.499, val: 2.521
       MAPE:  tr: 141947251793592.375, val: 141947251793592.375
  [1610] MSE:   tr: 15.107, val: 14.935
       MAE:   tr: 2.515, val: 2.512
       MAPE:  tr: 144662553740443.719, val: 144662553740443.719
  [1620] MSE:   tr: 15.731, val: 14.934
       MAE:   tr: 2.566, val: 2.504
       MAPE:  tr: 142882976991019.062, val: 142882976991019.062
  [1630] MSE:   tr: 16.268, val: 15.037
       MAE:   tr: 2.605, val: 2.526
       MAPE:  tr: 134814681209503.812, val: 134814681209503.812
  [1640] MSE:   tr: 15.606, val: 14.857
       MAE:   tr: 2.520, val: 2.537
       MAPE:  tr: 142078042137690.188, val: 142078042137690.188
  [1650] MSE:   tr: 15.739, val: 15.560
       MAE:   tr: 2.546, val: 2.500
       MAPE:  tr: 126250106251903.047, val: 126250106251903.047
  [1660] MSE:   tr: 15.684, val: 15.329
       MAE:   tr: 2.580, val: 2.577
       MAPE:  tr: 146733634215215.156, val: 146733634215215.156
  [1670] MSE:   tr: 15.510, val: 14.610
       MAE:   tr: 2.555, val: 2.459
       MAPE:  tr: 127342116719296.578, val: 127342116719296.578
  [1680] MSE:   tr: 15.988, val: 15.518
       MAE:   tr: 2.600, val: 2.623
       MAPE:  tr: 143549661142057.031, val: 143549661142057.031
  [1690] MSE:   tr: 15.177, val: 14.484
       MAE:   tr: 2.479, val: 2.482
       MAPE:  tr: 134862797728120.891, val: 134862797728120.891
  [1700] MSE:   tr: 15.321, val: 14.409
       MAE:   tr: 2.503, val: 2.463
       MAPE:  tr: 140337169486053.438, val: 140337169486053.438
  [1710] MSE:   tr: 15.104, val: 14.594
       MAE:   tr: 2.507, val: 2.446
       MAPE:  tr: 136471026757271.609, val: 136471026757271.609
  [1720] MSE:   tr: 15.456, val: 15.016
       MAE:   tr: 2.512, val: 2.538
       MAPE:  tr: 150240397702987.844, val: 150240397702987.844
  [1730] MSE:   tr: 15.240, val: 15.181
       MAE:   tr: 2.498, val: 2.538
       MAPE:  tr: 143975790617296.969, val: 143975790617296.969
  [1740] MSE:   tr: 15.599, val: 15.627
       MAE:   tr: 2.535, val: 2.599
       MAPE:  tr: 130361732131455.047, val: 130361732131455.047
  [1750] MSE:   tr: 15.814, val: 14.880
       MAE:   tr: 2.562, val: 2.545
       MAPE:  tr: 143834542027833.406, val: 143834542027833.406
  [1760] MSE:   tr: 15.290, val: 15.640
       MAE:   tr: 2.490, val: 2.485
       MAPE:  tr: 129826319360852.031, val: 129826319360852.031
  [1770] MSE:   tr: 15.654, val: 14.207
       MAE:   tr: 2.550, val: 2.491
       MAPE:  tr: 136676510877614.141, val: 136676510877614.141
  [1780] MSE:   tr: 15.300, val: 14.300
       MAE:   tr: 2.499, val: 2.455
       MAPE:  tr: 136426367687327.812, val: 136426367687327.812
  [1790] MSE:   tr: 16.041, val: 14.409
       MAE:   tr: 2.520, val: 2.542
       MAPE:  tr: 143079405172817.969, val: 143079405172817.969
  [1800] MSE:   tr: 15.052, val: 15.025
       MAE:   tr: 2.511, val: 2.575
       MAPE:  tr: 147751152769826.875, val: 147751152769826.875
  [1810] MSE:   tr: 15.020, val: 14.690
       MAE:   tr: 2.511, val: 2.571
       MAPE:  tr: 139518623881363.516, val: 139518623881363.516
  [1820] MSE:   tr: 14.450, val: 14.549
       MAE:   tr: 2.463, val: 2.509
       MAPE:  tr: 136937404371042.375, val: 136937404371042.375
  [1830] MSE:   tr: 16.269, val: 13.253
       MAE:   tr: 2.538, val: 2.436
       MAPE:  tr: 152078946500870.188, val: 152078946500870.188
  [1840] MSE:   tr: 15.347, val: 16.894
       MAE:   tr: 2.571, val: 2.664
       MAPE:  tr: 120826655626231.875, val: 120826655626231.875
  [1850] MSE:   tr: 14.974, val: 14.282
       MAE:   tr: 2.509, val: 2.510
       MAPE:  tr: 138494199019339.844, val: 138494199019339.844
  [1860] MSE:   tr: 15.386, val: 14.539
       MAE:   tr: 2.563, val: 2.552
       MAPE:  tr: 121613983261130.812, val: 121613983261130.812
  [1870] MSE:   tr: 16.305, val: 14.855
       MAE:   tr: 2.727, val: 2.679
       MAPE:  tr: 137346787768795.203, val: 137346787768795.203
  [1880] MSE:   tr: 14.695, val: 14.423
       MAE:   tr: 2.484, val: 2.434
       MAPE:  tr: 128268577672265.797, val: 128268577672265.797
  [1890] MSE:   tr: 15.279, val: 15.917
       MAE:   tr: 2.528, val: 2.572
       MAPE:  tr: 134639326284742.719, val: 134639326284742.719
  [1900] MSE:   tr: 15.509, val: 14.348
       MAE:   tr: 2.585, val: 2.497
       MAPE:  tr: 112830152370552.891, val: 112830152370552.891
  [1910] MSE:   tr: 15.493, val: 13.829
       MAE:   tr: 2.542, val: 2.476
       MAPE:  tr: 129220993112604.734, val: 129220993112604.734
  [1920] MSE:   tr: 14.281, val: 14.627
       MAE:   tr: 2.477, val: 2.426
       MAPE:  tr: 121482986758602.812, val: 121482986758602.812
    New Best Model
  [1930] MSE:   tr: 14.680, val: 14.046
       MAE:   tr: 2.486, val: 2.448
       MAPE:  tr: 136583456116179.016, val: 136583456116179.016
  [1940] MSE:   tr: 14.506, val: 13.954
       MAE:   tr: 2.488, val: 2.437
       MAPE:  tr: 118544301415202.875, val: 118544301415202.875
  [1950] MSE:   tr: 14.830, val: 13.520
       MAE:   tr: 2.543, val: 2.480
       MAPE:  tr: 119677013140176.953, val: 119677013140176.953
  [1960] MSE:   tr: 14.618, val: 14.650
       MAE:   tr: 2.479, val: 2.486
       MAPE:  tr: 123148579370958.906, val: 123148579370958.906
  [1970] MSE:   tr: 15.524, val: 14.191
       MAE:   tr: 2.548, val: 2.439
       MAPE:  tr: 143119853027328.062, val: 143119853027328.062
  [1980] MSE:   tr: 14.594, val: 14.352
       MAE:   tr: 2.480, val: 2.468
       MAPE:  tr: 142843516978987.062, val: 142843516978987.062
  [1990] MSE:   tr: 15.139, val: 15.758
       MAE:   tr: 2.538, val: 2.564
       MAPE:  tr: 122666997572960.312, val: 122666997572960.312
  [2000] MSE:   tr: 15.008, val: 15.157
       MAE:   tr: 2.499, val: 2.456
       MAPE:  tr: 136307358438522.938, val: 136307358438522.938
  Finished Training
  Neural Network train time: 312.02498960494995
       MAPE:  tr: 143975790617296.969, val: 143975790617296.969
  [1740] MSE:   tr: 15.599, val: 15.627
       MAE:   tr: 2.535, val: 2.599
       MAPE:  tr: 130361732131455.047, val: 130361732131455.047
  [1750] MSE:   tr: 15.814, val: 14.880
       MAE:   tr: 2.562, val: 2.545
       MAPE:  tr: 143834542027833.406, val: 143834542027833.406
  [1760] MSE:   tr: 15.290, val: 15.640
       MAE:   tr: 2.490, val: 2.485
       MAPE:  tr: 129826319360852.031, val: 129826319360852.031
  [1770] MSE:   tr: 15.654, val: 14.207
       MAE:   tr: 2.550, val: 2.491
       MAPE:  tr: 136676510877614.141, val: 136676510877614.141
  [1780] MSE:   tr: 15.300, val: 14.300
       MAE:   tr: 2.499, val: 2.455
       MAPE:  tr: 136426367687327.812, val: 136426367687327.812
  [1790] MSE:   tr: 16.041, val: 14.409
       MAE:   tr: 2.520, val: 2.542
       MAPE:  tr: 143079405172817.969, val: 143079405172817.969
  [1800] MSE:   tr: 15.052, val: 15.025
       MAE:   tr: 2.511, val: 2.575
       MAPE:  tr: 147751152769826.875, val: 147751152769826.875
  [1810] MSE:   tr: 15.020, val: 14.690
       MAE:   tr: 2.511, val: 2.571
       MAPE:  tr: 139518623881363.516, val: 139518623881363.516
  [1820] MSE:   tr: 14.450, val: 14.549
       MAE:   tr: 2.463, val: 2.509
       MAPE:  tr: 136937404371042.375, val: 136937404371042.375
  [1830] MSE:   tr: 16.269, val: 13.253
       MAE:   tr: 2.538, val: 2.436
       MAPE:  tr: 152078946500870.188, val: 152078946500870.188
  [1840] MSE:   tr: 15.347, val: 16.894
       MAE:   tr: 2.571, val: 2.664
       MAPE:  tr: 120826655626231.875, val: 120826655626231.875
  [1850] MSE:   tr: 14.974, val: 14.282
       MAE:   tr: 2.509, val: 2.510
       MAPE:  tr: 138494199019339.844, val: 138494199019339.844
  [1860] MSE:   tr: 15.386, val: 14.539
       MAE:   tr: 2.563, val: 2.552
       MAPE:  tr: 121613983261130.812, val: 121613983261130.812
  [1870] MSE:   tr: 16.305, val: 14.855
       MAE:   tr: 2.727, val: 2.679
       MAPE:  tr: 137346787768795.203, val: 137346787768795.203
  [1880] MSE:   tr: 14.695, val: 14.423
       MAE:   tr: 2.484, val: 2.434
       MAPE:  tr: 128268577672265.797, val: 128268577672265.797
  [1890] MSE:   tr: 15.279, val: 15.917
       MAE:   tr: 2.528, val: 2.572
       MAPE:  tr: 134639326284742.719, val: 134639326284742.719
  [1900] MSE:   tr: 15.509, val: 14.348
       MAE:   tr: 2.585, val: 2.497
       MAPE:  tr: 112830152370552.891, val: 112830152370552.891
  [1910] MSE:   tr: 15.493, val: 13.829
       MAE:   tr: 2.542, val: 2.476
       MAPE:  tr: 129220993112604.734, val: 129220993112604.734
  [1920] MSE:   tr: 14.281, val: 14.627
       MAE:   tr: 2.477, val: 2.426
       MAPE:  tr: 121482986758602.812, val: 121482986758602.812
    New Best Model
  [1930] MSE:   tr: 14.680, val: 14.046
       MAE:   tr: 2.486, val: 2.448
       MAPE:  tr: 136583456116179.016, val: 136583456116179.016
  [1940] MSE:   tr: 14.506, val: 13.954
       MAE:   tr: 2.488, val: 2.437
       MAPE:  tr: 118544301415202.875, val: 118544301415202.875
  [1950] MSE:   tr: 14.830, val: 13.520
       MAE:   tr: 2.543, val: 2.480
       MAPE:  tr: 119677013140176.953, val: 119677013140176.953
  [1960] MSE:   tr: 14.618, val: 14.650
       MAE:   tr: 2.479, val: 2.486
       MAPE:  tr: 123148579370958.906, val: 123148579370958.906
  [1970] MSE:   tr: 15.524, val: 14.191
       MAE:   tr: 2.548, val: 2.439
       MAPE:  tr: 143119853027328.062, val: 143119853027328.062
  [1980] MSE:   tr: 14.594, val: 14.352
       MAE:   tr: 2.480, val: 2.468
       MAPE:  tr: 142843516978987.062, val: 142843516978987.062
  [1990] MSE:   tr: 15.139, val: 15.758
       MAE:   tr: 2.538, val: 2.564
       MAPE:  tr: 122666997572960.312, val: 122666997572960.312
  [2000] MSE:   tr: 15.008, val: 15.157
       MAE:   tr: 2.499, val: 2.456
       MAPE:  tr: 136307358438522.938, val: 136307358438522.938
  Finished Training
  Neural Network train time: 312.26979660987854
python -m nsp.scripts.train_model --problem ip_i_H --model_type nn_e --embed_hidden_dim 512 --embed_dim1 128 --embed_dim2 8 --relu_hidden_dim 128 --agg_type mean --lr 0.00433 --dropout 0.04056 --optimizer Adam --batch_size 128 --loss_fn MSELoss --wt_lasso 0.005 --wt_ridge 0.00841 --log_freq 10 --n_epochs 2000 --use_wandb 0 
python -m nsp.scripts.train_model --problem ip_i_H --model_type nn_e --embed_hidden_dim 512 --embed_dim1 128 --embed_dim2 8 --relu_hidden_dim 128 --agg_type mean --lr 0.00433 --dropout 0.04056 --optimizer Adam --batch_size 128 --loss_fn MSELoss --wt_lasso 0.005 --wt_ridge 0.00841 --log_freq 10 --n_epochs 2000 --use_wandb 0 
