TRAINING MODELS: problem = ip_b_H

  [10] MSE:   tr: 270.429, val: 300.741
       MAE:   tr: 13.225, val: 14.043
       MAPE:  tr: 37893233195352.398, val: 37893233195352.398
    New Best Model
  [20] MSE:   tr: 144.295, val: 163.435
       MAE:   tr: 9.363, val: 9.900
       MAPE:  tr: 61354049131249.906, val: 61354049131249.906
    New Best Model
  [30] MSE:   tr: 61.156, val: 70.701
       MAE:   tr: 5.212, val: 5.494
       MAPE:  tr: 79567583799410.812, val: 79567583799410.812
    New Best Model
  [40] MSE:   tr: 43.804, val: 53.148
       MAE:   tr: 4.470, val: 4.805
       MAPE:  tr: 102174263347249.281, val: 102174263347249.281
    New Best Model
  [50] MSE:   tr: 31.106, val: 37.624
       MAE:   tr: 3.692, val: 4.040
       MAPE:  tr: 117922005751169.125, val: 117922005751169.125
    New Best Model
  [60] MSE:   tr: 24.347, val: 27.291
       MAE:   tr: 3.347, val: 3.583
       MAPE:  tr: 119541738850222.156, val: 119541738850222.156
    New Best Model
  [70] MSE:   tr: 19.392, val: 21.184
       MAE:   tr: 2.975, val: 3.102
       MAPE:  tr: 129882843277951.047, val: 129882843277951.047
    New Best Model
  [80] MSE:   tr: 18.099, val: 15.741
       MAE:   tr: 2.794, val: 2.745
       MAPE:  tr: 122261389451460.672, val: 122261389451460.672
    New Best Model
  [90] MSE:   tr: 14.807, val: 14.773
       MAE:   tr: 2.600, val: 2.644
       MAPE:  tr: 118035343495659.578, val: 118035343495659.578
    New Best Model
  [100] MSE:   tr: 13.590, val: 14.206
       MAE:   tr: 2.457, val: 2.548
       MAPE:  tr: 122194755181346.875, val: 122194755181346.875
    New Best Model
  [110] MSE:   tr: 13.447, val: 13.687
       MAE:   tr: 2.451, val: 2.517
       MAPE:  tr: 121024468934983.750, val: 121024468934983.750
    New Best Model
  [120] MSE:   tr: 13.112, val: 13.628
       MAE:   tr: 2.425, val: 2.548
       MAPE:  tr: 122744225379909.703, val: 122744225379909.703
  [130] MSE:   tr: 13.378, val: 13.416
       MAE:   tr: 2.474, val: 2.524
       MAPE:  tr: 110224163783835.719, val: 110224163783835.719
  [140] MSE:   tr: 12.799, val: 12.970
       MAE:   tr: 2.394, val: 2.443
       MAPE:  tr: 116607271164706.875, val: 116607271164706.875
    New Best Model
  [150] MSE:   tr: 13.049, val: 13.409
       MAE:   tr: 2.486, val: 2.560
       MAPE:  tr: 108656176450764.859, val: 108656176450764.859
  [160] MSE:   tr: 13.606, val: 12.988
       MAE:   tr: 2.484, val: 2.467
       MAPE:  tr: 119862358158868.547, val: 119862358158868.547
  [170] MSE:   tr: 12.204, val: 12.125
       MAE:   tr: 2.314, val: 2.373
       MAPE:  tr: 109847750702530.625, val: 109847750702530.625
    New Best Model
  [180] MSE:   tr: 13.203, val: 12.501
       MAE:   tr: 2.457, val: 2.453
       MAPE:  tr: 122112177992630.344, val: 122112177992630.344
  [190] MSE:   tr: 13.064, val: 11.291
       MAE:   tr: 2.411, val: 2.313
       MAPE:  tr: 114294871509958.719, val: 114294871509958.719
    New Best Model
  [200] MSE:   tr: 14.740, val: 14.346
       MAE:   tr: 2.706, val: 2.779
       MAPE:  tr: 109445627946991.688, val: 109445627946991.688
  [210] MSE:   tr: 12.046, val: 11.737
       MAE:   tr: 2.296, val: 2.323
       MAPE:  tr: 119014641136304.188, val: 119014641136304.188
  [220] MSE:   tr: 12.473, val: 12.289
       MAE:   tr: 2.319, val: 2.372
       MAPE:  tr: 124552672899498.047, val: 124552672899498.047
  [230] MSE:   tr: 12.670, val: 12.318
       MAE:   tr: 2.412, val: 2.431
       MAPE:  tr: 120916656665919.547, val: 120916656665919.547
  [240] MSE:   tr: 12.244, val: 11.869
       MAE:   tr: 2.341, val: 2.338
       MAPE:  tr: 116971544520949.828, val: 116971544520949.828
  [250] MSE:   tr: 12.275, val: 11.588
       MAE:   tr: 2.302, val: 2.341
       MAPE:  tr: 119283675740241.984, val: 119283675740241.984
  [260] MSE:   tr: 12.189, val: 12.220
       MAE:   tr: 2.340, val: 2.353
       MAPE:  tr: 106653207714857.031, val: 106653207714857.031
  [270] MSE:   tr: 11.599, val: 10.958
       MAE:   tr: 2.265, val: 2.247
       MAPE:  tr: 117641361850630.203, val: 117641361850630.203
    New Best Model
  [280] MSE:   tr: 13.243, val: 11.755
       MAE:   tr: 2.472, val: 2.438
       MAPE:  tr: 119105022280597.562, val: 119105022280597.562
  [290] MSE:   tr: 13.910, val: 12.606
       MAE:   tr: 2.595, val: 2.540
       MAPE:  tr: 115552547455893.562, val: 115552547455893.562
  [300] MSE:   tr: 11.483, val: 10.958
       MAE:   tr: 2.236, val: 2.261
       MAPE:  tr: 119804983838244.922, val: 119804983838244.922
  [310] MSE:   tr: 11.973, val: 11.579
       MAE:   tr: 2.296, val: 2.337
       MAPE:  tr: 117042804470841.406, val: 117042804470841.406
  [320] MSE:   tr: 12.417, val: 13.423
       MAE:   tr: 2.372, val: 2.484
       MAPE:  tr: 120987918763294.781, val: 120987918763294.781
  [330] MSE:   tr: 12.516, val: 11.952
       MAE:   tr: 2.401, val: 2.415
       MAPE:  tr: 117916497455611.969, val: 117916497455611.969
  [340] MSE:   tr: 11.465, val: 11.273
       MAE:   tr: 2.236, val: 2.260
       MAPE:  tr: 112376801392590.906, val: 112376801392590.906
  [350] MSE:   tr: 11.671, val: 10.697
       MAE:   tr: 2.253, val: 2.203
       MAPE:  tr: 113073659836366.906, val: 113073659836366.906
    New Best Model
  [360] MSE:   tr: 12.191, val: 12.225
       MAE:   tr: 2.358, val: 2.394
       MAPE:  tr: 118506694681559.109, val: 118506694681559.109
  [370] MSE:   tr: 11.299, val: 10.985
       MAE:   tr: 2.216, val: 2.271
       MAPE:  tr: 115189916924641.328, val: 115189916924641.328
  [380] MSE:   tr: 11.566, val: 11.280
       MAE:   tr: 2.248, val: 2.317
       MAPE:  tr: 119231854812332.094, val: 119231854812332.094
  [390] MSE:   tr: 12.455, val: 12.758
       MAE:   tr: 2.409, val: 2.498
       MAPE:  tr: 107518274257813.562, val: 107518274257813.562
  [400] MSE:   tr: 11.553, val: 10.997
       MAE:   tr: 2.268, val: 2.253
       MAPE:  tr: 114325488184328.250, val: 114325488184328.250
  [410] MSE:   tr: 12.284, val: 11.967
       MAE:   tr: 2.348, val: 2.365
       MAPE:  tr: 123707131277869.125, val: 123707131277869.125
  [420] MSE:   tr: 11.258, val: 11.385
       MAE:   tr: 2.207, val: 2.299
       MAPE:  tr: 119546714569834.562, val: 119546714569834.562
  [430] MSE:   tr: 11.398, val: 11.420
       MAE:   tr: 2.216, val: 2.262
       MAPE:  tr: 117305209792757.828, val: 117305209792757.828
  [440] MSE:   tr: 11.385, val: 10.797
       MAE:   tr: 2.200, val: 2.246
       MAPE:  tr: 120162816891027.516, val: 120162816891027.516
  [450] MSE:   tr: 11.466, val: 11.131
       MAE:   tr: 2.216, val: 2.255
       MAPE:  tr: 119098412325929.031, val: 119098412325929.031
  [460] MSE:   tr: 11.268, val: 11.031
       MAE:   tr: 2.193, val: 2.243
       MAPE:  tr: 112839405877592.125, val: 112839405877592.125
  [470] MSE:   tr: 11.384, val: 11.352
       MAE:   tr: 2.216, val: 2.296
       MAPE:  tr: 114414791291830.344, val: 114414791291830.344
  [480] MSE:   tr: 11.478, val: 11.216
       MAE:   tr: 2.235, val: 2.282
       MAPE:  tr: 124039862394290.219, val: 124039862394290.219
  [490] MSE:   tr: 11.366, val: 11.346
       MAE:   tr: 2.222, val: 2.237
       MAPE:  tr: 116287938198765.625, val: 116287938198765.625
  [500] MSE:   tr: 11.563, val: 11.071
       MAE:   tr: 2.221, val: 2.259
       MAPE:  tr: 119051631542140.984, val: 119051631542140.984
  [510] MSE:   tr: 11.456, val: 11.026
       MAE:   tr: 2.217, val: 2.240
       MAPE:  tr: 117366720166887.484, val: 117366720166887.484
  [520] MSE:   tr: 11.584, val: 11.216
       MAE:   tr: 2.221, val: 2.239
       MAPE:  tr: 117597581101498.438, val: 117597581101498.438
  [530] MSE:   tr: 11.710, val: 12.456
       MAE:   tr: 2.282, val: 2.358
       MAPE:  tr: 114946815333236.797, val: 114946815333236.797
  [540] MSE:   tr: 12.849, val: 12.811
       MAE:   tr: 2.489, val: 2.563
       MAPE:  tr: 127565504410812.484, val: 127565504410812.484
  [550] MSE:   tr: 11.307, val: 10.896
       MAE:   tr: 2.202, val: 2.256
       MAPE:  tr: 126657859709567.031, val: 126657859709567.031
  [560] MSE:   tr: 10.921, val: 11.011
       MAE:   tr: 2.160, val: 2.200
       MAPE:  tr: 113557380528078.906, val: 113557380528078.906
    New Best Model
  [570] MSE:   tr: 12.584, val: 12.359
TRAINING MODELS: problem = ip_b_H

  [10] MSE:   tr: 270.429, val: 300.741
       MAE:   tr: 13.225, val: 14.043
       MAPE:  tr: 37893233195352.398, val: 37893233195352.398
    New Best Model
  [20] MSE:   tr: 144.295, val: 163.435
       MAE:   tr: 9.363, val: 9.900
       MAPE:  tr: 61354049131249.906, val: 61354049131249.906
    New Best Model
  [30] MSE:   tr: 61.156, val: 70.701
       MAE:   tr: 5.212, val: 5.494
       MAPE:  tr: 79567583799410.812, val: 79567583799410.812
    New Best Model
  [40] MSE:   tr: 43.804, val: 53.148
       MAE:   tr: 4.470, val: 4.805
       MAPE:  tr: 102174263347249.281, val: 102174263347249.281
    New Best Model
  [50] MSE:   tr: 31.106, val: 37.624
       MAE:   tr: 3.692, val: 4.040
       MAPE:  tr: 117922005751169.125, val: 117922005751169.125
    New Best Model
  [60] MSE:   tr: 24.347, val: 27.291
       MAE:   tr: 3.347, val: 3.583
       MAPE:  tr: 119541738850222.156, val: 119541738850222.156
    New Best Model
  [70] MSE:   tr: 19.392, val: 21.184
       MAE:   tr: 2.975, val: 3.102
       MAPE:  tr: 129882843277951.047, val: 129882843277951.047
    New Best Model
  [80] MSE:   tr: 18.099, val: 15.741
       MAE:   tr: 2.794, val: 2.745
       MAPE:  tr: 122261389451460.672, val: 122261389451460.672
    New Best Model
  [90] MSE:   tr: 14.807, val: 14.773
       MAE:   tr: 2.600, val: 2.644
       MAPE:  tr: 118035343495659.578, val: 118035343495659.578
    New Best Model
  [100] MSE:   tr: 13.590, val: 14.206
       MAE:   tr: 2.457, val: 2.548
       MAPE:  tr: 122194755181346.875, val: 122194755181346.875
    New Best Model
  [110] MSE:   tr: 13.447, val: 13.687
       MAE:   tr: 2.451, val: 2.517
       MAPE:  tr: 121024468934983.750, val: 121024468934983.750
    New Best Model
  [120] MSE:   tr: 13.112, val: 13.628
       MAE:   tr: 2.425, val: 2.548
       MAPE:  tr: 122744225379909.703, val: 122744225379909.703
  [130] MSE:   tr: 13.378, val: 13.416
       MAE:   tr: 2.474, val: 2.524
       MAPE:  tr: 110224163783835.719, val: 110224163783835.719
  [140] MSE:   tr: 12.799, val: 12.970
       MAE:   tr: 2.394, val: 2.443
       MAPE:  tr: 116607271164706.875, val: 116607271164706.875
    New Best Model
  [150] MSE:   tr: 13.049, val: 13.409
       MAE:   tr: 2.486, val: 2.560
       MAPE:  tr: 108656176450764.859, val: 108656176450764.859
  [160] MSE:   tr: 13.606, val: 12.988
       MAE:   tr: 2.484, val: 2.467
       MAPE:  tr: 119862358158868.547, val: 119862358158868.547
  [170] MSE:   tr: 12.204, val: 12.125
       MAE:   tr: 2.314, val: 2.373
       MAPE:  tr: 109847750702530.625, val: 109847750702530.625
    New Best Model
  [180] MSE:   tr: 13.203, val: 12.501
       MAE:   tr: 2.457, val: 2.453
       MAPE:  tr: 122112177992630.344, val: 122112177992630.344
  [190] MSE:   tr: 13.064, val: 11.291
       MAE:   tr: 2.411, val: 2.313
       MAPE:  tr: 114294871509958.719, val: 114294871509958.719
    New Best Model
  [200] MSE:   tr: 14.740, val: 14.346
       MAE:   tr: 2.706, val: 2.779
       MAPE:  tr: 109445627946991.688, val: 109445627946991.688
  [210] MSE:   tr: 12.046, val: 11.737
       MAE:   tr: 2.296, val: 2.323
       MAPE:  tr: 119014641136304.188, val: 119014641136304.188
  [220] MSE:   tr: 12.473, val: 12.289
       MAE:   tr: 2.319, val: 2.372
       MAPE:  tr: 124552672899498.047, val: 124552672899498.047
  [230] MSE:   tr: 12.670, val: 12.318
       MAE:   tr: 2.412, val: 2.431
       MAPE:  tr: 120916656665919.547, val: 120916656665919.547
  [240] MSE:   tr: 12.244, val: 11.869
       MAE:   tr: 2.341, val: 2.338
       MAPE:  tr: 116971544520949.828, val: 116971544520949.828
  [250] MSE:   tr: 12.275, val: 11.588
       MAE:   tr: 2.302, val: 2.341
       MAPE:  tr: 119283675740241.984, val: 119283675740241.984
  [260] MSE:   tr: 12.189, val: 12.220
       MAE:   tr: 2.340, val: 2.353
       MAPE:  tr: 106653207714857.031, val: 106653207714857.031
  [270] MSE:   tr: 11.599, val: 10.958
       MAE:   tr: 2.265, val: 2.247
       MAPE:  tr: 117641361850630.203, val: 117641361850630.203
    New Best Model
  [280] MSE:   tr: 13.243, val: 11.755
       MAE:   tr: 2.472, val: 2.438
       MAPE:  tr: 119105022280597.562, val: 119105022280597.562
  [290] MSE:   tr: 13.910, val: 12.606
       MAE:   tr: 2.595, val: 2.540
       MAPE:  tr: 115552547455893.562, val: 115552547455893.562
  [300] MSE:   tr: 11.483, val: 10.958
       MAE:   tr: 2.236, val: 2.261
       MAPE:  tr: 119804983838244.922, val: 119804983838244.922
  [310] MSE:   tr: 11.973, val: 11.579
       MAE:   tr: 2.296, val: 2.337
       MAPE:  tr: 117042804470841.406, val: 117042804470841.406
  [320] MSE:   tr: 12.417, val: 13.423
       MAE:   tr: 2.372, val: 2.484
       MAPE:  tr: 120987918763294.781, val: 120987918763294.781
  [330] MSE:   tr: 12.516, val: 11.952
       MAE:   tr: 2.401, val: 2.415
       MAPE:  tr: 117916497455611.969, val: 117916497455611.969
  [340] MSE:   tr: 11.465, val: 11.273
       MAE:   tr: 2.236, val: 2.260
       MAPE:  tr: 112376801392590.906, val: 112376801392590.906
  [350] MSE:   tr: 11.671, val: 10.697
       MAE:   tr: 2.253, val: 2.203
       MAPE:  tr: 113073659836366.906, val: 113073659836366.906
    New Best Model
  [360] MSE:   tr: 12.191, val: 12.225
       MAE:   tr: 2.358, val: 2.394
       MAPE:  tr: 118506694681559.109, val: 118506694681559.109
  [370] MSE:   tr: 11.299, val: 10.985
       MAE:   tr: 2.216, val: 2.271
       MAPE:  tr: 115189916924641.328, val: 115189916924641.328
  [380] MSE:   tr: 11.566, val: 11.280
       MAE:   tr: 2.248, val: 2.317
       MAPE:  tr: 119231854812332.094, val: 119231854812332.094
  [390] MSE:   tr: 12.455, val: 12.758
       MAE:   tr: 2.409, val: 2.498
       MAPE:  tr: 107518274257813.562, val: 107518274257813.562
  [400] MSE:   tr: 11.553, val: 10.997
       MAE:   tr: 2.268, val: 2.253
       MAPE:  tr: 114325488184328.250, val: 114325488184328.250
  [410] MSE:   tr: 12.284, val: 11.967
       MAE:   tr: 2.348, val: 2.365
       MAPE:  tr: 123707131277869.125, val: 123707131277869.125
  [420] MSE:   tr: 11.258, val: 11.385
       MAE:   tr: 2.207, val: 2.299
       MAPE:  tr: 119546714569834.562, val: 119546714569834.562
  [430] MSE:   tr: 11.398, val: 11.420
       MAE:   tr: 2.216, val: 2.262
       MAPE:  tr: 117305209792757.828, val: 117305209792757.828
  [440] MSE:   tr: 11.385, val: 10.797
       MAE:   tr: 2.200, val: 2.246
       MAPE:  tr: 120162816891027.516, val: 120162816891027.516
  [450] MSE:   tr: 11.466, val: 11.131
       MAE:   tr: 2.216, val: 2.255
       MAPE:  tr: 119098412325929.031, val: 119098412325929.031
  [460] MSE:   tr: 11.268, val: 11.031
       MAE:   tr: 2.193, val: 2.243
       MAPE:  tr: 112839405877592.125, val: 112839405877592.125
  [470] MSE:   tr: 11.384, val: 11.352
       MAE:   tr: 2.216, val: 2.296
       MAPE:  tr: 114414791291830.344, val: 114414791291830.344
  [480] MSE:   tr: 11.478, val: 11.216
       MAE:   tr: 2.235, val: 2.282
       MAPE:  tr: 124039862394290.219, val: 124039862394290.219
  [490] MSE:   tr: 11.366, val: 11.346
       MAE:   tr: 2.222, val: 2.237
       MAPE:  tr: 116287938198765.625, val: 116287938198765.625
  [500] MSE:   tr: 11.563, val: 11.071
       MAE:   tr: 2.221, val: 2.259
       MAPE:  tr: 119051631542140.984, val: 119051631542140.984
  [510] MSE:   tr: 11.456, val: 11.026
       MAE:   tr: 2.217, val: 2.240
       MAPE:  tr: 117366720166887.484, val: 117366720166887.484
  [520] MSE:   tr: 11.584, val: 11.216
       MAE:   tr: 2.221, val: 2.239
       MAPE:  tr: 117597581101498.438, val: 117597581101498.438
  [530] MSE:   tr: 11.710, val: 12.456
       MAE:   tr: 2.282, val: 2.358
       MAPE:  tr: 114946815333236.797, val: 114946815333236.797
  [540] MSE:   tr: 12.849, val: 12.811
       MAE:   tr: 2.489, val: 2.563
       MAPE:  tr: 127565504410812.484, val: 127565504410812.484
  [550] MSE:   tr: 11.307, val: 10.896
       MAE:   tr: 2.202, val: 2.256
       MAPE:  tr: 126657859709567.031, val: 126657859709567.031
  [560] MSE:   tr: 10.921, val: 11.011
       MAE:   tr: 2.160, val: 2.200
       MAPE:  tr: 113557380528078.906, val: 113557380528078.906
    New Best Model
  [570] MSE:   tr: 12.584, val: 12.359
       MAE:   tr: 2.416, val: 2.448
       MAPE:  tr: 116812016550674.500, val: 116812016550674.500
  [580] MSE:   tr: 11.425, val: 11.277
       MAE:   tr: 2.239, val: 2.286
       MAPE:  tr: 113624824399528.000, val: 113624824399528.000
  [590] MSE:   tr: 11.070, val: 10.669
       MAE:   tr: 2.170, val: 2.232
       MAPE:  tr: 112691798589046.844, val: 112691798589046.844
  [600] MSE:   tr: 11.319, val: 11.062
       MAE:   tr: 2.216, val: 2.270
       MAPE:  tr: 123460563647856.703, val: 123460563647856.703
  [610] MSE:   tr: 11.508, val: 10.540
       MAE:   tr: 2.244, val: 2.252
       MAPE:  tr: 117751620103569.469, val: 117751620103569.469
  [620] MSE:   tr: 11.059, val: 10.508
       MAE:   tr: 2.173, val: 2.186
       MAPE:  tr: 115414483584680.000, val: 115414483584680.000
    New Best Model
  [630] MSE:   tr: 11.497, val: 11.150
       MAE:   tr: 2.198, val: 2.235
       MAPE:  tr: 108441597737173.062, val: 108441597737173.062
  [640] MSE:   tr: 11.903, val: 10.869
       MAE:   tr: 2.286, val: 2.281
       MAPE:  tr: 114452438827663.422, val: 114452438827663.422
  [650] MSE:   tr: 11.405, val: 10.691
       MAE:   tr: 2.189, val: 2.236
       MAPE:  tr: 121319030677045.281, val: 121319030677045.281
  [660] MSE:   tr: 11.102, val: 11.012
       MAE:   tr: 2.172, val: 2.223
       MAPE:  tr: 111485992963145.797, val: 111485992963145.797
  [670] MSE:   tr: 11.765, val: 10.541
       MAE:   tr: 2.230, val: 2.185
       MAPE:  tr: 111805149835427.906, val: 111805149835427.906
    New Best Model
  [680] MSE:   tr: 11.164, val: 10.312
       MAE:   tr: 2.179, val: 2.176
       MAPE:  tr: 124384404670775.359, val: 124384404670775.359
    New Best Model
  [690] MSE:   tr: 11.741, val: 11.315
       MAE:   tr: 2.254, val: 2.260
       MAPE:  tr: 114672036210540.609, val: 114672036210540.609
  [700] MSE:   tr: 11.311, val: 11.114
       MAE:   tr: 2.189, val: 2.232
       MAPE:  tr: 114282779029536.828, val: 114282779029536.828
  [710] MSE:   tr: 11.078, val: 11.543
       MAE:   tr: 2.190, val: 2.266
       MAPE:  tr: 118543128889131.078, val: 118543128889131.078
  [720] MSE:   tr: 11.402, val: 11.461
       MAE:   tr: 2.234, val: 2.311
       MAPE:  tr: 118159708568682.562, val: 118159708568682.562
  [730] MSE:   tr: 11.674, val: 10.838
       MAE:   tr: 2.243, val: 2.237
       MAPE:  tr: 123359715668262.969, val: 123359715668262.969
  [740] MSE:   tr: 11.210, val: 12.204
       MAE:   tr: 2.211, val: 2.317
       MAPE:  tr: 117093113570263.109, val: 117093113570263.109
  [750] MSE:   tr: 11.296, val: 10.788
       MAE:   tr: 2.205, val: 2.205
       MAPE:  tr: 114690665631187.016, val: 114690665631187.016
  [760] MSE:   tr: 11.382, val: 10.941
       MAE:   tr: 2.190, val: 2.219
       MAPE:  tr: 120319699161448.516, val: 120319699161448.516
  [770] MSE:   tr: 11.572, val: 11.177
       MAE:   tr: 2.220, val: 2.256
       MAPE:  tr: 117346692734386.234, val: 117346692734386.234
  [780] MSE:   tr: 11.078, val: 11.331
       MAE:   tr: 2.166, val: 2.233
       MAPE:  tr: 112703399295713.344, val: 112703399295713.344
  [790] MSE:   tr: 11.083, val: 10.337
       MAE:   tr: 2.142, val: 2.162
       MAPE:  tr: 114101585096736.828, val: 114101585096736.828
    New Best Model
  [800] MSE:   tr: 11.402, val: 10.712
       MAE:   tr: 2.192, val: 2.212
       MAPE:  tr: 117127619337519.172, val: 117127619337519.172
  [810] MSE:   tr: 10.986, val: 11.525
       MAE:   tr: 2.159, val: 2.198
       MAPE:  tr: 115959102617681.984, val: 115959102617681.984
  [820] MSE:   tr: 11.524, val: 11.479
       MAE:   tr: 2.207, val: 2.242
       MAPE:  tr: 118437573625380.922, val: 118437573625380.922
  [830] MSE:   tr: 11.495, val: 10.773
       MAE:   tr: 2.211, val: 2.196
       MAPE:  tr: 113886916188831.812, val: 113886916188831.812
  [840] MSE:   tr: 11.916, val: 11.509
       MAE:   tr: 2.293, val: 2.347
       MAPE:  tr: 127344113879089.219, val: 127344113879089.219
  [850] MSE:   tr: 11.210, val: 10.813
       MAE:   tr: 2.186, val: 2.237
       MAPE:  tr: 111875033248301.125, val: 111875033248301.125
  [860] MSE:   tr: 11.861, val: 11.242
       MAE:   tr: 2.302, val: 2.294
       MAPE:  tr: 121121876645773.375, val: 121121876645773.375
  [870] MSE:   tr: 11.453, val: 10.827
       MAE:   tr: 2.212, val: 2.209
       MAPE:  tr: 114510352166682.688, val: 114510352166682.688
  [880] MSE:   tr: 11.404, val: 11.711
       MAE:   tr: 2.252, val: 2.310
       MAPE:  tr: 113143672098259.016, val: 113143672098259.016
  [890] MSE:   tr: 11.146, val: 11.074
       MAE:   tr: 2.184, val: 2.227
       MAPE:  tr: 111806053926043.719, val: 111806053926043.719
  [900] MSE:   tr: 11.217, val: 10.756
       MAE:   tr: 2.194, val: 2.219
       MAPE:  tr: 119376550113050.688, val: 119376550113050.688
  [910] MSE:   tr: 11.180, val: 10.824
       MAE:   tr: 2.185, val: 2.235
       MAPE:  tr: 120489507135946.812, val: 120489507135946.812
  [920] MSE:   tr: 11.834, val: 11.904
       MAE:   tr: 2.295, val: 2.341
       MAPE:  tr: 108964205062783.047, val: 108964205062783.047
  [930] MSE:   tr: 11.741, val: 10.654
       MAE:   tr: 2.238, val: 2.207
       MAPE:  tr: 121063067806072.891, val: 121063067806072.891
  [940] MSE:   tr: 12.087, val: 11.504
       MAE:   tr: 2.335, val: 2.363
       MAPE:  tr: 123648307405783.109, val: 123648307405783.109
  [950] MSE:   tr: 11.775, val: 11.385
       MAE:   tr: 2.273, val: 2.338
       MAPE:  tr: 123707341731266.625, val: 123707341731266.625
  [960] MSE:   tr: 11.354, val: 10.579
       MAE:   tr: 2.218, val: 2.199
       MAPE:  tr: 120150788835115.078, val: 120150788835115.078
  [970] MSE:   tr: 11.259, val: 10.722
       MAE:   tr: 2.169, val: 2.188
       MAPE:  tr: 113736437714649.156, val: 113736437714649.156
  [980] MSE:   tr: 11.880, val: 10.730
       MAE:   tr: 2.278, val: 2.248
       MAPE:  tr: 121293827808952.391, val: 121293827808952.391
  [990] MSE:   tr: 11.815, val: 11.823
       MAE:   tr: 2.317, val: 2.391
       MAPE:  tr: 120898688670236.734, val: 120898688670236.734
  [1000] MSE:   tr: 11.270, val: 10.676
       MAE:   tr: 2.181, val: 2.214
       MAPE:  tr: 114698587698364.484, val: 114698587698364.484
  [1010] MSE:   tr: 11.203, val: 10.879
       MAE:   tr: 2.185, val: 2.216
       MAPE:  tr: 114320430860337.219, val: 114320430860337.219
  [1020] MSE:   tr: 12.179, val: 11.632
       MAE:   tr: 2.343, val: 2.374
       MAPE:  tr: 111463367075430.469, val: 111463367075430.469
  [1030] MSE:   tr: 11.158, val: 11.192
       MAE:   tr: 2.165, val: 2.238
       MAPE:  tr: 118929104715120.703, val: 118929104715120.703
  [1040] MSE:   tr: 11.377, val: 11.679
       MAE:   tr: 2.253, val: 2.307
       MAPE:  tr: 113990755613147.203, val: 113990755613147.203
  [1050] MSE:   tr: 11.504, val: 10.784
       MAE:   tr: 2.205, val: 2.192
       MAPE:  tr: 114437732859641.922, val: 114437732859641.922
  [1060] MSE:   tr: 11.418, val: 10.645
       MAE:   tr: 2.185, val: 2.200
       MAPE:  tr: 118201971046875.203, val: 118201971046875.203
  [1070] MSE:   tr: 11.052, val: 10.424
       MAE:   tr: 2.147, val: 2.188
       MAPE:  tr: 114802702000586.812, val: 114802702000586.812
  [1080] MSE:   tr: 10.956, val: 10.887
       MAE:   tr: 2.134, val: 2.207
       MAPE:  tr: 114638370109390.906, val: 114638370109390.906
  [1090] MSE:   tr: 12.625, val: 12.249
       MAE:   tr: 2.445, val: 2.442
       MAPE:  tr: 111671511928012.859, val: 111671511928012.859
  [1100] MSE:   tr: 12.366, val: 11.647
       MAE:   tr: 2.347, val: 2.338
       MAPE:  tr: 114448919101964.359, val: 114448919101964.359
  [1110] MSE:   tr: 10.964, val: 10.751
       MAE:   tr: 2.152, val: 2.183
       MAPE:  tr: 112879806487461.953, val: 112879806487461.953
  [1120] MSE:   tr: 11.288, val: 11.266
       MAE:   tr: 2.190, val: 2.229
       MAPE:  tr: 119669037385908.266, val: 119669037385908.266
  [1130] MSE:   tr: 11.039, val: 10.499
       MAE:   tr: 2.148, val: 2.168
       MAPE:  tr: 111408634159693.891, val: 111408634159693.891
  [1140] MSE:   tr: 11.041, val: 10.894
       MAE:   tr: 2.150, val: 2.192
       MAPE:  tr: 118726412323520.578, val: 118726412323520.578
  [1150] MSE:   tr: 10.953, val: 10.332
       MAE:   tr: 2.134, val: 2.173
       MAE:   tr: 2.416, val: 2.448
       MAPE:  tr: 116812016550674.500, val: 116812016550674.500
  [580] MSE:   tr: 11.425, val: 11.277
       MAE:   tr: 2.239, val: 2.286
       MAPE:  tr: 113624824399528.000, val: 113624824399528.000
  [590] MSE:   tr: 11.070, val: 10.669
       MAE:   tr: 2.170, val: 2.232
       MAPE:  tr: 112691798589046.844, val: 112691798589046.844
  [600] MSE:   tr: 11.319, val: 11.062
       MAE:   tr: 2.216, val: 2.270
       MAPE:  tr: 123460563647856.703, val: 123460563647856.703
  [610] MSE:   tr: 11.508, val: 10.540
       MAE:   tr: 2.244, val: 2.252
       MAPE:  tr: 117751620103569.469, val: 117751620103569.469
  [620] MSE:   tr: 11.059, val: 10.508
       MAE:   tr: 2.173, val: 2.186
       MAPE:  tr: 115414483584680.000, val: 115414483584680.000
    New Best Model
  [630] MSE:   tr: 11.497, val: 11.150
       MAE:   tr: 2.198, val: 2.235
       MAPE:  tr: 108441597737173.062, val: 108441597737173.062
  [640] MSE:   tr: 11.903, val: 10.869
       MAE:   tr: 2.286, val: 2.281
       MAPE:  tr: 114452438827663.422, val: 114452438827663.422
  [650] MSE:   tr: 11.405, val: 10.691
       MAE:   tr: 2.189, val: 2.236
       MAPE:  tr: 121319030677045.281, val: 121319030677045.281
  [660] MSE:   tr: 11.102, val: 11.012
       MAE:   tr: 2.172, val: 2.223
       MAPE:  tr: 111485992963145.797, val: 111485992963145.797
  [670] MSE:   tr: 11.765, val: 10.541
       MAE:   tr: 2.230, val: 2.185
       MAPE:  tr: 111805149835427.906, val: 111805149835427.906
    New Best Model
  [680] MSE:   tr: 11.164, val: 10.312
       MAE:   tr: 2.179, val: 2.176
       MAPE:  tr: 124384404670775.359, val: 124384404670775.359
    New Best Model
  [690] MSE:   tr: 11.741, val: 11.315
       MAE:   tr: 2.254, val: 2.260
       MAPE:  tr: 114672036210540.609, val: 114672036210540.609
  [700] MSE:   tr: 11.311, val: 11.114
       MAE:   tr: 2.189, val: 2.232
       MAPE:  tr: 114282779029536.828, val: 114282779029536.828
  [710] MSE:   tr: 11.078, val: 11.543
       MAE:   tr: 2.190, val: 2.266
       MAPE:  tr: 118543128889131.078, val: 118543128889131.078
  [720] MSE:   tr: 11.402, val: 11.461
       MAE:   tr: 2.234, val: 2.311
       MAPE:  tr: 118159708568682.562, val: 118159708568682.562
  [730] MSE:   tr: 11.674, val: 10.838
       MAE:   tr: 2.243, val: 2.237
       MAPE:  tr: 123359715668262.969, val: 123359715668262.969
  [740] MSE:   tr: 11.210, val: 12.204
       MAE:   tr: 2.211, val: 2.317
       MAPE:  tr: 117093113570263.109, val: 117093113570263.109
  [750] MSE:   tr: 11.296, val: 10.788
       MAE:   tr: 2.205, val: 2.205
       MAPE:  tr: 114690665631187.016, val: 114690665631187.016
  [760] MSE:   tr: 11.382, val: 10.941
       MAE:   tr: 2.190, val: 2.219
       MAPE:  tr: 120319699161448.516, val: 120319699161448.516
  [770] MSE:   tr: 11.572, val: 11.177
       MAE:   tr: 2.220, val: 2.256
       MAPE:  tr: 117346692734386.234, val: 117346692734386.234
  [780] MSE:   tr: 11.078, val: 11.331
       MAE:   tr: 2.166, val: 2.233
       MAPE:  tr: 112703399295713.344, val: 112703399295713.344
  [790] MSE:   tr: 11.083, val: 10.337
       MAE:   tr: 2.142, val: 2.162
       MAPE:  tr: 114101585096736.828, val: 114101585096736.828
    New Best Model
  [800] MSE:   tr: 11.402, val: 10.712
       MAE:   tr: 2.192, val: 2.212
       MAPE:  tr: 117127619337519.172, val: 117127619337519.172
  [810] MSE:   tr: 10.986, val: 11.525
       MAE:   tr: 2.159, val: 2.198
       MAPE:  tr: 115959102617681.984, val: 115959102617681.984
  [820] MSE:   tr: 11.524, val: 11.479
       MAE:   tr: 2.207, val: 2.242
       MAPE:  tr: 118437573625380.922, val: 118437573625380.922
  [830] MSE:   tr: 11.495, val: 10.773
       MAE:   tr: 2.211, val: 2.196
       MAPE:  tr: 113886916188831.812, val: 113886916188831.812
  [840] MSE:   tr: 11.916, val: 11.509
       MAE:   tr: 2.293, val: 2.347
       MAPE:  tr: 127344113879089.219, val: 127344113879089.219
  [850] MSE:   tr: 11.210, val: 10.813
       MAE:   tr: 2.186, val: 2.237
       MAPE:  tr: 111875033248301.125, val: 111875033248301.125
  [860] MSE:   tr: 11.861, val: 11.242
       MAE:   tr: 2.302, val: 2.294
       MAPE:  tr: 121121876645773.375, val: 121121876645773.375
  [870] MSE:   tr: 11.453, val: 10.827
       MAE:   tr: 2.212, val: 2.209
       MAPE:  tr: 114510352166682.688, val: 114510352166682.688
  [880] MSE:   tr: 11.404, val: 11.711
       MAE:   tr: 2.252, val: 2.310
       MAPE:  tr: 113143672098259.016, val: 113143672098259.016
  [890] MSE:   tr: 11.146, val: 11.074
       MAE:   tr: 2.184, val: 2.227
       MAPE:  tr: 111806053926043.719, val: 111806053926043.719
  [900] MSE:   tr: 11.217, val: 10.756
       MAE:   tr: 2.194, val: 2.219
       MAPE:  tr: 119376550113050.688, val: 119376550113050.688
  [910] MSE:   tr: 11.180, val: 10.824
       MAE:   tr: 2.185, val: 2.235
       MAPE:  tr: 120489507135946.812, val: 120489507135946.812
  [920] MSE:   tr: 11.834, val: 11.904
       MAE:   tr: 2.295, val: 2.341
       MAPE:  tr: 108964205062783.047, val: 108964205062783.047
  [930] MSE:   tr: 11.741, val: 10.654
       MAE:   tr: 2.238, val: 2.207
       MAPE:  tr: 121063067806072.891, val: 121063067806072.891
  [940] MSE:   tr: 12.087, val: 11.504
       MAE:   tr: 2.335, val: 2.363
       MAPE:  tr: 123648307405783.109, val: 123648307405783.109
  [950] MSE:   tr: 11.775, val: 11.385
       MAE:   tr: 2.273, val: 2.338
       MAPE:  tr: 123707341731266.625, val: 123707341731266.625
  [960] MSE:   tr: 11.354, val: 10.579
       MAE:   tr: 2.218, val: 2.199
       MAPE:  tr: 120150788835115.078, val: 120150788835115.078
  [970] MSE:   tr: 11.259, val: 10.722
       MAE:   tr: 2.169, val: 2.188
       MAPE:  tr: 113736437714649.156, val: 113736437714649.156
  [980] MSE:   tr: 11.880, val: 10.730
       MAE:   tr: 2.278, val: 2.248
       MAPE:  tr: 121293827808952.391, val: 121293827808952.391
  [990] MSE:   tr: 11.815, val: 11.823
       MAE:   tr: 2.317, val: 2.391
       MAPE:  tr: 120898688670236.734, val: 120898688670236.734
  [1000] MSE:   tr: 11.270, val: 10.676
       MAE:   tr: 2.181, val: 2.214
       MAPE:  tr: 114698587698364.484, val: 114698587698364.484
  [1010] MSE:   tr: 11.203, val: 10.879
       MAE:   tr: 2.185, val: 2.216
       MAPE:  tr: 114320430860337.219, val: 114320430860337.219
  [1020] MSE:   tr: 12.179, val: 11.632
       MAE:   tr: 2.343, val: 2.374
       MAPE:  tr: 111463367075430.469, val: 111463367075430.469
  [1030] MSE:   tr: 11.158, val: 11.192
       MAE:   tr: 2.165, val: 2.238
       MAPE:  tr: 118929104715120.703, val: 118929104715120.703
  [1040] MSE:   tr: 11.377, val: 11.679
       MAE:   tr: 2.253, val: 2.307
       MAPE:  tr: 113990755613147.203, val: 113990755613147.203
  [1050] MSE:   tr: 11.504, val: 10.784
       MAE:   tr: 2.205, val: 2.192
       MAPE:  tr: 114437732859641.922, val: 114437732859641.922
  [1060] MSE:   tr: 11.418, val: 10.645
       MAE:   tr: 2.185, val: 2.200
       MAPE:  tr: 118201971046875.203, val: 118201971046875.203
  [1070] MSE:   tr: 11.052, val: 10.424
       MAE:   tr: 2.147, val: 2.188
       MAPE:  tr: 114802702000586.812, val: 114802702000586.812
  [1080] MSE:   tr: 10.956, val: 10.887
       MAE:   tr: 2.134, val: 2.207
       MAPE:  tr: 114638370109390.906, val: 114638370109390.906
  [1090] MSE:   tr: 12.625, val: 12.249
       MAE:   tr: 2.445, val: 2.442
       MAPE:  tr: 111671511928012.859, val: 111671511928012.859
  [1100] MSE:   tr: 12.366, val: 11.647
       MAE:   tr: 2.347, val: 2.338
       MAPE:  tr: 114448919101964.359, val: 114448919101964.359
  [1110] MSE:   tr: 10.964, val: 10.751
       MAE:   tr: 2.152, val: 2.183
       MAPE:  tr: 112879806487461.953, val: 112879806487461.953
  [1120] MSE:   tr: 11.288, val: 11.266
       MAE:   tr: 2.190, val: 2.229
       MAPE:  tr: 119669037385908.266, val: 119669037385908.266
  [1130] MSE:   tr: 11.039, val: 10.499
       MAE:   tr: 2.148, val: 2.168
       MAPE:  tr: 111408634159693.891, val: 111408634159693.891
  [1140] MSE:   tr: 11.041, val: 10.894
       MAE:   tr: 2.150, val: 2.192
       MAPE:  tr: 118726412323520.578, val: 118726412323520.578
  [1150] MSE:   tr: 10.953, val: 10.332
       MAE:   tr: 2.134, val: 2.173
       MAPE:  tr: 121115973213225.031, val: 121115973213225.031
  [1160] MSE:   tr: 11.771, val: 11.071
       MAE:   tr: 2.250, val: 2.301
       MAPE:  tr: 125662097311793.219, val: 125662097311793.219
  [1170] MSE:   tr: 11.051, val: 10.555
       MAE:   tr: 2.171, val: 2.176
       MAPE:  tr: 113883145207545.922, val: 113883145207545.922
  [1180] MSE:   tr: 11.680, val: 11.146
       MAE:   tr: 2.274, val: 2.242
       MAPE:  tr: 119137805765967.938, val: 119137805765967.938
  [1190] MSE:   tr: 10.880, val: 10.538
       MAE:   tr: 2.131, val: 2.170
       MAPE:  tr: 117724684216172.609, val: 117724684216172.609
  [1200] MSE:   tr: 11.172, val: 11.534
       MAE:   tr: 2.190, val: 2.227
       MAPE:  tr: 119460898975776.828, val: 119460898975776.828
  [1210] MSE:   tr: 10.956, val: 10.343
       MAE:   tr: 2.140, val: 2.175
       MAPE:  tr: 121925851573911.609, val: 121925851573911.609
  [1220] MSE:   tr: 11.642, val: 11.567
       MAE:   tr: 2.272, val: 2.304
       MAPE:  tr: 112023746490925.125, val: 112023746490925.125
  [1230] MSE:   tr: 11.094, val: 10.615
       MAE:   tr: 2.177, val: 2.193
       MAPE:  tr: 119525800226586.688, val: 119525800226586.688
  [1240] MSE:   tr: 11.098, val: 10.519
       MAE:   tr: 2.184, val: 2.184
       MAPE:  tr: 113819792292446.266, val: 113819792292446.266
  [1250] MSE:   tr: 10.943, val: 10.858
       MAE:   tr: 2.151, val: 2.236
       MAPE:  tr: 114406218537107.516, val: 114406218537107.516
  [1260] MSE:   tr: 10.731, val: 11.077
       MAE:   tr: 2.112, val: 2.191
       MAPE:  tr: 119827251096191.047, val: 119827251096191.047
  [1270] MSE:   tr: 11.616, val: 11.365
       MAE:   tr: 2.251, val: 2.296
       MAPE:  tr: 108230873756729.406, val: 108230873756729.406
  [1280] MSE:   tr: 11.184, val: 10.733
       MAE:   tr: 2.164, val: 2.216
       MAPE:  tr: 115443476761411.641, val: 115443476761411.641
  [1290] MSE:   tr: 13.670, val: 13.846
       MAE:   tr: 2.658, val: 2.713
       MAPE:  tr: 122756801044152.391, val: 122756801044152.391
  [1300] MSE:   tr: 11.169, val: 11.207
       MAE:   tr: 2.213, val: 2.262
       MAPE:  tr: 117106367839338.562, val: 117106367839338.562
  [1310] MSE:   tr: 10.870, val: 11.436
       MAE:   tr: 2.124, val: 2.245
       MAPE:  tr: 120731088308928.547, val: 120731088308928.547
  [1320] MSE:   tr: 11.074, val: 10.306
       MAE:   tr: 2.156, val: 2.155
       MAPE:  tr: 112710722214953.031, val: 112710722214953.031
    New Best Model
  [1330] MSE:   tr: 11.223, val: 11.193
       MAE:   tr: 2.205, val: 2.239
       MAPE:  tr: 111325286024347.719, val: 111325286024347.719
  [1340] MSE:   tr: 11.021, val: 11.180
       MAE:   tr: 2.173, val: 2.267
       MAPE:  tr: 115904146363646.016, val: 115904146363646.016
  [1350] MSE:   tr: 11.357, val: 11.291
       MAE:   tr: 2.186, val: 2.244
       MAPE:  tr: 111339115819040.828, val: 111339115819040.828
  [1360] MSE:   tr: 11.031, val: 10.517
       MAE:   tr: 2.158, val: 2.179
       MAPE:  tr: 115847835047428.156, val: 115847835047428.156
  [1370] MSE:   tr: 11.080, val: 10.946
       MAE:   tr: 2.146, val: 2.203
       MAPE:  tr: 117819592255995.969, val: 117819592255995.969
  [1380] MSE:   tr: 10.955, val: 10.498
       MAE:   tr: 2.138, val: 2.158
       MAPE:  tr: 114442098693898.297, val: 114442098693898.297
  [1390] MSE:   tr: 11.252, val: 10.538
       MAE:   tr: 2.193, val: 2.232
       MAPE:  tr: 113682402731098.172, val: 113682402731098.172
  [1400] MSE:   tr: 11.100, val: 10.812
       MAE:   tr: 2.155, val: 2.169
       MAPE:  tr: 113415169865941.062, val: 113415169865941.062
  [1410] MSE:   tr: 10.842, val: 11.002
       MAE:   tr: 2.132, val: 2.237
       MAPE:  tr: 115046613193326.656, val: 115046613193326.656
  [1420] MSE:   tr: 11.411, val: 11.263
       MAE:   tr: 2.240, val: 2.266
       MAPE:  tr: 111949366247292.984, val: 111949366247292.984
  [1430] MSE:   tr: 11.355, val: 10.601
       MAE:   tr: 2.219, val: 2.238
       MAPE:  tr: 119470459572977.734, val: 119470459572977.734
  [1440] MSE:   tr: 11.635, val: 11.080
       MAE:   tr: 2.218, val: 2.253
       MAPE:  tr: 122137204767064.125, val: 122137204767064.125
  [1450] MSE:   tr: 12.775, val: 12.242
       MAE:   tr: 2.472, val: 2.473
       MAPE:  tr: 126513941797929.031, val: 126513941797929.031
  [1460] MSE:   tr: 10.924, val: 10.667
       MAE:   tr: 2.151, val: 2.176
       MAPE:  tr: 116766968786190.406, val: 116766968786190.406
  [1470] MSE:   tr: 10.864, val: 10.680
       MAE:   tr: 2.124, val: 2.207
       MAPE:  tr: 115813041517363.266, val: 115813041517363.266
  [1480] MSE:   tr: 11.118, val: 10.544
       MAE:   tr: 2.180, val: 2.163
       MAPE:  tr: 117756844931285.062, val: 117756844931285.062
  [1490] MSE:   tr: 11.001, val: 10.836
       MAE:   tr: 2.138, val: 2.192
       MAPE:  tr: 114999364258103.359, val: 114999364258103.359
  [1500] MSE:   tr: 11.041, val: 11.025
       MAE:   tr: 2.167, val: 2.253
       MAPE:  tr: 122367200265764.922, val: 122367200265764.922
  [1510] MSE:   tr: 11.291, val: 11.039
       MAE:   tr: 2.226, val: 2.271
       MAPE:  tr: 119961022147592.250, val: 119961022147592.250
  [1520] MSE:   tr: 11.083, val: 11.397
       MAE:   tr: 2.182, val: 2.227
       MAPE:  tr: 109546325602730.047, val: 109546325602730.047
  [1530] MSE:   tr: 10.910, val: 10.746
       MAE:   tr: 2.163, val: 2.246
       MAPE:  tr: 118630351084978.234, val: 118630351084978.234
  [1540] MSE:   tr: 10.912, val: 11.334
       MAE:   tr: 2.170, val: 2.248
       MAPE:  tr: 113003720588918.844, val: 113003720588918.844
  [1550] MSE:   tr: 10.852, val: 11.093
       MAE:   tr: 2.144, val: 2.205
       MAPE:  tr: 120528705154973.766, val: 120528705154973.766
  [1560] MSE:   tr: 11.119, val: 11.026
       MAE:   tr: 2.151, val: 2.219
       MAPE:  tr: 121137886136369.219, val: 121137886136369.219
  [1570] MSE:   tr: 11.212, val: 10.717
       MAE:   tr: 2.158, val: 2.166
       MAPE:  tr: 117229560386289.734, val: 117229560386289.734
  [1580] MSE:   tr: 11.674, val: 11.102
       MAE:   tr: 2.235, val: 2.251
       MAPE:  tr: 117148963177496.641, val: 117148963177496.641
  [1590] MSE:   tr: 11.308, val: 10.631
       MAE:   tr: 2.199, val: 2.194
       MAPE:  tr: 114320669231022.141, val: 114320669231022.141
  [1600] MSE:   tr: 11.099, val: 10.451
       MAE:   tr: 2.141, val: 2.167
       MAPE:  tr: 111926798341636.156, val: 111926798341636.156
  [1610] MSE:   tr: 11.922, val: 11.984
       MAE:   tr: 2.330, val: 2.384
       MAPE:  tr: 112016535240835.141, val: 112016535240835.141
  [1620] MSE:   tr: 11.158, val: 10.179
       MAE:   tr: 2.180, val: 2.144
       MAPE:  tr: 118324261650694.203, val: 118324261650694.203
    New Best Model
  [1630] MSE:   tr: 11.158, val: 10.379
       MAE:   tr: 2.155, val: 2.165
       MAPE:  tr: 116411150073069.625, val: 116411150073069.625
  [1640] MSE:   tr: 11.673, val: 11.212
       MAE:   tr: 2.292, val: 2.261
       MAPE:  tr: 111740469775433.797, val: 111740469775433.797
  [1650] MSE:   tr: 10.850, val: 10.526
       MAE:   tr: 2.132, val: 2.165
       MAPE:  tr: 114034787617865.797, val: 114034787617865.797
  [1660] MSE:   tr: 11.840, val: 11.492
       MAE:   tr: 2.312, val: 2.367
       MAPE:  tr: 127116560069296.188, val: 127116560069296.188
  [1670] MSE:   tr: 10.923, val: 10.552
       MAE:   tr: 2.156, val: 2.184
       MAPE:  tr: 119968821808201.797, val: 119968821808201.797
  [1680] MSE:   tr: 12.366, val: 11.709
       MAE:   tr: 2.385, val: 2.411
       MAPE:  tr: 123339190019555.391, val: 123339190019555.391
  [1690] MSE:   tr: 12.465, val: 12.024
       MAE:   tr: 2.403, val: 2.407
       MAPE:  tr: 107181735652884.547, val: 107181735652884.547
  [1700] MSE:   tr: 10.911, val: 10.730
       MAE:   tr: 2.128, val: 2.171
       MAPE:  tr: 115639475446480.953, val: 115639475446480.953
  [1710] MSE:   tr: 11.208, val: 10.496
       MAE:   tr: 2.154, val: 2.160
       MAPE:  tr: 113763392929398.844, val: 113763392929398.844
  [1720] MSE:   tr: 11.141, val: 10.689
       MAE:   tr: 2.189, val: 2.219
       MAPE:  tr: 118046854008012.859, val: 118046854008012.859
  [1730] MSE:   tr: 10.961, val: 10.737
       MAE:   tr: 2.154, val: 2.193
       MAPE:  tr: 121115973213225.031, val: 121115973213225.031
  [1160] MSE:   tr: 11.771, val: 11.071
       MAE:   tr: 2.250, val: 2.301
       MAPE:  tr: 125662097311793.219, val: 125662097311793.219
  [1170] MSE:   tr: 11.051, val: 10.555
       MAE:   tr: 2.171, val: 2.176
       MAPE:  tr: 113883145207545.922, val: 113883145207545.922
  [1180] MSE:   tr: 11.680, val: 11.146
       MAE:   tr: 2.274, val: 2.242
       MAPE:  tr: 119137805765967.938, val: 119137805765967.938
  [1190] MSE:   tr: 10.880, val: 10.538
       MAE:   tr: 2.131, val: 2.170
       MAPE:  tr: 117724684216172.609, val: 117724684216172.609
  [1200] MSE:   tr: 11.172, val: 11.534
       MAE:   tr: 2.190, val: 2.227
       MAPE:  tr: 119460898975776.828, val: 119460898975776.828
  [1210] MSE:   tr: 10.956, val: 10.343
       MAE:   tr: 2.140, val: 2.175
       MAPE:  tr: 121925851573911.609, val: 121925851573911.609
  [1220] MSE:   tr: 11.642, val: 11.567
       MAE:   tr: 2.272, val: 2.304
       MAPE:  tr: 112023746490925.125, val: 112023746490925.125
  [1230] MSE:   tr: 11.094, val: 10.615
       MAE:   tr: 2.177, val: 2.193
       MAPE:  tr: 119525800226586.688, val: 119525800226586.688
  [1240] MSE:   tr: 11.098, val: 10.519
       MAE:   tr: 2.184, val: 2.184
       MAPE:  tr: 113819792292446.266, val: 113819792292446.266
  [1250] MSE:   tr: 10.943, val: 10.858
       MAE:   tr: 2.151, val: 2.236
       MAPE:  tr: 114406218537107.516, val: 114406218537107.516
  [1260] MSE:   tr: 10.731, val: 11.077
       MAE:   tr: 2.112, val: 2.191
       MAPE:  tr: 119827251096191.047, val: 119827251096191.047
  [1270] MSE:   tr: 11.616, val: 11.365
       MAE:   tr: 2.251, val: 2.296
       MAPE:  tr: 108230873756729.406, val: 108230873756729.406
  [1280] MSE:   tr: 11.184, val: 10.733
       MAE:   tr: 2.164, val: 2.216
       MAPE:  tr: 115443476761411.641, val: 115443476761411.641
  [1290] MSE:   tr: 13.670, val: 13.846
       MAE:   tr: 2.658, val: 2.713
       MAPE:  tr: 122756801044152.391, val: 122756801044152.391
  [1300] MSE:   tr: 11.169, val: 11.207
       MAE:   tr: 2.213, val: 2.262
       MAPE:  tr: 117106367839338.562, val: 117106367839338.562
  [1310] MSE:   tr: 10.870, val: 11.436
       MAE:   tr: 2.124, val: 2.245
       MAPE:  tr: 120731088308928.547, val: 120731088308928.547
  [1320] MSE:   tr: 11.074, val: 10.306
       MAE:   tr: 2.156, val: 2.155
       MAPE:  tr: 112710722214953.031, val: 112710722214953.031
    New Best Model
  [1330] MSE:   tr: 11.223, val: 11.193
       MAE:   tr: 2.205, val: 2.239
       MAPE:  tr: 111325286024347.719, val: 111325286024347.719
  [1340] MSE:   tr: 11.021, val: 11.180
       MAE:   tr: 2.173, val: 2.267
       MAPE:  tr: 115904146363646.016, val: 115904146363646.016
  [1350] MSE:   tr: 11.357, val: 11.291
       MAE:   tr: 2.186, val: 2.244
       MAPE:  tr: 111339115819040.828, val: 111339115819040.828
  [1360] MSE:   tr: 11.031, val: 10.517
       MAE:   tr: 2.158, val: 2.179
       MAPE:  tr: 115847835047428.156, val: 115847835047428.156
  [1370] MSE:   tr: 11.080, val: 10.946
       MAE:   tr: 2.146, val: 2.203
       MAPE:  tr: 117819592255995.969, val: 117819592255995.969
  [1380] MSE:   tr: 10.955, val: 10.498
       MAE:   tr: 2.138, val: 2.158
       MAPE:  tr: 114442098693898.297, val: 114442098693898.297
  [1390] MSE:   tr: 11.252, val: 10.538
       MAE:   tr: 2.193, val: 2.232
       MAPE:  tr: 113682402731098.172, val: 113682402731098.172
  [1400] MSE:   tr: 11.100, val: 10.812
       MAE:   tr: 2.155, val: 2.169
       MAPE:  tr: 113415169865941.062, val: 113415169865941.062
  [1410] MSE:   tr: 10.842, val: 11.002
       MAE:   tr: 2.132, val: 2.237
       MAPE:  tr: 115046613193326.656, val: 115046613193326.656
  [1420] MSE:   tr: 11.411, val: 11.263
       MAE:   tr: 2.240, val: 2.266
       MAPE:  tr: 111949366247292.984, val: 111949366247292.984
  [1430] MSE:   tr: 11.355, val: 10.601
       MAE:   tr: 2.219, val: 2.238
       MAPE:  tr: 119470459572977.734, val: 119470459572977.734
  [1440] MSE:   tr: 11.635, val: 11.080
       MAE:   tr: 2.218, val: 2.253
       MAPE:  tr: 122137204767064.125, val: 122137204767064.125
  [1450] MSE:   tr: 12.775, val: 12.242
       MAE:   tr: 2.472, val: 2.473
       MAPE:  tr: 126513941797929.031, val: 126513941797929.031
  [1460] MSE:   tr: 10.924, val: 10.667
       MAE:   tr: 2.151, val: 2.176
       MAPE:  tr: 116766968786190.406, val: 116766968786190.406
  [1470] MSE:   tr: 10.864, val: 10.680
       MAE:   tr: 2.124, val: 2.207
       MAPE:  tr: 115813041517363.266, val: 115813041517363.266
  [1480] MSE:   tr: 11.118, val: 10.544
       MAE:   tr: 2.180, val: 2.163
       MAPE:  tr: 117756844931285.062, val: 117756844931285.062
  [1490] MSE:   tr: 11.001, val: 10.836
       MAE:   tr: 2.138, val: 2.192
       MAPE:  tr: 114999364258103.359, val: 114999364258103.359
  [1500] MSE:   tr: 11.041, val: 11.025
       MAE:   tr: 2.167, val: 2.253
       MAPE:  tr: 122367200265764.922, val: 122367200265764.922
  [1510] MSE:   tr: 11.291, val: 11.039
       MAE:   tr: 2.226, val: 2.271
       MAPE:  tr: 119961022147592.250, val: 119961022147592.250
  [1520] MSE:   tr: 11.083, val: 11.397
       MAE:   tr: 2.182, val: 2.227
       MAPE:  tr: 109546325602730.047, val: 109546325602730.047
  [1530] MSE:   tr: 10.910, val: 10.746
       MAE:   tr: 2.163, val: 2.246
       MAPE:  tr: 118630351084978.234, val: 118630351084978.234
  [1540] MSE:   tr: 10.912, val: 11.334
       MAE:   tr: 2.170, val: 2.248
       MAPE:  tr: 113003720588918.844, val: 113003720588918.844
  [1550] MSE:   tr: 10.852, val: 11.093
       MAE:   tr: 2.144, val: 2.205
       MAPE:  tr: 120528705154973.766, val: 120528705154973.766
  [1560] MSE:   tr: 11.119, val: 11.026
       MAE:   tr: 2.151, val: 2.219
       MAPE:  tr: 121137886136369.219, val: 121137886136369.219
  [1570] MSE:   tr: 11.212, val: 10.717
       MAE:   tr: 2.158, val: 2.166
       MAPE:  tr: 117229560386289.734, val: 117229560386289.734
  [1580] MSE:   tr: 11.674, val: 11.102
       MAE:   tr: 2.235, val: 2.251
       MAPE:  tr: 117148963177496.641, val: 117148963177496.641
  [1590] MSE:   tr: 11.308, val: 10.631
       MAE:   tr: 2.199, val: 2.194
       MAPE:  tr: 114320669231022.141, val: 114320669231022.141
  [1600] MSE:   tr: 11.099, val: 10.451
       MAE:   tr: 2.141, val: 2.167
       MAPE:  tr: 111926798341636.156, val: 111926798341636.156
  [1610] MSE:   tr: 11.922, val: 11.984
       MAE:   tr: 2.330, val: 2.384
       MAPE:  tr: 112016535240835.141, val: 112016535240835.141
  [1620] MSE:   tr: 11.158, val: 10.179
       MAE:   tr: 2.180, val: 2.144
       MAPE:  tr: 118324261650694.203, val: 118324261650694.203
    New Best Model
  [1630] MSE:   tr: 11.158, val: 10.379
       MAE:   tr: 2.155, val: 2.165
       MAPE:  tr: 116411150073069.625, val: 116411150073069.625
  [1640] MSE:   tr: 11.673, val: 11.212
       MAE:   tr: 2.292, val: 2.261
       MAPE:  tr: 111740469775433.797, val: 111740469775433.797
  [1650] MSE:   tr: 10.850, val: 10.526
       MAE:   tr: 2.132, val: 2.165
       MAPE:  tr: 114034787617865.797, val: 114034787617865.797
  [1660] MSE:   tr: 11.840, val: 11.492
       MAE:   tr: 2.312, val: 2.367
       MAPE:  tr: 127116560069296.188, val: 127116560069296.188
  [1670] MSE:   tr: 10.923, val: 10.552
       MAE:   tr: 2.156, val: 2.184
       MAPE:  tr: 119968821808201.797, val: 119968821808201.797
  [1680] MSE:   tr: 12.366, val: 11.709
       MAE:   tr: 2.385, val: 2.411
       MAPE:  tr: 123339190019555.391, val: 123339190019555.391
  [1690] MSE:   tr: 12.465, val: 12.024
       MAE:   tr: 2.403, val: 2.407
       MAPE:  tr: 107181735652884.547, val: 107181735652884.547
  [1700] MSE:   tr: 10.911, val: 10.730
       MAE:   tr: 2.128, val: 2.171
       MAPE:  tr: 115639475446480.953, val: 115639475446480.953
  [1710] MSE:   tr: 11.208, val: 10.496
       MAE:   tr: 2.154, val: 2.160
       MAPE:  tr: 113763392929398.844, val: 113763392929398.844
  [1720] MSE:   tr: 11.141, val: 10.689
       MAE:   tr: 2.189, val: 2.219
       MAPE:  tr: 118046854008012.859, val: 118046854008012.859
  [1730] MSE:   tr: 10.961, val: 10.737
       MAE:   tr: 2.154, val: 2.193
       MAPE:  tr: 121652328729149.484, val: 121652328729149.484
  [1740] MSE:   tr: 11.276, val: 11.515
       MAE:   tr: 2.228, val: 2.309
       MAPE:  tr: 118755648165904.453, val: 118755648165904.453
  [1750] MSE:   tr: 10.801, val: 10.750
       MAE:   tr: 2.139, val: 2.205
       MAPE:  tr: 114999789459865.656, val: 114999789459865.656
  [1760] MSE:   tr: 10.787, val: 10.613
       MAE:   tr: 2.124, val: 2.175
       MAPE:  tr: 115998515385073.734, val: 115998515385073.734
  [1770] MSE:   tr: 10.969, val: 10.464
       MAE:   tr: 2.129, val: 2.157
       MAPE:  tr: 118114965746876.484, val: 118114965746876.484
  [1780] MSE:   tr: 11.669, val: 11.575
       MAE:   tr: 2.261, val: 2.337
       MAPE:  tr: 109018828456853.562, val: 109018828456853.562
  [1790] MSE:   tr: 11.025, val: 10.687
       MAE:   tr: 2.131, val: 2.159
       MAPE:  tr: 119441107766476.859, val: 119441107766476.859
  [1800] MSE:   tr: 10.955, val: 10.344
       MAE:   tr: 2.142, val: 2.158
       MAPE:  tr: 120276156783001.656, val: 120276156783001.656
  [1810] MSE:   tr: 11.386, val: 10.715
       MAE:   tr: 2.226, val: 2.233
       MAPE:  tr: 120015937599438.906, val: 120015937599438.906
  [1820] MSE:   tr: 10.931, val: 10.666
       MAE:   tr: 2.139, val: 2.160
       MAPE:  tr: 112974605005619.266, val: 112974605005619.266
  [1830] MSE:   tr: 11.012, val: 10.478
       MAE:   tr: 2.142, val: 2.145
       MAPE:  tr: 119269779373555.781, val: 119269779373555.781
  [1840] MSE:   tr: 10.752, val: 10.400
       MAE:   tr: 2.130, val: 2.134
       MAPE:  tr: 118085869490929.734, val: 118085869490929.734
    New Best Model
  [1850] MSE:   tr: 10.939, val: 10.633
       MAE:   tr: 2.166, val: 2.204
       MAPE:  tr: 116982728615788.609, val: 116982728615788.609
  [1860] MSE:   tr: 10.890, val: 10.446
       MAE:   tr: 2.150, val: 2.195
       MAPE:  tr: 116895993898729.531, val: 116895993898729.531
  [1870] MSE:   tr: 11.317, val: 10.948
       MAE:   tr: 2.232, val: 2.250
       MAPE:  tr: 112060498526076.984, val: 112060498526076.984
  [1880] MSE:   tr: 11.552, val: 11.213
       MAE:   tr: 2.248, val: 2.265
       MAPE:  tr: 116279938822176.828, val: 116279938822176.828
  [1890] MSE:   tr: 10.851, val: 10.894
       MAE:   tr: 2.130, val: 2.192
       MAPE:  tr: 118833760736116.797, val: 118833760736116.797
  [1900] MSE:   tr: 10.825, val: 10.599
       MAE:   tr: 2.133, val: 2.172
       MAPE:  tr: 116077164826198.078, val: 116077164826198.078
  [1910] MSE:   tr: 10.799, val: 9.962
       MAE:   tr: 2.118, val: 2.127
       MAPE:  tr: 118461180913123.391, val: 118461180913123.391
    New Best Model
  [1920] MSE:   tr: 11.116, val: 10.834
       MAE:   tr: 2.175, val: 2.208
       MAPE:  tr: 113136321261731.906, val: 113136321261731.906
  [1930] MSE:   tr: 10.922, val: 10.593
       MAE:   tr: 2.150, val: 2.195
       MAPE:  tr: 115577784683724.859, val: 115577784683724.859
  [1940] MSE:   tr: 10.887, val: 10.349
       MAE:   tr: 2.126, val: 2.152
       MAPE:  tr: 118769619694518.344, val: 118769619694518.344
  [1950] MSE:   tr: 11.457, val: 11.279
       MAE:   tr: 2.231, val: 2.260
       MAPE:  tr: 116570325856026.688, val: 116570325856026.688
  [1960] MSE:   tr: 11.449, val: 11.092
       MAE:   tr: 2.211, val: 2.232
       MAPE:  tr: 117756449794293.828, val: 117756449794293.828
  [1970] MSE:   tr: 11.313, val: 10.841
       MAE:   tr: 2.230, val: 2.253
       MAPE:  tr: 114828050897567.812, val: 114828050897567.812
  [1980] MSE:   tr: 10.900, val: 10.532
       MAE:   tr: 2.149, val: 2.188
       MAPE:  tr: 117496522668507.203, val: 117496522668507.203
  [1990] MSE:   tr: 10.828, val: 10.307
       MAE:   tr: 2.127, val: 2.163
       MAPE:  tr: 114562911828967.484, val: 114562911828967.484
  [2000] MSE:   tr: 10.961, val: 10.501
       MAE:   tr: 2.169, val: 2.219
       MAPE:  tr: 119595797456093.250, val: 119595797456093.250
  Finished Training
  Neural Network train time: 311.9182982444763
       MAPE:  tr: 121652328729149.484, val: 121652328729149.484
  [1740] MSE:   tr: 11.276, val: 11.515
       MAE:   tr: 2.228, val: 2.309
       MAPE:  tr: 118755648165904.453, val: 118755648165904.453
  [1750] MSE:   tr: 10.801, val: 10.750
       MAE:   tr: 2.139, val: 2.205
       MAPE:  tr: 114999789459865.656, val: 114999789459865.656
  [1760] MSE:   tr: 10.787, val: 10.613
       MAE:   tr: 2.124, val: 2.175
       MAPE:  tr: 115998515385073.734, val: 115998515385073.734
  [1770] MSE:   tr: 10.969, val: 10.464
       MAE:   tr: 2.129, val: 2.157
       MAPE:  tr: 118114965746876.484, val: 118114965746876.484
  [1780] MSE:   tr: 11.669, val: 11.575
       MAE:   tr: 2.261, val: 2.337
       MAPE:  tr: 109018828456853.562, val: 109018828456853.562
  [1790] MSE:   tr: 11.025, val: 10.687
       MAE:   tr: 2.131, val: 2.159
       MAPE:  tr: 119441107766476.859, val: 119441107766476.859
  [1800] MSE:   tr: 10.955, val: 10.344
       MAE:   tr: 2.142, val: 2.158
       MAPE:  tr: 120276156783001.656, val: 120276156783001.656
  [1810] MSE:   tr: 11.386, val: 10.715
       MAE:   tr: 2.226, val: 2.233
       MAPE:  tr: 120015937599438.906, val: 120015937599438.906
  [1820] MSE:   tr: 10.931, val: 10.666
       MAE:   tr: 2.139, val: 2.160
       MAPE:  tr: 112974605005619.266, val: 112974605005619.266
  [1830] MSE:   tr: 11.012, val: 10.478
       MAE:   tr: 2.142, val: 2.145
       MAPE:  tr: 119269779373555.781, val: 119269779373555.781
  [1840] MSE:   tr: 10.752, val: 10.400
       MAE:   tr: 2.130, val: 2.134
       MAPE:  tr: 118085869490929.734, val: 118085869490929.734
    New Best Model
  [1850] MSE:   tr: 10.939, val: 10.633
       MAE:   tr: 2.166, val: 2.204
       MAPE:  tr: 116982728615788.609, val: 116982728615788.609
  [1860] MSE:   tr: 10.890, val: 10.446
       MAE:   tr: 2.150, val: 2.195
       MAPE:  tr: 116895993898729.531, val: 116895993898729.531
  [1870] MSE:   tr: 11.317, val: 10.948
       MAE:   tr: 2.232, val: 2.250
       MAPE:  tr: 112060498526076.984, val: 112060498526076.984
  [1880] MSE:   tr: 11.552, val: 11.213
       MAE:   tr: 2.248, val: 2.265
       MAPE:  tr: 116279938822176.828, val: 116279938822176.828
  [1890] MSE:   tr: 10.851, val: 10.894
       MAE:   tr: 2.130, val: 2.192
       MAPE:  tr: 118833760736116.797, val: 118833760736116.797
  [1900] MSE:   tr: 10.825, val: 10.599
       MAE:   tr: 2.133, val: 2.172
       MAPE:  tr: 116077164826198.078, val: 116077164826198.078
  [1910] MSE:   tr: 10.799, val: 9.962
       MAE:   tr: 2.118, val: 2.127
       MAPE:  tr: 118461180913123.391, val: 118461180913123.391
    New Best Model
  [1920] MSE:   tr: 11.116, val: 10.834
       MAE:   tr: 2.175, val: 2.208
       MAPE:  tr: 113136321261731.906, val: 113136321261731.906
  [1930] MSE:   tr: 10.922, val: 10.593
       MAE:   tr: 2.150, val: 2.195
       MAPE:  tr: 115577784683724.859, val: 115577784683724.859
  [1940] MSE:   tr: 10.887, val: 10.349
       MAE:   tr: 2.126, val: 2.152
       MAPE:  tr: 118769619694518.344, val: 118769619694518.344
  [1950] MSE:   tr: 11.457, val: 11.279
       MAE:   tr: 2.231, val: 2.260
       MAPE:  tr: 116570325856026.688, val: 116570325856026.688
  [1960] MSE:   tr: 11.449, val: 11.092
       MAE:   tr: 2.211, val: 2.232
       MAPE:  tr: 117756449794293.828, val: 117756449794293.828
  [1970] MSE:   tr: 11.313, val: 10.841
       MAE:   tr: 2.230, val: 2.253
       MAPE:  tr: 114828050897567.812, val: 114828050897567.812
  [1980] MSE:   tr: 10.900, val: 10.532
       MAE:   tr: 2.149, val: 2.188
       MAPE:  tr: 117496522668507.203, val: 117496522668507.203
  [1990] MSE:   tr: 10.828, val: 10.307
       MAE:   tr: 2.127, val: 2.163
       MAPE:  tr: 114562911828967.484, val: 114562911828967.484
  [2000] MSE:   tr: 10.961, val: 10.501
       MAE:   tr: 2.169, val: 2.219
       MAPE:  tr: 119595797456093.250, val: 119595797456093.250
  Finished Training
  Neural Network train time: 312.04065227508545
python -m nsp.scripts.train_model --problem ip_b_H --model_type nn_e --embed_hidden_dim 512 --embed_dim1 128 --embed_dim2 8 --relu_hidden_dim 128 --agg_type mean --lr 0.00433 --dropout 0.04056 --optimizer Adam --batch_size 128 --loss_fn MSELoss --wt_lasso 0.005 --wt_ridge 0.00841 --log_freq 10 --n_epochs 2000 --use_wandb 0 
python -m nsp.scripts.train_model --problem ip_b_H --model_type nn_e --embed_hidden_dim 512 --embed_dim1 128 --embed_dim2 8 --relu_hidden_dim 128 --agg_type mean --lr 0.00433 --dropout 0.04056 --optimizer Adam --batch_size 128 --loss_fn MSELoss --wt_lasso 0.005 --wt_ridge 0.00841 --log_freq 10 --n_epochs 2000 --use_wandb 0 
