TRAINING MODELS: problem = ip_b_E

  [10] MSE:   tr: 285.449, val: 270.382
       MAE:   tr: 13.664, val: 13.315
       MAPE:  tr: 9825094171885.939, val: 9825094171885.939
    New Best Model
  [20] MSE:   tr: 166.610, val: 152.866
       MAE:   tr: 10.067, val: 9.613
       MAPE:  tr: 15586603820908.807, val: 15586603820908.807
    New Best Model
  [30] MSE:   tr: 90.260, val: 74.575
       MAE:   tr: 6.671, val: 6.098
       MAPE:  tr: 19104411817083.062, val: 19104411817083.062
    New Best Model
  [40] MSE:   tr: 52.286, val: 47.216
       MAE:   tr: 4.745, val: 4.531
       MAPE:  tr: 25110719569592.445, val: 25110719569592.445
    New Best Model
  [50] MSE:   tr: 41.800, val: 40.689
       MAE:   tr: 4.418, val: 4.515
       MAPE:  tr: 27325552599761.020, val: 27325552599761.020
    New Best Model
  [60] MSE:   tr: 33.016, val: 30.217
       MAE:   tr: 3.877, val: 3.767
       MAPE:  tr: 29613593347489.895, val: 29613593347489.895
    New Best Model
  [70] MSE:   tr: 29.001, val: 26.198
       MAE:   tr: 3.666, val: 3.521
       MAPE:  tr: 28369023494258.785, val: 28369023494258.785
    New Best Model
  [80] MSE:   tr: 24.883, val: 24.098
       MAE:   tr: 3.501, val: 3.411
       MAPE:  tr: 31632539361738.852, val: 31632539361738.852
    New Best Model
  [90] MSE:   tr: 22.462, val: 20.801
       MAE:   tr: 3.283, val: 3.203
       MAPE:  tr: 29919100813705.309, val: 29919100813705.309
    New Best Model
  [100] MSE:   tr: 19.724, val: 20.812
       MAE:   tr: 3.129, val: 3.142
       MAPE:  tr: 29177284799758.426, val: 29177284799758.426
    New Best Model
  [110] MSE:   tr: 18.703, val: 20.027
       MAE:   tr: 3.059, val: 3.021
       MAPE:  tr: 29828861403332.695, val: 29828861403332.695
    New Best Model
  [120] MSE:   tr: 17.410, val: 17.370
       MAE:   tr: 2.896, val: 2.836
       MAPE:  tr: 28508884809285.711, val: 28508884809285.711
    New Best Model
  [130] MSE:   tr: 17.502, val: 16.989
       MAE:   tr: 2.874, val: 2.769
       MAPE:  tr: 29611014219628.625, val: 29611014219628.625
    New Best Model
  [140] MSE:   tr: 16.438, val: 17.118
       MAE:   tr: 2.796, val: 2.786
       MAPE:  tr: 29161406305665.105, val: 29161406305665.105
  [150] MSE:   tr: 16.342, val: 16.451
       MAE:   tr: 2.728, val: 2.661
       MAPE:  tr: 38230534693847.117, val: 38230534693847.117
    New Best Model
  [160] MSE:   tr: 16.360, val: 17.481
       MAE:   tr: 2.758, val: 2.827
       MAPE:  tr: 32883429259345.996, val: 32883429259345.996
  [170] MSE:   tr: 15.416, val: 14.700
       MAE:   tr: 2.648, val: 2.598
       MAPE:  tr: 26011919672410.188, val: 26011919672410.188
    New Best Model
  [180] MSE:   tr: 14.938, val: 15.841
       MAE:   tr: 2.623, val: 2.643
       MAPE:  tr: 30574905812582.477, val: 30574905812582.477
  [190] MSE:   tr: 15.741, val: 16.031
       MAE:   tr: 2.721, val: 2.669
       MAPE:  tr: 27005135154577.484, val: 27005135154577.484
  [200] MSE:   tr: 15.429, val: 15.394
       MAE:   tr: 2.715, val: 2.618
       MAPE:  tr: 24141873731862.605, val: 24141873731862.605
  [210] MSE:   tr: 15.616, val: 15.557
       MAE:   tr: 2.670, val: 2.640
       MAPE:  tr: 24976587740938.316, val: 24976587740938.316
  [220] MSE:   tr: 14.540, val: 15.157
       MAE:   tr: 2.573, val: 2.538
       MAPE:  tr: 33286765343146.055, val: 33286765343146.055
    New Best Model
  [230] MSE:   tr: 16.372, val: 16.158
       MAE:   tr: 2.917, val: 2.889
       MAPE:  tr: 26331057217339.473, val: 26331057217339.473
  [240] MSE:   tr: 14.635, val: 14.656
       MAE:   tr: 2.643, val: 2.599
       MAPE:  tr: 28052776462319.691, val: 28052776462319.691
  [250] MSE:   tr: 14.758, val: 15.667
       MAE:   tr: 2.601, val: 2.596
       MAPE:  tr: 30873461874229.324, val: 30873461874229.324
  [260] MSE:   tr: 14.750, val: 14.532
       MAE:   tr: 2.616, val: 2.543
       MAPE:  tr: 30182886967607.371, val: 30182886967607.371
  [270] MSE:   tr: 15.224, val: 16.147
       MAE:   tr: 2.624, val: 2.660
       MAPE:  tr: 30706868682752.074, val: 30706868682752.074
  [280] MSE:   tr: 14.644, val: 14.544
       MAE:   tr: 2.557, val: 2.519
       MAPE:  tr: 30791982049656.902, val: 30791982049656.902
    New Best Model
  [290] MSE:   tr: 13.731, val: 14.583
       MAE:   tr: 2.511, val: 2.528
       MAPE:  tr: 29378074520846.406, val: 29378074520846.406
  [300] MSE:   tr: 14.306, val: 15.895
       MAE:   tr: 2.555, val: 2.594
       MAPE:  tr: 33172033881768.008, val: 33172033881768.008
  [310] MSE:   tr: 13.607, val: 14.226
       MAE:   tr: 2.496, val: 2.466
       MAPE:  tr: 29958990322466.887, val: 29958990322466.887
    New Best Model
  [320] MSE:   tr: 14.734, val: 16.140
       MAE:   tr: 2.675, val: 2.702
       MAPE:  tr: 30672994275688.523, val: 30672994275688.523
  [330] MSE:   tr: 14.198, val: 14.737
       MAE:   tr: 2.522, val: 2.531
       MAPE:  tr: 27683834476625.992, val: 27683834476625.992
  [340] MSE:   tr: 14.266, val: 14.957
       MAE:   tr: 2.588, val: 2.549
       MAPE:  tr: 29908107844911.180, val: 29908107844911.180
  [350] MSE:   tr: 13.493, val: 14.571
       MAE:   tr: 2.494, val: 2.489
       MAPE:  tr: 31384631701930.055, val: 31384631701930.055
  [360] MSE:   tr: 13.653, val: 13.303
       MAE:   tr: 2.468, val: 2.387
       MAPE:  tr: 28069080158175.305, val: 28069080158175.305
    New Best Model
  [370] MSE:   tr: 15.666, val: 16.336
       MAE:   tr: 2.821, val: 2.793
       MAPE:  tr: 31189240754733.137, val: 31189240754733.137
  [380] MSE:   tr: 13.402, val: 14.797
       MAE:   tr: 2.458, val: 2.503
       MAPE:  tr: 28298555965833.289, val: 28298555965833.289
  [390] MSE:   tr: 13.465, val: 13.701
       MAE:   tr: 2.463, val: 2.407
       MAPE:  tr: 31523597516275.785, val: 31523597516275.785
  [400] MSE:   tr: 14.097, val: 14.076
       MAE:   tr: 2.501, val: 2.434
       MAPE:  tr: 27730778469171.273, val: 27730778469171.273
  [410] MSE:   tr: 14.121, val: 15.332
       MAE:   tr: 2.545, val: 2.545
       MAPE:  tr: 29052485935038.535, val: 29052485935038.535
  [420] MSE:   tr: 13.571, val: 13.829
       MAE:   tr: 2.473, val: 2.468
       MAPE:  tr: 30174758741999.688, val: 30174758741999.688
  [430] MSE:   tr: 13.192, val: 13.347
       MAE:   tr: 2.486, val: 2.422
       MAPE:  tr: 27573243363721.289, val: 27573243363721.289
  [440] MSE:   tr: 14.508, val: 13.807
       MAE:   tr: 2.608, val: 2.496
       MAPE:  tr: 31023538768969.801, val: 31023538768969.801
  [450] MSE:   tr: 13.269, val: 14.683
       MAE:   tr: 2.466, val: 2.508
       MAPE:  tr: 29546832375840.836, val: 29546832375840.836
  [460] MSE:   tr: 13.523, val: 13.014
       MAE:   tr: 2.485, val: 2.404
       MAPE:  tr: 31153951155945.543, val: 31153951155945.543
  [470] MSE:   tr: 12.829, val: 13.855
       MAE:   tr: 2.419, val: 2.444
       MAPE:  tr: 30864393050783.816, val: 30864393050783.816
  [480] MSE:   tr: 13.354, val: 14.103
       MAE:   tr: 2.452, val: 2.472
       MAPE:  tr: 30224406416457.801, val: 30224406416457.801
  [490] MSE:   tr: 13.163, val: 13.864
       MAE:   tr: 2.435, val: 2.458
       MAPE:  tr: 28807118748385.348, val: 28807118748385.348
  [500] MSE:   tr: 13.170, val: 13.887
       MAE:   tr: 2.418, val: 2.445
       MAPE:  tr: 34283498403528.777, val: 34283498403528.777
  [510] MSE:   tr: 13.296, val: 13.705
       MAE:   tr: 2.446, val: 2.434
       MAPE:  tr: 28036324590092.359, val: 28036324590092.359
  [520] MSE:   tr: 15.562, val: 14.955
       MAE:   tr: 2.730, val: 2.697
       MAPE:  tr: 29113178117898.316, val: 29113178117898.316
  [530] MSE:   tr: 13.062, val: 13.904
       MAE:   tr: 2.426, val: 2.466
       MAPE:  tr: 28997050792149.062, val: 28997050792149.062
  [540] MSE:   tr: 13.175, val: 13.881
       MAE:   tr: 2.454, val: 2.372
       MAPE:  tr: 29017812664057.926, val: 29017812664057.926
    New Best Model
  [550] MSE:   tr: 13.189, val: 13.893
       MAE:   tr: 2.425, val: 2.427
       MAPE:  tr: 25378053366480.969, val: 25378053366480.969
  [560] MSE:   tr: 13.590, val: 13.709
       MAE:   tr: 2.501, val: 2.478
       MAPE:  tr: 27580042296950.855, val: 27580042296950.855
  [570] MSE:   tr: 13.541, val: 13.438
       MAE:   tr: 2.472, val: 2.403
TRAINING MODELS: problem = ip_b_E

  [10] MSE:   tr: 285.449, val: 270.382
       MAE:   tr: 13.664, val: 13.315
       MAPE:  tr: 9825094171885.939, val: 9825094171885.939
    New Best Model
  [20] MSE:   tr: 166.610, val: 152.866
       MAE:   tr: 10.067, val: 9.613
       MAPE:  tr: 15586603820908.807, val: 15586603820908.807
    New Best Model
  [30] MSE:   tr: 90.260, val: 74.575
       MAE:   tr: 6.671, val: 6.098
       MAPE:  tr: 19104411817083.062, val: 19104411817083.062
    New Best Model
  [40] MSE:   tr: 52.286, val: 47.216
       MAE:   tr: 4.745, val: 4.531
       MAPE:  tr: 25110719569592.445, val: 25110719569592.445
    New Best Model
  [50] MSE:   tr: 41.800, val: 40.689
       MAE:   tr: 4.418, val: 4.515
       MAPE:  tr: 27325552599761.020, val: 27325552599761.020
    New Best Model
  [60] MSE:   tr: 33.016, val: 30.217
       MAE:   tr: 3.877, val: 3.767
       MAPE:  tr: 29613593347489.895, val: 29613593347489.895
    New Best Model
  [70] MSE:   tr: 29.001, val: 26.198
       MAE:   tr: 3.666, val: 3.521
       MAPE:  tr: 28369023494258.785, val: 28369023494258.785
    New Best Model
  [80] MSE:   tr: 24.883, val: 24.098
       MAE:   tr: 3.501, val: 3.411
       MAPE:  tr: 31632539361738.852, val: 31632539361738.852
    New Best Model
  [90] MSE:   tr: 22.462, val: 20.801
       MAE:   tr: 3.283, val: 3.203
       MAPE:  tr: 29919100813705.309, val: 29919100813705.309
    New Best Model
  [100] MSE:   tr: 19.724, val: 20.812
       MAE:   tr: 3.129, val: 3.142
       MAPE:  tr: 29177284799758.426, val: 29177284799758.426
    New Best Model
  [110] MSE:   tr: 18.703, val: 20.027
       MAE:   tr: 3.059, val: 3.021
       MAPE:  tr: 29828861403332.695, val: 29828861403332.695
    New Best Model
  [120] MSE:   tr: 17.410, val: 17.370
       MAE:   tr: 2.896, val: 2.836
       MAPE:  tr: 28508884809285.711, val: 28508884809285.711
    New Best Model
  [130] MSE:   tr: 17.502, val: 16.989
       MAE:   tr: 2.874, val: 2.769
       MAPE:  tr: 29611014219628.625, val: 29611014219628.625
    New Best Model
  [140] MSE:   tr: 16.438, val: 17.118
       MAE:   tr: 2.796, val: 2.786
       MAPE:  tr: 29161406305665.105, val: 29161406305665.105
  [150] MSE:   tr: 16.342, val: 16.451
       MAE:   tr: 2.728, val: 2.661
       MAPE:  tr: 38230534693847.117, val: 38230534693847.117
    New Best Model
  [160] MSE:   tr: 16.360, val: 17.481
       MAE:   tr: 2.758, val: 2.827
       MAPE:  tr: 32883429259345.996, val: 32883429259345.996
  [170] MSE:   tr: 15.416, val: 14.700
       MAE:   tr: 2.648, val: 2.598
       MAPE:  tr: 26011919672410.188, val: 26011919672410.188
    New Best Model
  [180] MSE:   tr: 14.938, val: 15.841
       MAE:   tr: 2.623, val: 2.643
       MAPE:  tr: 30574905812582.477, val: 30574905812582.477
  [190] MSE:   tr: 15.741, val: 16.031
       MAE:   tr: 2.721, val: 2.669
       MAPE:  tr: 27005135154577.484, val: 27005135154577.484
  [200] MSE:   tr: 15.429, val: 15.394
       MAE:   tr: 2.715, val: 2.618
       MAPE:  tr: 24141873731862.605, val: 24141873731862.605
  [210] MSE:   tr: 15.616, val: 15.557
       MAE:   tr: 2.670, val: 2.640
       MAPE:  tr: 24976587740938.316, val: 24976587740938.316
  [220] MSE:   tr: 14.540, val: 15.157
       MAE:   tr: 2.573, val: 2.538
       MAPE:  tr: 33286765343146.055, val: 33286765343146.055
    New Best Model
  [230] MSE:   tr: 16.372, val: 16.158
       MAE:   tr: 2.917, val: 2.889
       MAPE:  tr: 26331057217339.473, val: 26331057217339.473
  [240] MSE:   tr: 14.635, val: 14.656
       MAE:   tr: 2.643, val: 2.599
       MAPE:  tr: 28052776462319.691, val: 28052776462319.691
  [250] MSE:   tr: 14.758, val: 15.667
       MAE:   tr: 2.601, val: 2.596
       MAPE:  tr: 30873461874229.324, val: 30873461874229.324
  [260] MSE:   tr: 14.750, val: 14.532
       MAE:   tr: 2.616, val: 2.543
       MAPE:  tr: 30182886967607.371, val: 30182886967607.371
  [270] MSE:   tr: 15.224, val: 16.147
       MAE:   tr: 2.624, val: 2.660
       MAPE:  tr: 30706868682752.074, val: 30706868682752.074
  [280] MSE:   tr: 14.644, val: 14.544
       MAE:   tr: 2.557, val: 2.519
       MAPE:  tr: 30791982049656.902, val: 30791982049656.902
    New Best Model
  [290] MSE:   tr: 13.731, val: 14.583
       MAE:   tr: 2.511, val: 2.528
       MAPE:  tr: 29378074520846.406, val: 29378074520846.406
  [300] MSE:   tr: 14.306, val: 15.895
       MAE:   tr: 2.555, val: 2.594
       MAPE:  tr: 33172033881768.008, val: 33172033881768.008
  [310] MSE:   tr: 13.607, val: 14.226
       MAE:   tr: 2.496, val: 2.466
       MAPE:  tr: 29958990322466.887, val: 29958990322466.887
    New Best Model
  [320] MSE:   tr: 14.734, val: 16.140
       MAE:   tr: 2.675, val: 2.702
       MAPE:  tr: 30672994275688.523, val: 30672994275688.523
  [330] MSE:   tr: 14.198, val: 14.737
       MAE:   tr: 2.522, val: 2.531
       MAPE:  tr: 27683834476625.992, val: 27683834476625.992
  [340] MSE:   tr: 14.266, val: 14.957
       MAE:   tr: 2.588, val: 2.549
       MAPE:  tr: 29908107844911.180, val: 29908107844911.180
  [350] MSE:   tr: 13.493, val: 14.571
       MAE:   tr: 2.494, val: 2.489
       MAPE:  tr: 31384631701930.055, val: 31384631701930.055
  [360] MSE:   tr: 13.653, val: 13.303
       MAE:   tr: 2.468, val: 2.387
       MAPE:  tr: 28069080158175.305, val: 28069080158175.305
    New Best Model
  [370] MSE:   tr: 15.666, val: 16.336
       MAE:   tr: 2.821, val: 2.793
       MAPE:  tr: 31189240754733.137, val: 31189240754733.137
  [380] MSE:   tr: 13.402, val: 14.797
       MAE:   tr: 2.458, val: 2.503
       MAPE:  tr: 28298555965833.289, val: 28298555965833.289
  [390] MSE:   tr: 13.465, val: 13.701
       MAE:   tr: 2.463, val: 2.407
       MAPE:  tr: 31523597516275.785, val: 31523597516275.785
  [400] MSE:   tr: 14.097, val: 14.076
       MAE:   tr: 2.501, val: 2.434
       MAPE:  tr: 27730778469171.273, val: 27730778469171.273
  [410] MSE:   tr: 14.121, val: 15.332
       MAE:   tr: 2.545, val: 2.545
       MAPE:  tr: 29052485935038.535, val: 29052485935038.535
  [420] MSE:   tr: 13.571, val: 13.829
       MAE:   tr: 2.473, val: 2.468
       MAPE:  tr: 30174758741999.688, val: 30174758741999.688
  [430] MSE:   tr: 13.192, val: 13.347
       MAE:   tr: 2.486, val: 2.422
       MAPE:  tr: 27573243363721.289, val: 27573243363721.289
  [440] MSE:   tr: 14.508, val: 13.807
       MAE:   tr: 2.608, val: 2.496
       MAPE:  tr: 31023538768969.801, val: 31023538768969.801
  [450] MSE:   tr: 13.269, val: 14.683
       MAE:   tr: 2.466, val: 2.508
       MAPE:  tr: 29546832375840.836, val: 29546832375840.836
  [460] MSE:   tr: 13.523, val: 13.014
       MAE:   tr: 2.485, val: 2.404
       MAPE:  tr: 31153951155945.543, val: 31153951155945.543
  [470] MSE:   tr: 12.829, val: 13.855
       MAE:   tr: 2.419, val: 2.444
       MAPE:  tr: 30864393050783.816, val: 30864393050783.816
  [480] MSE:   tr: 13.354, val: 14.103
       MAE:   tr: 2.452, val: 2.472
       MAPE:  tr: 30224406416457.801, val: 30224406416457.801
  [490] MSE:   tr: 13.163, val: 13.864
       MAE:   tr: 2.435, val: 2.458
       MAPE:  tr: 28807118748385.348, val: 28807118748385.348
  [500] MSE:   tr: 13.170, val: 13.887
       MAE:   tr: 2.418, val: 2.445
       MAPE:  tr: 34283498403528.777, val: 34283498403528.777
  [510] MSE:   tr: 13.296, val: 13.705
       MAE:   tr: 2.446, val: 2.434
       MAPE:  tr: 28036324590092.359, val: 28036324590092.359
  [520] MSE:   tr: 15.562, val: 14.955
       MAE:   tr: 2.730, val: 2.697
       MAPE:  tr: 29113178117898.316, val: 29113178117898.316
  [530] MSE:   tr: 13.062, val: 13.904
       MAE:   tr: 2.426, val: 2.466
       MAPE:  tr: 28997050792149.062, val: 28997050792149.062
  [540] MSE:   tr: 13.175, val: 13.881
       MAE:   tr: 2.454, val: 2.372
       MAPE:  tr: 29017812664057.926, val: 29017812664057.926
    New Best Model
  [550] MSE:   tr: 13.189, val: 13.893
       MAE:   tr: 2.425, val: 2.427
       MAPE:  tr: 25378053366480.969, val: 25378053366480.969
  [560] MSE:   tr: 13.590, val: 13.709
       MAE:   tr: 2.501, val: 2.478
       MAPE:  tr: 27580042296950.855, val: 27580042296950.855
  [570] MSE:   tr: 13.541, val: 13.438
       MAE:   tr: 2.472, val: 2.403
       MAPE:  tr: 29603062087680.070, val: 29603062087680.070
  [580] MSE:   tr: 13.538, val: 14.833
       MAE:   tr: 2.491, val: 2.498
       MAPE:  tr: 28212847745957.961, val: 28212847745957.961
  [590] MSE:   tr: 13.314, val: 14.423
       MAE:   tr: 2.443, val: 2.474
       MAPE:  tr: 28290395527970.883, val: 28290395527970.883
  [600] MSE:   tr: 13.705, val: 14.456
       MAE:   tr: 2.481, val: 2.524
       MAPE:  tr: 33006643281133.641, val: 33006643281133.641
  [610] MSE:   tr: 13.449, val: 13.631
       MAE:   tr: 2.475, val: 2.464
       MAPE:  tr: 30094560965165.125, val: 30094560965165.125
  [620] MSE:   tr: 13.192, val: 13.220
       MAE:   tr: 2.429, val: 2.379
       MAPE:  tr: 30178744471650.371, val: 30178744471650.371
  [630] MSE:   tr: 12.939, val: 13.538
       MAE:   tr: 2.413, val: 2.374
       MAPE:  tr: 32148328426766.402, val: 32148328426766.402
  [640] MSE:   tr: 13.184, val: 13.797
       MAE:   tr: 2.445, val: 2.410
       MAPE:  tr: 31508771289169.992, val: 31508771289169.992
  [650] MSE:   tr: 13.398, val: 15.647
       MAE:   tr: 2.498, val: 2.586
       MAPE:  tr: 31681042427412.551, val: 31681042427412.551
  [660] MSE:   tr: 14.381, val: 14.841
       MAE:   tr: 2.622, val: 2.567
       MAPE:  tr: 31945081984385.102, val: 31945081984385.102
  [670] MSE:   tr: 13.022, val: 13.722
       MAE:   tr: 2.420, val: 2.394
       MAPE:  tr: 24284004937105.477, val: 24284004937105.477
  [680] MSE:   tr: 13.935, val: 13.509
       MAE:   tr: 2.517, val: 2.444
       MAPE:  tr: 27575992142790.727, val: 27575992142790.727
  [690] MSE:   tr: 13.360, val: 13.686
       MAE:   tr: 2.437, val: 2.471
       MAPE:  tr: 28451297887780.938, val: 28451297887780.938
  [700] MSE:   tr: 13.178, val: 13.507
       MAE:   tr: 2.411, val: 2.409
       MAPE:  tr: 30276396995575.879, val: 30276396995575.879
  [710] MSE:   tr: 12.700, val: 13.324
       MAE:   tr: 2.389, val: 2.392
       MAPE:  tr: 30069847723343.941, val: 30069847723343.941
  [720] MSE:   tr: 13.375, val: 14.659
       MAE:   tr: 2.497, val: 2.516
       MAPE:  tr: 30720389239799.879, val: 30720389239799.879
  [730] MSE:   tr: 13.167, val: 13.469
       MAE:   tr: 2.451, val: 2.443
       MAPE:  tr: 31451319659135.047, val: 31451319659135.047
  [740] MSE:   tr: 12.761, val: 13.863
       MAE:   tr: 2.397, val: 2.392
       MAPE:  tr: 30054832517677.129, val: 30054832517677.129
  [750] MSE:   tr: 13.197, val: 13.363
       MAE:   tr: 2.432, val: 2.412
       MAPE:  tr: 30585248093831.238, val: 30585248093831.238
  [760] MSE:   tr: 13.181, val: 14.839
       MAE:   tr: 2.442, val: 2.483
       MAPE:  tr: 29663713468350.535, val: 29663713468350.535
  [770] MSE:   tr: 13.495, val: 13.297
       MAE:   tr: 2.457, val: 2.381
       MAPE:  tr: 30440746066640.969, val: 30440746066640.969
  [780] MSE:   tr: 12.805, val: 13.993
       MAE:   tr: 2.375, val: 2.421
       MAPE:  tr: 30611228351004.738, val: 30611228351004.738
  [790] MSE:   tr: 13.169, val: 13.325
       MAE:   tr: 2.426, val: 2.410
       MAPE:  tr: 29718360484741.191, val: 29718360484741.191
  [800] MSE:   tr: 13.788, val: 14.478
       MAE:   tr: 2.514, val: 2.509
       MAPE:  tr: 30669440190251.078, val: 30669440190251.078
  [810] MSE:   tr: 12.882, val: 13.097
       MAE:   tr: 2.402, val: 2.365
       MAPE:  tr: 32040129610645.574, val: 32040129610645.574
    New Best Model
  [820] MSE:   tr: 13.375, val: 13.560
       MAE:   tr: 2.470, val: 2.357
       MAPE:  tr: 30790672084631.625, val: 30790672084631.625
    New Best Model
  [830] MSE:   tr: 12.732, val: 13.933
       MAE:   tr: 2.374, val: 2.436
       MAPE:  tr: 30862741635858.500, val: 30862741635858.500
  [840] MSE:   tr: 13.305, val: 14.065
       MAE:   tr: 2.442, val: 2.460
       MAPE:  tr: 31009341754572.871, val: 31009341754572.871
  [850] MSE:   tr: 14.056, val: 14.967
       MAE:   tr: 2.560, val: 2.550
       MAPE:  tr: 30878070374137.930, val: 30878070374137.930
  [860] MSE:   tr: 13.456, val: 13.585
       MAE:   tr: 2.442, val: 2.420
       MAPE:  tr: 32662453191966.793, val: 32662453191966.793
  [870] MSE:   tr: 13.416, val: 13.559
       MAE:   tr: 2.474, val: 2.419
       MAPE:  tr: 28351336818933.828, val: 28351336818933.828
  [880] MSE:   tr: 12.636, val: 14.956
       MAE:   tr: 2.387, val: 2.468
       MAPE:  tr: 30828871523762.242, val: 30828871523762.242
  [890] MSE:   tr: 12.494, val: 13.276
       MAE:   tr: 2.371, val: 2.371
       MAPE:  tr: 30360342131376.195, val: 30360342131376.195
  [900] MSE:   tr: 12.773, val: 12.863
       MAE:   tr: 2.406, val: 2.326
       MAPE:  tr: 31360000064487.492, val: 31360000064487.492
    New Best Model
  [910] MSE:   tr: 12.972, val: 13.595
       MAE:   tr: 2.399, val: 2.383
       MAPE:  tr: 29568436061339.715, val: 29568436061339.715
  [920] MSE:   tr: 12.741, val: 13.386
       MAE:   tr: 2.407, val: 2.431
       MAPE:  tr: 29549692824059.973, val: 29549692824059.973
  [930] MSE:   tr: 13.269, val: 12.984
       MAE:   tr: 2.418, val: 2.358
       MAPE:  tr: 29467354006028.355, val: 29467354006028.355
  [940] MSE:   tr: 13.001, val: 14.456
       MAE:   tr: 2.421, val: 2.458
       MAPE:  tr: 32332415020040.266, val: 32332415020040.266
  [950] MSE:   tr: 12.676, val: 13.564
       MAE:   tr: 2.368, val: 2.393
       MAPE:  tr: 32297153338540.105, val: 32297153338540.105
  [960] MSE:   tr: 12.640, val: 14.293
       MAE:   tr: 2.378, val: 2.409
       MAPE:  tr: 32321076306378.820, val: 32321076306378.820
  [970] MSE:   tr: 13.175, val: 13.949
       MAE:   tr: 2.395, val: 2.400
       MAPE:  tr: 29025363216564.293, val: 29025363216564.293
  [980] MSE:   tr: 12.891, val: 13.661
       MAE:   tr: 2.412, val: 2.399
       MAPE:  tr: 28769462622617.668, val: 28769462622617.668
  [990] MSE:   tr: 13.093, val: 13.456
       MAE:   tr: 2.392, val: 2.392
       MAPE:  tr: 29076814777286.723, val: 29076814777286.723
  [1000] MSE:   tr: 12.937, val: 13.580
       MAE:   tr: 2.437, val: 2.460
       MAPE:  tr: 29565444616618.055, val: 29565444616618.055
  [1010] MSE:   tr: 13.099, val: 13.119
       MAE:   tr: 2.399, val: 2.391
       MAPE:  tr: 32071341137985.605, val: 32071341137985.605
  [1020] MSE:   tr: 12.960, val: 13.827
       MAE:   tr: 2.417, val: 2.399
       MAPE:  tr: 32060367496544.324, val: 32060367496544.324
  [1030] MSE:   tr: 13.453, val: 13.294
       MAE:   tr: 2.493, val: 2.428
       MAPE:  tr: 28718015356862.531, val: 28718015356862.531
  [1040] MSE:   tr: 12.908, val: 13.047
       MAE:   tr: 2.393, val: 2.389
       MAPE:  tr: 27717764718264.387, val: 27717764718264.387
  [1050] MSE:   tr: 13.052, val: 13.443
       MAE:   tr: 2.395, val: 2.389
       MAPE:  tr: 28492682045161.539, val: 28492682045161.539
  [1060] MSE:   tr: 13.470, val: 14.199
       MAE:   tr: 2.462, val: 2.535
       MAPE:  tr: 29914006982492.230, val: 29914006982492.230
  [1070] MSE:   tr: 12.824, val: 13.480
       MAE:   tr: 2.390, val: 2.397
       MAPE:  tr: 29932582716047.430, val: 29932582716047.430
  [1080] MSE:   tr: 12.752, val: 13.585
       MAE:   tr: 2.379, val: 2.441
       MAPE:  tr: 31087497274458.180, val: 31087497274458.180
  [1090] MSE:   tr: 12.701, val: 14.046
       MAE:   tr: 2.369, val: 2.427
       MAPE:  tr: 30898402749317.188, val: 30898402749317.188
  [1100] MSE:   tr: 12.872, val: 13.605
       MAE:   tr: 2.373, val: 2.356
       MAPE:  tr: 32760365561413.699, val: 32760365561413.699
  [1110] MSE:   tr: 12.988, val: 13.569
       MAE:   tr: 2.425, val: 2.427
       MAPE:  tr: 29599888106848.328, val: 29599888106848.328
  [1120] MSE:   tr: 12.816, val: 12.797
       MAE:   tr: 2.439, val: 2.393
       MAPE:  tr: 27850253721927.746, val: 27850253721927.746
  [1130] MSE:   tr: 12.727, val: 13.018
       MAE:   tr: 2.382, val: 2.386
       MAPE:  tr: 29343250926010.438, val: 29343250926010.438
  [1140] MSE:   tr: 12.976, val: 13.448
       MAE:   tr: 2.410, val: 2.405
       MAPE:  tr: 31761107060260.938, val: 31761107060260.938
  [1150] MSE:   tr: 12.813, val: 13.489
       MAE:   tr: 2.384, val: 2.371
       MAPE:  tr: 29452656627941.445, val: 29452656627941.445
  [1160] MSE:   tr: 13.071, val: 13.776
       MAE:   tr: 2.439, val: 2.444
       MAPE:  tr: 29603062087680.070, val: 29603062087680.070
  [580] MSE:   tr: 13.538, val: 14.833
       MAE:   tr: 2.491, val: 2.498
       MAPE:  tr: 28212847745957.961, val: 28212847745957.961
  [590] MSE:   tr: 13.314, val: 14.423
       MAE:   tr: 2.443, val: 2.474
       MAPE:  tr: 28290395527970.883, val: 28290395527970.883
  [600] MSE:   tr: 13.705, val: 14.456
       MAE:   tr: 2.481, val: 2.524
       MAPE:  tr: 33006643281133.641, val: 33006643281133.641
  [610] MSE:   tr: 13.449, val: 13.631
       MAE:   tr: 2.475, val: 2.464
       MAPE:  tr: 30094560965165.125, val: 30094560965165.125
  [620] MSE:   tr: 13.192, val: 13.220
       MAE:   tr: 2.429, val: 2.379
       MAPE:  tr: 30178744471650.371, val: 30178744471650.371
  [630] MSE:   tr: 12.939, val: 13.538
       MAE:   tr: 2.413, val: 2.374
       MAPE:  tr: 32148328426766.402, val: 32148328426766.402
  [640] MSE:   tr: 13.184, val: 13.797
       MAE:   tr: 2.445, val: 2.410
       MAPE:  tr: 31508771289169.992, val: 31508771289169.992
  [650] MSE:   tr: 13.398, val: 15.647
       MAE:   tr: 2.498, val: 2.586
       MAPE:  tr: 31681042427412.551, val: 31681042427412.551
  [660] MSE:   tr: 14.381, val: 14.841
       MAE:   tr: 2.622, val: 2.567
       MAPE:  tr: 31945081984385.102, val: 31945081984385.102
  [670] MSE:   tr: 13.022, val: 13.722
       MAE:   tr: 2.420, val: 2.394
       MAPE:  tr: 24284004937105.477, val: 24284004937105.477
  [680] MSE:   tr: 13.935, val: 13.509
       MAE:   tr: 2.517, val: 2.444
       MAPE:  tr: 27575992142790.727, val: 27575992142790.727
  [690] MSE:   tr: 13.360, val: 13.686
       MAE:   tr: 2.437, val: 2.471
       MAPE:  tr: 28451297887780.938, val: 28451297887780.938
  [700] MSE:   tr: 13.178, val: 13.507
       MAE:   tr: 2.411, val: 2.409
       MAPE:  tr: 30276396995575.879, val: 30276396995575.879
  [710] MSE:   tr: 12.700, val: 13.324
       MAE:   tr: 2.389, val: 2.392
       MAPE:  tr: 30069847723343.941, val: 30069847723343.941
  [720] MSE:   tr: 13.375, val: 14.659
       MAE:   tr: 2.497, val: 2.516
       MAPE:  tr: 30720389239799.879, val: 30720389239799.879
  [730] MSE:   tr: 13.167, val: 13.469
       MAE:   tr: 2.451, val: 2.443
       MAPE:  tr: 31451319659135.047, val: 31451319659135.047
  [740] MSE:   tr: 12.761, val: 13.863
       MAE:   tr: 2.397, val: 2.392
       MAPE:  tr: 30054832517677.129, val: 30054832517677.129
  [750] MSE:   tr: 13.197, val: 13.363
       MAE:   tr: 2.432, val: 2.412
       MAPE:  tr: 30585248093831.238, val: 30585248093831.238
  [760] MSE:   tr: 13.181, val: 14.839
       MAE:   tr: 2.442, val: 2.483
       MAPE:  tr: 29663713468350.535, val: 29663713468350.535
  [770] MSE:   tr: 13.495, val: 13.297
       MAE:   tr: 2.457, val: 2.381
       MAPE:  tr: 30440746066640.969, val: 30440746066640.969
  [780] MSE:   tr: 12.805, val: 13.993
       MAE:   tr: 2.375, val: 2.421
       MAPE:  tr: 30611228351004.738, val: 30611228351004.738
  [790] MSE:   tr: 13.169, val: 13.325
       MAE:   tr: 2.426, val: 2.410
       MAPE:  tr: 29718360484741.191, val: 29718360484741.191
  [800] MSE:   tr: 13.788, val: 14.478
       MAE:   tr: 2.514, val: 2.509
       MAPE:  tr: 30669440190251.078, val: 30669440190251.078
  [810] MSE:   tr: 12.882, val: 13.097
       MAE:   tr: 2.402, val: 2.365
       MAPE:  tr: 32040129610645.574, val: 32040129610645.574
    New Best Model
  [820] MSE:   tr: 13.375, val: 13.560
       MAE:   tr: 2.470, val: 2.357
       MAPE:  tr: 30790672084631.625, val: 30790672084631.625
    New Best Model
  [830] MSE:   tr: 12.732, val: 13.933
       MAE:   tr: 2.374, val: 2.436
       MAPE:  tr: 30862741635858.500, val: 30862741635858.500
  [840] MSE:   tr: 13.305, val: 14.065
       MAE:   tr: 2.442, val: 2.460
       MAPE:  tr: 31009341754572.871, val: 31009341754572.871
  [850] MSE:   tr: 14.056, val: 14.967
       MAE:   tr: 2.560, val: 2.550
       MAPE:  tr: 30878070374137.930, val: 30878070374137.930
  [860] MSE:   tr: 13.456, val: 13.585
       MAE:   tr: 2.442, val: 2.420
       MAPE:  tr: 32662453191966.793, val: 32662453191966.793
  [870] MSE:   tr: 13.416, val: 13.559
       MAE:   tr: 2.474, val: 2.419
       MAPE:  tr: 28351336818933.828, val: 28351336818933.828
  [880] MSE:   tr: 12.636, val: 14.956
       MAE:   tr: 2.387, val: 2.468
       MAPE:  tr: 30828871523762.242, val: 30828871523762.242
  [890] MSE:   tr: 12.494, val: 13.276
       MAE:   tr: 2.371, val: 2.371
       MAPE:  tr: 30360342131376.195, val: 30360342131376.195
  [900] MSE:   tr: 12.773, val: 12.863
       MAE:   tr: 2.406, val: 2.326
       MAPE:  tr: 31360000064487.492, val: 31360000064487.492
    New Best Model
  [910] MSE:   tr: 12.972, val: 13.595
       MAE:   tr: 2.399, val: 2.383
       MAPE:  tr: 29568436061339.715, val: 29568436061339.715
  [920] MSE:   tr: 12.741, val: 13.386
       MAE:   tr: 2.407, val: 2.431
       MAPE:  tr: 29549692824059.973, val: 29549692824059.973
  [930] MSE:   tr: 13.269, val: 12.984
       MAE:   tr: 2.418, val: 2.358
       MAPE:  tr: 29467354006028.355, val: 29467354006028.355
  [940] MSE:   tr: 13.001, val: 14.456
       MAE:   tr: 2.421, val: 2.458
       MAPE:  tr: 32332415020040.266, val: 32332415020040.266
  [950] MSE:   tr: 12.676, val: 13.564
       MAE:   tr: 2.368, val: 2.393
       MAPE:  tr: 32297153338540.105, val: 32297153338540.105
  [960] MSE:   tr: 12.640, val: 14.293
       MAE:   tr: 2.378, val: 2.409
       MAPE:  tr: 32321076306378.820, val: 32321076306378.820
  [970] MSE:   tr: 13.175, val: 13.949
       MAE:   tr: 2.395, val: 2.400
       MAPE:  tr: 29025363216564.293, val: 29025363216564.293
  [980] MSE:   tr: 12.891, val: 13.661
       MAE:   tr: 2.412, val: 2.399
       MAPE:  tr: 28769462622617.668, val: 28769462622617.668
  [990] MSE:   tr: 13.093, val: 13.456
       MAE:   tr: 2.392, val: 2.392
       MAPE:  tr: 29076814777286.723, val: 29076814777286.723
  [1000] MSE:   tr: 12.937, val: 13.580
       MAE:   tr: 2.437, val: 2.460
       MAPE:  tr: 29565444616618.055, val: 29565444616618.055
  [1010] MSE:   tr: 13.099, val: 13.119
       MAE:   tr: 2.399, val: 2.391
       MAPE:  tr: 32071341137985.605, val: 32071341137985.605
  [1020] MSE:   tr: 12.960, val: 13.827
       MAE:   tr: 2.417, val: 2.399
       MAPE:  tr: 32060367496544.324, val: 32060367496544.324
  [1030] MSE:   tr: 13.453, val: 13.294
       MAE:   tr: 2.493, val: 2.428
       MAPE:  tr: 28718015356862.531, val: 28718015356862.531
  [1040] MSE:   tr: 12.908, val: 13.047
       MAE:   tr: 2.393, val: 2.389
       MAPE:  tr: 27717764718264.387, val: 27717764718264.387
  [1050] MSE:   tr: 13.052, val: 13.443
       MAE:   tr: 2.395, val: 2.389
       MAPE:  tr: 28492682045161.539, val: 28492682045161.539
  [1060] MSE:   tr: 13.470, val: 14.199
       MAE:   tr: 2.462, val: 2.535
       MAPE:  tr: 29914006982492.230, val: 29914006982492.230
  [1070] MSE:   tr: 12.824, val: 13.480
       MAE:   tr: 2.390, val: 2.397
       MAPE:  tr: 29932582716047.430, val: 29932582716047.430
  [1080] MSE:   tr: 12.752, val: 13.585
       MAE:   tr: 2.379, val: 2.441
       MAPE:  tr: 31087497274458.180, val: 31087497274458.180
  [1090] MSE:   tr: 12.701, val: 14.046
       MAE:   tr: 2.369, val: 2.427
       MAPE:  tr: 30898402749317.188, val: 30898402749317.188
  [1100] MSE:   tr: 12.872, val: 13.605
       MAE:   tr: 2.373, val: 2.356
       MAPE:  tr: 32760365561413.699, val: 32760365561413.699
  [1110] MSE:   tr: 12.988, val: 13.569
       MAE:   tr: 2.425, val: 2.427
       MAPE:  tr: 29599888106848.328, val: 29599888106848.328
  [1120] MSE:   tr: 12.816, val: 12.797
       MAE:   tr: 2.439, val: 2.393
       MAPE:  tr: 27850253721927.746, val: 27850253721927.746
  [1130] MSE:   tr: 12.727, val: 13.018
       MAE:   tr: 2.382, val: 2.386
       MAPE:  tr: 29343250926010.438, val: 29343250926010.438
  [1140] MSE:   tr: 12.976, val: 13.448
       MAE:   tr: 2.410, val: 2.405
       MAPE:  tr: 31761107060260.938, val: 31761107060260.938
  [1150] MSE:   tr: 12.813, val: 13.489
       MAE:   tr: 2.384, val: 2.371
       MAPE:  tr: 29452656627941.445, val: 29452656627941.445
  [1160] MSE:   tr: 13.071, val: 13.776
       MAE:   tr: 2.439, val: 2.444
       MAPE:  tr: 30895374797373.512, val: 30895374797373.512
  [1170] MSE:   tr: 12.931, val: 14.503
       MAE:   tr: 2.439, val: 2.503
       MAPE:  tr: 29906209469366.344, val: 29906209469366.344
  [1180] MSE:   tr: 12.844, val: 13.260
       MAE:   tr: 2.404, val: 2.352
       MAPE:  tr: 28833726070784.070, val: 28833726070784.070
  [1190] MSE:   tr: 13.015, val: 13.440
       MAE:   tr: 2.456, val: 2.407
       MAPE:  tr: 28641504809451.594, val: 28641504809451.594
  [1200] MSE:   tr: 12.621, val: 12.783
       MAE:   tr: 2.374, val: 2.354
       MAPE:  tr: 31313850640891.973, val: 31313850640891.973
  [1210] MSE:   tr: 12.793, val: 12.853
       MAE:   tr: 2.380, val: 2.312
       MAPE:  tr: 30168578284060.734, val: 30168578284060.734
    New Best Model
  [1220] MSE:   tr: 13.364, val: 13.608
       MAE:   tr: 2.461, val: 2.431
       MAPE:  tr: 31276669109010.504, val: 31276669109010.504
  [1230] MSE:   tr: 12.584, val: 13.458
       MAE:   tr: 2.364, val: 2.400
       MAPE:  tr: 29409279605735.492, val: 29409279605735.492
  [1240] MSE:   tr: 13.069, val: 12.644
       MAE:   tr: 2.421, val: 2.363
       MAPE:  tr: 28782154250977.348, val: 28782154250977.348
  [1250] MSE:   tr: 13.313, val: 14.297
       MAE:   tr: 2.483, val: 2.526
       MAPE:  tr: 32129288836743.238, val: 32129288836743.238
  [1260] MSE:   tr: 12.944, val: 13.751
       MAE:   tr: 2.382, val: 2.386
       MAPE:  tr: 31527173076549.699, val: 31527173076549.699
  [1270] MSE:   tr: 12.471, val: 13.379
       MAE:   tr: 2.358, val: 2.398
       MAPE:  tr: 32556165636292.676, val: 32556165636292.676
  [1280] MSE:   tr: 12.874, val: 12.862
       MAE:   tr: 2.431, val: 2.382
       MAPE:  tr: 29748530482511.945, val: 29748530482511.945
  [1290] MSE:   tr: 12.842, val: 14.550
       MAE:   tr: 2.393, val: 2.443
       MAPE:  tr: 30843687013449.797, val: 30843687013449.797
  [1300] MSE:   tr: 12.711, val: 13.711
       MAE:   tr: 2.389, val: 2.408
       MAPE:  tr: 28641831226966.086, val: 28641831226966.086
  [1310] MSE:   tr: 12.778, val: 13.631
       MAE:   tr: 2.374, val: 2.358
       MAPE:  tr: 29718429204217.926, val: 29718429204217.926
  [1320] MSE:   tr: 12.982, val: 13.271
       MAE:   tr: 2.413, val: 2.397
       MAPE:  tr: 28332438962831.430, val: 28332438962831.430
  [1330] MSE:   tr: 12.509, val: 13.712
       MAE:   tr: 2.363, val: 2.365
       MAPE:  tr: 28977852288335.941, val: 28977852288335.941
  [1340] MSE:   tr: 12.418, val: 13.339
       MAE:   tr: 2.355, val: 2.412
       MAPE:  tr: 30794902627418.180, val: 30794902627418.180
  [1350] MSE:   tr: 12.948, val: 13.758
       MAE:   tr: 2.367, val: 2.384
       MAPE:  tr: 30865258486693.957, val: 30865258486693.957
  [1360] MSE:   tr: 12.847, val: 13.509
       MAE:   tr: 2.401, val: 2.417
       MAPE:  tr: 28269268583841.859, val: 28269268583841.859
  [1370] MSE:   tr: 12.394, val: 13.502
       MAE:   tr: 2.337, val: 2.367
       MAPE:  tr: 32991099794489.406, val: 32991099794489.406
  [1380] MSE:   tr: 12.517, val: 13.578
       MAE:   tr: 2.355, val: 2.384
       MAPE:  tr: 30055332881367.109, val: 30055332881367.109
  [1390] MSE:   tr: 12.489, val: 12.931
       MAE:   tr: 2.357, val: 2.370
       MAPE:  tr: 30338401290944.578, val: 30338401290944.578
  [1400] MSE:   tr: 12.714, val: 13.143
       MAE:   tr: 2.365, val: 2.342
       MAPE:  tr: 28565977809551.430, val: 28565977809551.430
  [1410] MSE:   tr: 12.544, val: 13.545
       MAE:   tr: 2.350, val: 2.334
       MAPE:  tr: 31302937128992.832, val: 31302937128992.832
  [1420] MSE:   tr: 12.427, val: 13.223
       MAE:   tr: 2.365, val: 2.359
       MAPE:  tr: 33385167338864.707, val: 33385167338864.707
  [1430] MSE:   tr: 12.819, val: 13.432
       MAE:   tr: 2.406, val: 2.449
       MAPE:  tr: 30530768581165.129, val: 30530768581165.129
  [1440] MSE:   tr: 12.612, val: 13.353
       MAE:   tr: 2.395, val: 2.359
       MAPE:  tr: 33240139178180.680, val: 33240139178180.680
  [1450] MSE:   tr: 12.688, val: 13.540
       MAE:   tr: 2.399, val: 2.419
       MAPE:  tr: 30050859672928.328, val: 30050859672928.328
  [1460] MSE:   tr: 12.563, val: 13.864
       MAE:   tr: 2.372, val: 2.422
       MAPE:  tr: 29553586211913.797, val: 29553586211913.797
  [1470] MSE:   tr: 12.483, val: 12.574
       MAE:   tr: 2.354, val: 2.320
       MAPE:  tr: 27066095772893.246, val: 27066095772893.246
  [1480] MSE:   tr: 13.567, val: 14.545
       MAE:   tr: 2.567, val: 2.612
       MAPE:  tr: 29587686104760.391, val: 29587686104760.391
  [1490] MSE:   tr: 12.666, val: 13.164
       MAE:   tr: 2.423, val: 2.381
       MAPE:  tr: 28132899077226.562, val: 28132899077226.562
  [1500] MSE:   tr: 12.408, val: 12.674
       MAE:   tr: 2.363, val: 2.302
       MAPE:  tr: 28828353066696.773, val: 28828353066696.773
    New Best Model
  [1510] MSE:   tr: 12.757, val: 13.663
       MAE:   tr: 2.389, val: 2.421
       MAPE:  tr: 32310431229935.680, val: 32310431229935.680
  [1520] MSE:   tr: 12.635, val: 12.940
       MAE:   tr: 2.374, val: 2.409
       MAPE:  tr: 28366324107313.219, val: 28366324107313.219
  [1530] MSE:   tr: 12.557, val: 13.470
       MAE:   tr: 2.357, val: 2.367
       MAPE:  tr: 31333547360911.430, val: 31333547360911.430
  [1540] MSE:   tr: 12.435, val: 13.454
       MAE:   tr: 2.354, val: 2.383
       MAPE:  tr: 30742935670620.227, val: 30742935670620.227
  [1550] MSE:   tr: 12.620, val: 13.444
       MAE:   tr: 2.386, val: 2.427
       MAPE:  tr: 29046857380397.125, val: 29046857380397.125
  [1560] MSE:   tr: 12.481, val: 13.127
       MAE:   tr: 2.367, val: 2.335
       MAPE:  tr: 32865523540688.965, val: 32865523540688.965
  [1570] MSE:   tr: 12.392, val: 12.965
       MAE:   tr: 2.349, val: 2.374
       MAPE:  tr: 30245245597777.984, val: 30245245597777.984
  [1580] MSE:   tr: 13.582, val: 14.606
       MAE:   tr: 2.549, val: 2.548
       MAPE:  tr: 33389425798938.695, val: 33389425798938.695
  [1590] MSE:   tr: 12.961, val: 13.426
       MAE:   tr: 2.432, val: 2.419
       MAPE:  tr: 31046304243122.242, val: 31046304243122.242
  [1600] MSE:   tr: 13.423, val: 13.232
       MAE:   tr: 2.451, val: 2.389
       MAPE:  tr: 28755037974954.051, val: 28755037974954.051
  [1610] MSE:   tr: 12.775, val: 13.478
       MAE:   tr: 2.407, val: 2.420
       MAPE:  tr: 30050318507049.031, val: 30050318507049.031
  [1620] MSE:   tr: 13.954, val: 14.839
       MAE:   tr: 2.554, val: 2.562
       MAPE:  tr: 36152569386500.172, val: 36152569386500.172
  [1630] MSE:   tr: 12.554, val: 12.866
       MAE:   tr: 2.338, val: 2.329
       MAPE:  tr: 30086233023578.180, val: 30086233023578.180
  [1640] MSE:   tr: 12.737, val: 13.360
       MAE:   tr: 2.361, val: 2.374
       MAPE:  tr: 36185915512586.305, val: 36185915512586.305
  [1650] MSE:   tr: 12.794, val: 11.973
       MAE:   tr: 2.386, val: 2.286
       MAPE:  tr: 28921525939732.543, val: 28921525939732.543
    New Best Model
  [1660] MSE:   tr: 12.149, val: 13.264
       MAE:   tr: 2.332, val: 2.391
       MAPE:  tr: 30504300845203.523, val: 30504300845203.523
  [1670] MSE:   tr: 13.463, val: 13.235
       MAE:   tr: 2.518, val: 2.421
       MAPE:  tr: 30780243904036.934, val: 30780243904036.934
  [1680] MSE:   tr: 12.946, val: 13.796
       MAE:   tr: 2.409, val: 2.438
       MAPE:  tr: 31501106920030.281, val: 31501106920030.281
  [1690] MSE:   tr: 12.431, val: 13.041
       MAE:   tr: 2.385, val: 2.419
       MAPE:  tr: 31776510960468.035, val: 31776510960468.035
  [1700] MSE:   tr: 12.419, val: 13.270
       MAE:   tr: 2.336, val: 2.361
       MAPE:  tr: 31829650443337.797, val: 31829650443337.797
  [1710] MSE:   tr: 12.724, val: 13.323
       MAE:   tr: 2.374, val: 2.386
       MAPE:  tr: 29982309847400.516, val: 29982309847400.516
  [1720] MSE:   tr: 12.462, val: 13.112
       MAE:   tr: 2.338, val: 2.370
       MAPE:  tr: 28865921145634.879, val: 28865921145634.879
  [1730] MSE:   tr: 12.888, val: 12.945
       MAE:   tr: 2.410, val: 2.349
       MAPE:  tr: 28406151339049.027, val: 28406151339049.027
  [1740] MSE:   tr: 12.306, val: 12.860
       MAE:   tr: 2.368, val: 2.343
       MAPE:  tr: 32616123379744.836, val: 32616123379744.836
  [1750] MSE:   tr: 12.515, val: 12.597
       MAPE:  tr: 30895374797373.512, val: 30895374797373.512
  [1170] MSE:   tr: 12.931, val: 14.503
       MAE:   tr: 2.439, val: 2.503
       MAPE:  tr: 29906209469366.344, val: 29906209469366.344
  [1180] MSE:   tr: 12.844, val: 13.260
       MAE:   tr: 2.404, val: 2.352
       MAPE:  tr: 28833726070784.070, val: 28833726070784.070
  [1190] MSE:   tr: 13.015, val: 13.440
       MAE:   tr: 2.456, val: 2.407
       MAPE:  tr: 28641504809451.594, val: 28641504809451.594
  [1200] MSE:   tr: 12.621, val: 12.783
       MAE:   tr: 2.374, val: 2.354
       MAPE:  tr: 31313850640891.973, val: 31313850640891.973
  [1210] MSE:   tr: 12.793, val: 12.853
       MAE:   tr: 2.380, val: 2.312
       MAPE:  tr: 30168578284060.734, val: 30168578284060.734
    New Best Model
  [1220] MSE:   tr: 13.364, val: 13.608
       MAE:   tr: 2.461, val: 2.431
       MAPE:  tr: 31276669109010.504, val: 31276669109010.504
  [1230] MSE:   tr: 12.584, val: 13.458
       MAE:   tr: 2.364, val: 2.400
       MAPE:  tr: 29409279605735.492, val: 29409279605735.492
  [1240] MSE:   tr: 13.069, val: 12.644
       MAE:   tr: 2.421, val: 2.363
       MAPE:  tr: 28782154250977.348, val: 28782154250977.348
  [1250] MSE:   tr: 13.313, val: 14.297
       MAE:   tr: 2.483, val: 2.526
       MAPE:  tr: 32129288836743.238, val: 32129288836743.238
  [1260] MSE:   tr: 12.944, val: 13.751
       MAE:   tr: 2.382, val: 2.386
       MAPE:  tr: 31527173076549.699, val: 31527173076549.699
  [1270] MSE:   tr: 12.471, val: 13.379
       MAE:   tr: 2.358, val: 2.398
       MAPE:  tr: 32556165636292.676, val: 32556165636292.676
  [1280] MSE:   tr: 12.874, val: 12.862
       MAE:   tr: 2.431, val: 2.382
       MAPE:  tr: 29748530482511.945, val: 29748530482511.945
  [1290] MSE:   tr: 12.842, val: 14.550
       MAE:   tr: 2.393, val: 2.443
       MAPE:  tr: 30843687013449.797, val: 30843687013449.797
  [1300] MSE:   tr: 12.711, val: 13.711
       MAE:   tr: 2.389, val: 2.408
       MAPE:  tr: 28641831226966.086, val: 28641831226966.086
  [1310] MSE:   tr: 12.778, val: 13.631
       MAE:   tr: 2.374, val: 2.358
       MAPE:  tr: 29718429204217.926, val: 29718429204217.926
  [1320] MSE:   tr: 12.982, val: 13.271
       MAE:   tr: 2.413, val: 2.397
       MAPE:  tr: 28332438962831.430, val: 28332438962831.430
  [1330] MSE:   tr: 12.509, val: 13.712
       MAE:   tr: 2.363, val: 2.365
       MAPE:  tr: 28977852288335.941, val: 28977852288335.941
  [1340] MSE:   tr: 12.418, val: 13.339
       MAE:   tr: 2.355, val: 2.412
       MAPE:  tr: 30794902627418.180, val: 30794902627418.180
  [1350] MSE:   tr: 12.948, val: 13.758
       MAE:   tr: 2.367, val: 2.384
       MAPE:  tr: 30865258486693.957, val: 30865258486693.957
  [1360] MSE:   tr: 12.847, val: 13.509
       MAE:   tr: 2.401, val: 2.417
       MAPE:  tr: 28269268583841.859, val: 28269268583841.859
  [1370] MSE:   tr: 12.394, val: 13.502
       MAE:   tr: 2.337, val: 2.367
       MAPE:  tr: 32991099794489.406, val: 32991099794489.406
  [1380] MSE:   tr: 12.517, val: 13.578
       MAE:   tr: 2.355, val: 2.384
       MAPE:  tr: 30055332881367.109, val: 30055332881367.109
  [1390] MSE:   tr: 12.489, val: 12.931
       MAE:   tr: 2.357, val: 2.370
       MAPE:  tr: 30338401290944.578, val: 30338401290944.578
  [1400] MSE:   tr: 12.714, val: 13.143
       MAE:   tr: 2.365, val: 2.342
       MAPE:  tr: 28565977809551.430, val: 28565977809551.430
  [1410] MSE:   tr: 12.544, val: 13.545
       MAE:   tr: 2.350, val: 2.334
       MAPE:  tr: 31302937128992.832, val: 31302937128992.832
  [1420] MSE:   tr: 12.427, val: 13.223
       MAE:   tr: 2.365, val: 2.359
       MAPE:  tr: 33385167338864.707, val: 33385167338864.707
  [1430] MSE:   tr: 12.819, val: 13.432
       MAE:   tr: 2.406, val: 2.449
       MAPE:  tr: 30530768581165.129, val: 30530768581165.129
  [1440] MSE:   tr: 12.612, val: 13.353
       MAE:   tr: 2.395, val: 2.359
       MAPE:  tr: 33240139178180.680, val: 33240139178180.680
  [1450] MSE:   tr: 12.688, val: 13.540
       MAE:   tr: 2.399, val: 2.419
       MAPE:  tr: 30050859672928.328, val: 30050859672928.328
  [1460] MSE:   tr: 12.563, val: 13.864
       MAE:   tr: 2.372, val: 2.422
       MAPE:  tr: 29553586211913.797, val: 29553586211913.797
  [1470] MSE:   tr: 12.483, val: 12.574
       MAE:   tr: 2.354, val: 2.320
       MAPE:  tr: 27066095772893.246, val: 27066095772893.246
  [1480] MSE:   tr: 13.567, val: 14.545
       MAE:   tr: 2.567, val: 2.612
       MAPE:  tr: 29587686104760.391, val: 29587686104760.391
  [1490] MSE:   tr: 12.666, val: 13.164
       MAE:   tr: 2.423, val: 2.381
       MAPE:  tr: 28132899077226.562, val: 28132899077226.562
  [1500] MSE:   tr: 12.408, val: 12.674
       MAE:   tr: 2.363, val: 2.302
       MAPE:  tr: 28828353066696.773, val: 28828353066696.773
    New Best Model
  [1510] MSE:   tr: 12.757, val: 13.663
       MAE:   tr: 2.389, val: 2.421
       MAPE:  tr: 32310431229935.680, val: 32310431229935.680
  [1520] MSE:   tr: 12.635, val: 12.940
       MAE:   tr: 2.374, val: 2.409
       MAPE:  tr: 28366324107313.219, val: 28366324107313.219
  [1530] MSE:   tr: 12.557, val: 13.470
       MAE:   tr: 2.357, val: 2.367
       MAPE:  tr: 31333547360911.430, val: 31333547360911.430
  [1540] MSE:   tr: 12.435, val: 13.454
       MAE:   tr: 2.354, val: 2.383
       MAPE:  tr: 30742935670620.227, val: 30742935670620.227
  [1550] MSE:   tr: 12.620, val: 13.444
       MAE:   tr: 2.386, val: 2.427
       MAPE:  tr: 29046857380397.125, val: 29046857380397.125
  [1560] MSE:   tr: 12.481, val: 13.127
       MAE:   tr: 2.367, val: 2.335
       MAPE:  tr: 32865523540688.965, val: 32865523540688.965
  [1570] MSE:   tr: 12.392, val: 12.965
       MAE:   tr: 2.349, val: 2.374
       MAPE:  tr: 30245245597777.984, val: 30245245597777.984
  [1580] MSE:   tr: 13.582, val: 14.606
       MAE:   tr: 2.549, val: 2.548
       MAPE:  tr: 33389425798938.695, val: 33389425798938.695
  [1590] MSE:   tr: 12.961, val: 13.426
       MAE:   tr: 2.432, val: 2.419
       MAPE:  tr: 31046304243122.242, val: 31046304243122.242
  [1600] MSE:   tr: 13.423, val: 13.232
       MAE:   tr: 2.451, val: 2.389
       MAPE:  tr: 28755037974954.051, val: 28755037974954.051
  [1610] MSE:   tr: 12.775, val: 13.478
       MAE:   tr: 2.407, val: 2.420
       MAPE:  tr: 30050318507049.031, val: 30050318507049.031
  [1620] MSE:   tr: 13.954, val: 14.839
       MAE:   tr: 2.554, val: 2.562
       MAPE:  tr: 36152569386500.172, val: 36152569386500.172
  [1630] MSE:   tr: 12.554, val: 12.866
       MAE:   tr: 2.338, val: 2.329
       MAPE:  tr: 30086233023578.180, val: 30086233023578.180
  [1640] MSE:   tr: 12.737, val: 13.360
       MAE:   tr: 2.361, val: 2.374
       MAPE:  tr: 36185915512586.305, val: 36185915512586.305
  [1650] MSE:   tr: 12.794, val: 11.973
       MAE:   tr: 2.386, val: 2.286
       MAPE:  tr: 28921525939732.543, val: 28921525939732.543
    New Best Model
  [1660] MSE:   tr: 12.149, val: 13.264
       MAE:   tr: 2.332, val: 2.391
       MAPE:  tr: 30504300845203.523, val: 30504300845203.523
  [1670] MSE:   tr: 13.463, val: 13.235
       MAE:   tr: 2.518, val: 2.421
       MAPE:  tr: 30780243904036.934, val: 30780243904036.934
  [1680] MSE:   tr: 12.946, val: 13.796
       MAE:   tr: 2.409, val: 2.438
       MAPE:  tr: 31501106920030.281, val: 31501106920030.281
  [1690] MSE:   tr: 12.431, val: 13.041
       MAE:   tr: 2.385, val: 2.419
       MAPE:  tr: 31776510960468.035, val: 31776510960468.035
  [1700] MSE:   tr: 12.419, val: 13.270
       MAE:   tr: 2.336, val: 2.361
       MAPE:  tr: 31829650443337.797, val: 31829650443337.797
  [1710] MSE:   tr: 12.724, val: 13.323
       MAE:   tr: 2.374, val: 2.386
       MAPE:  tr: 29982309847400.516, val: 29982309847400.516
  [1720] MSE:   tr: 12.462, val: 13.112
       MAE:   tr: 2.338, val: 2.370
       MAPE:  tr: 28865921145634.879, val: 28865921145634.879
  [1730] MSE:   tr: 12.888, val: 12.945
       MAE:   tr: 2.410, val: 2.349
       MAPE:  tr: 28406151339049.027, val: 28406151339049.027
  [1740] MSE:   tr: 12.306, val: 12.860
       MAE:   tr: 2.368, val: 2.343
       MAPE:  tr: 32616123379744.836, val: 32616123379744.836
  [1750] MSE:   tr: 12.515, val: 12.597
       MAE:   tr: 2.347, val: 2.308
       MAPE:  tr: 30167979136122.945, val: 30167979136122.945
  [1760] MSE:   tr: 12.265, val: 13.174
       MAE:   tr: 2.342, val: 2.350
       MAPE:  tr: 29467841484816.453, val: 29467841484816.453
  [1770] MSE:   tr: 12.429, val: 13.453
       MAE:   tr: 2.350, val: 2.408
       MAPE:  tr: 32570399157911.621, val: 32570399157911.621
  [1780] MSE:   tr: 12.550, val: 12.765
       MAE:   tr: 2.345, val: 2.279
       MAPE:  tr: 29262432526401.602, val: 29262432526401.602
    New Best Model
  [1790] MSE:   tr: 12.429, val: 12.951
       MAE:   tr: 2.353, val: 2.384
       MAPE:  tr: 28854640414031.941, val: 28854640414031.941
  [1800] MSE:   tr: 12.878, val: 13.424
       MAE:   tr: 2.429, val: 2.399
       MAPE:  tr: 28080831188697.156, val: 28080831188697.156
  [1810] MSE:   tr: 12.692, val: 13.244
       MAE:   tr: 2.385, val: 2.359
       MAPE:  tr: 30723215328280.645, val: 30723215328280.645
  [1820] MSE:   tr: 12.623, val: 12.735
       MAE:   tr: 2.379, val: 2.328
       MAPE:  tr: 28097996025495.617, val: 28097996025495.617
  [1830] MSE:   tr: 12.184, val: 12.494
       MAE:   tr: 2.343, val: 2.295
       MAPE:  tr: 30741112457003.074, val: 30741112457003.074
  [1840] MSE:   tr: 12.235, val: 12.709
       MAE:   tr: 2.335, val: 2.318
       MAPE:  tr: 30570140546367.555, val: 30570140546367.555
  [1850] MSE:   tr: 12.725, val: 13.039
       MAE:   tr: 2.430, val: 2.449
       MAPE:  tr: 28504742313328.707, val: 28504742313328.707
  [1860] MSE:   tr: 12.113, val: 12.819
       MAE:   tr: 2.314, val: 2.309
       MAPE:  tr: 28436029279043.648, val: 28436029279043.648
  [1870] MSE:   tr: 12.277, val: 13.213
       MAE:   tr: 2.329, val: 2.358
       MAPE:  tr: 29371606300098.625, val: 29371606300098.625
  [1880] MSE:   tr: 13.162, val: 14.091
       MAE:   tr: 2.438, val: 2.466
       MAPE:  tr: 30842050630910.023, val: 30842050630910.023
  [1890] MSE:   tr: 12.765, val: 12.634
       MAE:   tr: 2.391, val: 2.343
       MAPE:  tr: 29832254427496.512, val: 29832254427496.512
  [1900] MSE:   tr: 12.370, val: 13.555
       MAE:   tr: 2.343, val: 2.371
       MAPE:  tr: 32764076413157.445, val: 32764076413157.445
  [1910] MSE:   tr: 13.235, val: 14.231
       MAE:   tr: 2.498, val: 2.534
       MAPE:  tr: 31564683173429.320, val: 31564683173429.320
  [1920] MSE:   tr: 12.948, val: 13.582
       MAE:   tr: 2.455, val: 2.460
       MAPE:  tr: 31410914754297.930, val: 31410914754297.930
  [1930] MSE:   tr: 12.607, val: 12.560
       MAE:   tr: 2.360, val: 2.300
       MAPE:  tr: 29927944151367.746, val: 29927944151367.746
  [1940] MSE:   tr: 12.195, val: 12.637
       MAE:   tr: 2.331, val: 2.338
       MAPE:  tr: 30894406282248.262, val: 30894406282248.262
  [1950] MSE:   tr: 14.123, val: 15.439
       MAE:   tr: 2.649, val: 2.690
       MAPE:  tr: 32822758551322.699, val: 32822758551322.699
  [1960] MSE:   tr: 11.880, val: 12.356
       MAE:   tr: 2.294, val: 2.275
       MAPE:  tr: 30131562108420.160, val: 30131562108420.160
    New Best Model
  [1970] MSE:   tr: 12.252, val: 12.288
       MAE:   tr: 2.355, val: 2.316
       MAPE:  tr: 28584109013991.492, val: 28584109013991.492
  [1980] MSE:   tr: 12.410, val: 13.593
       MAE:   tr: 2.350, val: 2.392
       MAPE:  tr: 30730841042714.691, val: 30730841042714.691
  [1990] MSE:   tr: 12.707, val: 12.348
       MAE:   tr: 2.382, val: 2.292
       MAPE:  tr: 28218974516805.699, val: 28218974516805.699
  [2000] MSE:   tr: 12.259, val: 12.868
       MAE:   tr: 2.342, val: 2.356
       MAPE:  tr: 32262310416351.301, val: 32262310416351.301
  Finished Training
  Neural Network train time: 312.10854601860046
       MAE:   tr: 2.347, val: 2.308
       MAPE:  tr: 30167979136122.945, val: 30167979136122.945
  [1760] MSE:   tr: 12.265, val: 13.174
       MAE:   tr: 2.342, val: 2.350
       MAPE:  tr: 29467841484816.453, val: 29467841484816.453
  [1770] MSE:   tr: 12.429, val: 13.453
       MAE:   tr: 2.350, val: 2.408
       MAPE:  tr: 32570399157911.621, val: 32570399157911.621
  [1780] MSE:   tr: 12.550, val: 12.765
       MAE:   tr: 2.345, val: 2.279
       MAPE:  tr: 29262432526401.602, val: 29262432526401.602
    New Best Model
  [1790] MSE:   tr: 12.429, val: 12.951
       MAE:   tr: 2.353, val: 2.384
       MAPE:  tr: 28854640414031.941, val: 28854640414031.941
  [1800] MSE:   tr: 12.878, val: 13.424
       MAE:   tr: 2.429, val: 2.399
       MAPE:  tr: 28080831188697.156, val: 28080831188697.156
  [1810] MSE:   tr: 12.692, val: 13.244
       MAE:   tr: 2.385, val: 2.359
       MAPE:  tr: 30723215328280.645, val: 30723215328280.645
  [1820] MSE:   tr: 12.623, val: 12.735
       MAE:   tr: 2.379, val: 2.328
       MAPE:  tr: 28097996025495.617, val: 28097996025495.617
  [1830] MSE:   tr: 12.184, val: 12.494
       MAE:   tr: 2.343, val: 2.295
       MAPE:  tr: 30741112457003.074, val: 30741112457003.074
  [1840] MSE:   tr: 12.235, val: 12.709
       MAE:   tr: 2.335, val: 2.318
       MAPE:  tr: 30570140546367.555, val: 30570140546367.555
  [1850] MSE:   tr: 12.725, val: 13.039
       MAE:   tr: 2.430, val: 2.449
       MAPE:  tr: 28504742313328.707, val: 28504742313328.707
  [1860] MSE:   tr: 12.113, val: 12.819
       MAE:   tr: 2.314, val: 2.309
       MAPE:  tr: 28436029279043.648, val: 28436029279043.648
  [1870] MSE:   tr: 12.277, val: 13.213
       MAE:   tr: 2.329, val: 2.358
       MAPE:  tr: 29371606300098.625, val: 29371606300098.625
  [1880] MSE:   tr: 13.162, val: 14.091
       MAE:   tr: 2.438, val: 2.466
       MAPE:  tr: 30842050630910.023, val: 30842050630910.023
  [1890] MSE:   tr: 12.765, val: 12.634
       MAE:   tr: 2.391, val: 2.343
       MAPE:  tr: 29832254427496.512, val: 29832254427496.512
  [1900] MSE:   tr: 12.370, val: 13.555
       MAE:   tr: 2.343, val: 2.371
       MAPE:  tr: 32764076413157.445, val: 32764076413157.445
  [1910] MSE:   tr: 13.235, val: 14.231
       MAE:   tr: 2.498, val: 2.534
       MAPE:  tr: 31564683173429.320, val: 31564683173429.320
  [1920] MSE:   tr: 12.948, val: 13.582
       MAE:   tr: 2.455, val: 2.460
       MAPE:  tr: 31410914754297.930, val: 31410914754297.930
  [1930] MSE:   tr: 12.607, val: 12.560
       MAE:   tr: 2.360, val: 2.300
       MAPE:  tr: 29927944151367.746, val: 29927944151367.746
  [1940] MSE:   tr: 12.195, val: 12.637
       MAE:   tr: 2.331, val: 2.338
       MAPE:  tr: 30894406282248.262, val: 30894406282248.262
  [1950] MSE:   tr: 14.123, val: 15.439
       MAE:   tr: 2.649, val: 2.690
       MAPE:  tr: 32822758551322.699, val: 32822758551322.699
  [1960] MSE:   tr: 11.880, val: 12.356
       MAE:   tr: 2.294, val: 2.275
       MAPE:  tr: 30131562108420.160, val: 30131562108420.160
    New Best Model
  [1970] MSE:   tr: 12.252, val: 12.288
       MAE:   tr: 2.355, val: 2.316
       MAPE:  tr: 28584109013991.492, val: 28584109013991.492
  [1980] MSE:   tr: 12.410, val: 13.593
       MAE:   tr: 2.350, val: 2.392
       MAPE:  tr: 30730841042714.691, val: 30730841042714.691
  [1990] MSE:   tr: 12.707, val: 12.348
       MAE:   tr: 2.382, val: 2.292
       MAPE:  tr: 28218974516805.699, val: 28218974516805.699
  [2000] MSE:   tr: 12.259, val: 12.868
       MAE:   tr: 2.342, val: 2.356
       MAPE:  tr: 32262310416351.301, val: 32262310416351.301
  Finished Training
  Neural Network train time: 312.5125436782837
python -m nsp.scripts.train_model --problem ip_b_E --model_type nn_e --embed_hidden_dim 512 --embed_dim1 128 --embed_dim2 8 --relu_hidden_dim 128 --agg_type mean --lr 0.00433 --dropout 0.04056 --optimizer Adam --batch_size 128 --loss_fn MSELoss --wt_lasso 0.005 --wt_ridge 0.00841 --log_freq 10 --n_epochs 2000 --use_wandb 0 
python -m nsp.scripts.train_model --problem ip_b_E --model_type nn_e --embed_hidden_dim 512 --embed_dim1 128 --embed_dim2 8 --relu_hidden_dim 128 --agg_type mean --lr 0.00433 --dropout 0.04056 --optimizer Adam --batch_size 128 --loss_fn MSELoss --wt_lasso 0.005 --wt_ridge 0.00841 --log_freq 10 --n_epochs 2000 --use_wandb 0 
